OpenROAD v2.0-4194-g9d55eaa0c 
This program is licensed under the BSD-3 license. See the LICENSE file for details.
Components of this program may be licensed under more restrictive licenses which must be honored.
[INFO ODB-0222] Reading LEF file: /home/icpedia/Desktop/OpenLane/designs/fft_dit/runs/assignment/RUN_2025.08.22_00.24.08/tmp/merged.unpadded.nom.lef
[INFO ODB-0223]     Created 13 technology layers
[INFO ODB-0224]     Created 25 technology vias
[INFO ODB-0225]     Created 441 library cells
[INFO ODB-0226] Finished LEF file:  /home/icpedia/Desktop/OpenLane/designs/fft_dit/runs/assignment/RUN_2025.08.22_00.24.08/tmp/merged.unpadded.nom.lef
[INFO ODB-0127] Reading DEF file: /home/icpedia/Desktop/OpenLane/designs/fft_dit/runs/assignment/RUN_2025.08.22_00.24.08/tmp/placement/8-resizer.def
[INFO ODB-0128] Design: fft_dit
[INFO ODB-0130]     Created 534 pins.
[INFO ODB-0131]     Created 15092 components and 78910 component-terminals.
[INFO ODB-0132]     Created 2 special nets and 49882 connections.
[INFO ODB-0133]     Created 9684 nets and 29028 connections.
[INFO ODB-0134] Finished DEF file: /home/icpedia/Desktop/OpenLane/designs/fft_dit/runs/assignment/RUN_2025.08.22_00.24.08/tmp/placement/8-resizer.def
Placement Analysis
---------------------------------
total displacement          0.0 u
average displacement        0.0 u
max displacement            0.0 u
original HPWL          417982.0 u
legalized HPWL         424344.4 u
delta HPWL                    2 %

[INFO DPL-0020] Mirrored 3835 instances
[INFO DPL-0021] HPWL before          424344.4 u
[INFO DPL-0022] HPWL after           417982.4 u
[INFO DPL-0023] HPWL delta               -1.5 %
