
===========================================================================
report_checks -path_delay max (Setup)
============================================================================
Startpoint: rst (input port clocked by clk)
Endpoint: _15666_ (recovery check against rising-edge clock clk)
Path Group: **async_default**
Path Type: max

Fanout     Cap    Slew   Delay    Time   Description
-----------------------------------------------------------------------------
                          0.00    0.00   clock clk (rise edge)
                          0.00    0.00   clock network delay (propagated)
                          5.00    5.00 v input external delay
                  0.01    0.01    5.01 v rst (in)
     1    0.01                           rst (net)
                  0.01    0.00    5.01 v input2/A (sky130_fd_sc_hd__clkbuf_1)
                  0.06    0.11    5.12 v input2/X (sky130_fd_sc_hd__clkbuf_1)
     1    0.01                           net2 (net)
                  0.06    0.00    5.12 v _13916_/A (sky130_fd_sc_hd__buf_6)
                  0.04    0.14    5.26 v _13916_/X (sky130_fd_sc_hd__buf_6)
     2    0.02                           _07352_ (net)
                  0.04    0.00    5.26 v repeater816/A (sky130_fd_sc_hd__buf_6)
                  0.07    0.16    5.42 v repeater816/X (sky130_fd_sc_hd__buf_6)
     6    0.07                           net816 (net)
                  0.07    0.01    5.43 v _14641_/A (sky130_fd_sc_hd__buf_4)
                  0.08    0.22    5.65 v _14641_/X (sky130_fd_sc_hd__buf_4)
    10    0.06                           _01850_ (net)
                  0.08    0.00    5.65 v _14722_/A (sky130_fd_sc_hd__buf_6)
                  0.04    0.15    5.80 v _14722_/X (sky130_fd_sc_hd__buf_6)
     3    0.03                           _01855_ (net)
                  0.04    0.00    5.81 v repeater668/A (sky130_fd_sc_hd__buf_6)
                  0.06    0.15    5.96 v repeater668/X (sky130_fd_sc_hd__buf_6)
     7    0.05                           net668 (net)
                  0.06    0.01    5.96 v repeater666/A (sky130_fd_sc_hd__buf_6)
                  0.07    0.17    6.13 v repeater666/X (sky130_fd_sc_hd__buf_6)
     9    0.07                           net666 (net)
                  0.07    0.01    6.14 v _14739_/A (sky130_fd_sc_hd__inv_2)
                  0.03    0.06    6.20 ^ _14739_/Y (sky130_fd_sc_hd__inv_2)
     1    0.00                           _01436_ (net)
                  0.03    0.00    6.20 ^ _15666_/RESET_B (sky130_fd_sc_hd__dfrtp_1)
                                  6.20   data arrival time

                         25.00   25.00   clock clk (rise edge)
                          0.00   25.00   clock source latency
                  0.22    0.15   25.15 ^ clk (in)
     1    0.05                           clk (net)
                  0.22    0.00   25.15 ^ clkbuf_0_clk/A (sky130_fd_sc_hd__clkbuf_16)
                  0.05    0.18   25.33 ^ clkbuf_0_clk/X (sky130_fd_sc_hd__clkbuf_16)
     2    0.02                           clknet_0_clk (net)
                  0.05    0.00   25.33 ^ clkbuf_1_1_0_clk/A (sky130_fd_sc_hd__clkbuf_8)
                  0.03    0.11   25.44 ^ clkbuf_1_1_0_clk/X (sky130_fd_sc_hd__clkbuf_8)
     1    0.01                           clknet_1_1_0_clk (net)
                  0.03    0.00   25.44 ^ clkbuf_1_1_1_clk/A (sky130_fd_sc_hd__clkbuf_8)
                  0.05    0.12   25.56 ^ clkbuf_1_1_1_clk/X (sky130_fd_sc_hd__clkbuf_8)
     2    0.02                           clknet_1_1_1_clk (net)
                  0.05    0.00   25.56 ^ clkbuf_2_3_0_clk/A (sky130_fd_sc_hd__clkbuf_8)
                  0.05    0.13   25.69 ^ clkbuf_2_3_0_clk/X (sky130_fd_sc_hd__clkbuf_8)
     2    0.02                           clknet_2_3_0_clk (net)
                  0.05    0.00   25.69 ^ clkbuf_3_7_0_clk/A (sky130_fd_sc_hd__clkbuf_8)
                  0.05    0.12   25.81 ^ clkbuf_3_7_0_clk/X (sky130_fd_sc_hd__clkbuf_8)
     2    0.02                           clknet_3_7_0_clk (net)
                  0.05    0.00   25.81 ^ clkbuf_4_15_0_clk/A (sky130_fd_sc_hd__clkbuf_8)
                  0.14    0.19   26.00 ^ clkbuf_4_15_0_clk/X (sky130_fd_sc_hd__clkbuf_8)
     8    0.07                           clknet_4_15_0_clk (net)
                  0.14    0.00   26.00 ^ _15666_/CLK (sky130_fd_sc_hd__dfrtp_1)
                         -0.20   25.80   clock uncertainty
                          0.00   25.80   clock reconvergence pessimism
                          0.26   26.06   library recovery time
                                 26.06   data required time
-----------------------------------------------------------------------------
                                 26.06   data required time
                                 -6.20   data arrival time
-----------------------------------------------------------------------------
                                 19.86   slack (MET)


Startpoint: rst (input port clocked by clk)
Endpoint: _15382_ (recovery check against rising-edge clock clk)
Path Group: **async_default**
Path Type: max

Fanout     Cap    Slew   Delay    Time   Description
-----------------------------------------------------------------------------
                          0.00    0.00   clock clk (rise edge)
                          0.00    0.00   clock network delay (propagated)
                          5.00    5.00 v input external delay
                  0.01    0.01    5.01 v rst (in)
     1    0.01                           rst (net)
                  0.01    0.00    5.01 v input2/A (sky130_fd_sc_hd__clkbuf_1)
                  0.06    0.11    5.12 v input2/X (sky130_fd_sc_hd__clkbuf_1)
     1    0.01                           net2 (net)
                  0.06    0.00    5.12 v _13916_/A (sky130_fd_sc_hd__buf_6)
                  0.04    0.14    5.26 v _13916_/X (sky130_fd_sc_hd__buf_6)
     2    0.02                           _07352_ (net)
                  0.04    0.00    5.26 v repeater816/A (sky130_fd_sc_hd__buf_6)
                  0.07    0.16    5.42 v repeater816/X (sky130_fd_sc_hd__buf_6)
     6    0.07                           net816 (net)
                  0.07    0.01    5.43 v _14239_/A (sky130_fd_sc_hd__buf_8)
                  0.08    0.19    5.62 v _14239_/X (sky130_fd_sc_hd__buf_8)
    10    0.10                           _07371_ (net)
                  0.08    0.01    5.62 v _14420_/A (sky130_fd_sc_hd__buf_6)
                  0.04    0.16    5.78 v _14420_/X (sky130_fd_sc_hd__buf_6)
     4    0.03                           _01838_ (net)
                  0.04    0.00    5.78 v repeater685/A (sky130_fd_sc_hd__buf_6)
                  0.07    0.16    5.94 v repeater685/X (sky130_fd_sc_hd__buf_6)
     9    0.07                           net685 (net)
                  0.07    0.01    5.95 v repeater684/A (sky130_fd_sc_hd__buf_6)
                  0.06    0.17    6.12 v repeater684/X (sky130_fd_sc_hd__buf_6)
     8    0.05                           net684 (net)
                  0.06    0.01    6.12 v _14438_/A (sky130_fd_sc_hd__inv_2)
                  0.03    0.05    6.18 ^ _14438_/Y (sky130_fd_sc_hd__inv_2)
     1    0.00                           _01152_ (net)
                  0.03    0.00    6.18 ^ _15382_/RESET_B (sky130_fd_sc_hd__dfrtp_1)
                                  6.18   data arrival time

                         25.00   25.00   clock clk (rise edge)
                          0.00   25.00   clock source latency
                  0.22    0.15   25.15 ^ clk (in)
     1    0.05                           clk (net)
                  0.22    0.00   25.15 ^ clkbuf_0_clk/A (sky130_fd_sc_hd__clkbuf_16)
                  0.05    0.18   25.33 ^ clkbuf_0_clk/X (sky130_fd_sc_hd__clkbuf_16)
     2    0.02                           clknet_0_clk (net)
                  0.05    0.00   25.33 ^ clkbuf_1_1_0_clk/A (sky130_fd_sc_hd__clkbuf_8)
                  0.03    0.11   25.44 ^ clkbuf_1_1_0_clk/X (sky130_fd_sc_hd__clkbuf_8)
     1    0.01                           clknet_1_1_0_clk (net)
                  0.03    0.00   25.44 ^ clkbuf_1_1_1_clk/A (sky130_fd_sc_hd__clkbuf_8)
                  0.05    0.12   25.56 ^ clkbuf_1_1_1_clk/X (sky130_fd_sc_hd__clkbuf_8)
     2    0.02                           clknet_1_1_1_clk (net)
                  0.05    0.00   25.56 ^ clkbuf_2_3_0_clk/A (sky130_fd_sc_hd__clkbuf_8)
                  0.05    0.13   25.69 ^ clkbuf_2_3_0_clk/X (sky130_fd_sc_hd__clkbuf_8)
     2    0.02                           clknet_2_3_0_clk (net)
                  0.05    0.00   25.69 ^ clkbuf_3_7_0_clk/A (sky130_fd_sc_hd__clkbuf_8)
                  0.05    0.12   25.81 ^ clkbuf_3_7_0_clk/X (sky130_fd_sc_hd__clkbuf_8)
     2    0.02                           clknet_3_7_0_clk (net)
                  0.05    0.00   25.81 ^ clkbuf_4_15_0_clk/A (sky130_fd_sc_hd__clkbuf_8)
                  0.14    0.19   26.00 ^ clkbuf_4_15_0_clk/X (sky130_fd_sc_hd__clkbuf_8)
     8    0.07                           clknet_4_15_0_clk (net)
                  0.14    0.00   26.00 ^ _15382_/CLK (sky130_fd_sc_hd__dfrtp_1)
                         -0.20   25.80   clock uncertainty
                          0.00   25.80   clock reconvergence pessimism
                          0.26   26.06   library recovery time
                                 26.06   data required time
-----------------------------------------------------------------------------
                                 26.06   data required time
                                 -6.18   data arrival time
-----------------------------------------------------------------------------
                                 19.89   slack (MET)


Startpoint: rst (input port clocked by clk)
Endpoint: _15426_ (recovery check against rising-edge clock clk)
Path Group: **async_default**
Path Type: max

Fanout     Cap    Slew   Delay    Time   Description
-----------------------------------------------------------------------------
                          0.00    0.00   clock clk (rise edge)
                          0.00    0.00   clock network delay (propagated)
                          5.00    5.00 v input external delay
                  0.01    0.01    5.01 v rst (in)
     1    0.01                           rst (net)
                  0.01    0.00    5.01 v input2/A (sky130_fd_sc_hd__clkbuf_1)
                  0.06    0.11    5.12 v input2/X (sky130_fd_sc_hd__clkbuf_1)
     1    0.01                           net2 (net)
                  0.06    0.00    5.12 v _13916_/A (sky130_fd_sc_hd__buf_6)
                  0.04    0.14    5.26 v _13916_/X (sky130_fd_sc_hd__buf_6)
     2    0.02                           _07352_ (net)
                  0.04    0.00    5.26 v repeater816/A (sky130_fd_sc_hd__buf_6)
                  0.07    0.16    5.42 v repeater816/X (sky130_fd_sc_hd__buf_6)
     6    0.07                           net816 (net)
                  0.07    0.01    5.43 v _14440_/A (sky130_fd_sc_hd__buf_6)
                  0.08    0.19    5.62 v _14440_/X (sky130_fd_sc_hd__buf_6)
    10    0.08                           _01839_ (net)
                  0.08    0.00    5.62 v _14481_/A (sky130_fd_sc_hd__buf_6)
                  0.04    0.16    5.78 v _14481_/X (sky130_fd_sc_hd__buf_6)
     3    0.03                           _01842_ (net)
                  0.04    0.00    5.78 v repeater683/A (sky130_fd_sc_hd__buf_6)
                  0.06    0.16    5.93 v repeater683/X (sky130_fd_sc_hd__buf_6)
     8    0.06                           net683 (net)
                  0.06    0.01    5.94 v repeater682/A (sky130_fd_sc_hd__buf_6)
                  0.07    0.18    6.12 v repeater682/X (sky130_fd_sc_hd__buf_6)
    10    0.07                           net682 (net)
                  0.07    0.00    6.12 v _14486_/A (sky130_fd_sc_hd__inv_2)
                  0.03    0.06    6.18 ^ _14486_/Y (sky130_fd_sc_hd__inv_2)
     1    0.00                           _01196_ (net)
                  0.03    0.00    6.18 ^ _15426_/RESET_B (sky130_fd_sc_hd__dfrtp_4)
                                  6.18   data arrival time

                         25.00   25.00   clock clk (rise edge)
                          0.00   25.00   clock source latency
                  0.22    0.15   25.15 ^ clk (in)
     1    0.05                           clk (net)
                  0.22    0.00   25.15 ^ clkbuf_0_clk/A (sky130_fd_sc_hd__clkbuf_16)
                  0.05    0.18   25.33 ^ clkbuf_0_clk/X (sky130_fd_sc_hd__clkbuf_16)
     2    0.02                           clknet_0_clk (net)
                  0.05    0.00   25.33 ^ clkbuf_1_0_0_clk/A (sky130_fd_sc_hd__clkbuf_8)
                  0.03    0.11   25.44 ^ clkbuf_1_0_0_clk/X (sky130_fd_sc_hd__clkbuf_8)
     1    0.01                           clknet_1_0_0_clk (net)
                  0.03    0.00   25.44 ^ clkbuf_1_0_1_clk/A (sky130_fd_sc_hd__clkbuf_8)
                  0.05    0.12   25.56 ^ clkbuf_1_0_1_clk/X (sky130_fd_sc_hd__clkbuf_8)
     2    0.02                           clknet_1_0_1_clk (net)
                  0.05    0.00   25.56 ^ clkbuf_2_1_0_clk/A (sky130_fd_sc_hd__clkbuf_8)
                  0.05    0.13   25.69 ^ clkbuf_2_1_0_clk/X (sky130_fd_sc_hd__clkbuf_8)
     2    0.02                           clknet_2_1_0_clk (net)
                  0.05    0.00   25.69 ^ clkbuf_3_2_0_clk/A (sky130_fd_sc_hd__clkbuf_8)
                  0.05    0.12   25.81 ^ clkbuf_3_2_0_clk/X (sky130_fd_sc_hd__clkbuf_8)
     2    0.02                           clknet_3_2_0_clk (net)
                  0.05    0.00   25.81 ^ clkbuf_4_5_0_clk/A (sky130_fd_sc_hd__clkbuf_8)
                  0.10    0.16   25.97 ^ clkbuf_4_5_0_clk/X (sky130_fd_sc_hd__clkbuf_8)
     5    0.05                           clknet_4_5_0_clk (net)
                  0.10    0.00   25.97 ^ clkbuf_leaf_40_clk/A (sky130_fd_sc_hd__clkbuf_16)
                  0.04    0.14   26.11 ^ clkbuf_leaf_40_clk/X (sky130_fd_sc_hd__clkbuf_16)
     6    0.02                           clknet_leaf_40_clk (net)
                  0.04    0.00   26.11 ^ _15426_/CLK (sky130_fd_sc_hd__dfrtp_4)
                         -0.20   25.91   clock uncertainty
                          0.00   25.91   clock reconvergence pessimism
                          0.22   26.13   library recovery time
                                 26.13   data required time
-----------------------------------------------------------------------------
                                 26.13   data required time
                                 -6.18   data arrival time
-----------------------------------------------------------------------------
                                 19.95   slack (MET)


Startpoint: rst (input port clocked by clk)
Endpoint: _15438_ (recovery check against rising-edge clock clk)
Path Group: **async_default**
Path Type: max

Fanout     Cap    Slew   Delay    Time   Description
-----------------------------------------------------------------------------
                          0.00    0.00   clock clk (rise edge)
                          0.00    0.00   clock network delay (propagated)
                          5.00    5.00 v input external delay
                  0.01    0.01    5.01 v rst (in)
     1    0.01                           rst (net)
                  0.01    0.00    5.01 v input2/A (sky130_fd_sc_hd__clkbuf_1)
                  0.06    0.11    5.12 v input2/X (sky130_fd_sc_hd__clkbuf_1)
     1    0.01                           net2 (net)
                  0.06    0.00    5.12 v _13916_/A (sky130_fd_sc_hd__buf_6)
                  0.04    0.14    5.26 v _13916_/X (sky130_fd_sc_hd__buf_6)
     2    0.02                           _07352_ (net)
                  0.04    0.00    5.26 v repeater816/A (sky130_fd_sc_hd__buf_6)
                  0.07    0.16    5.42 v repeater816/X (sky130_fd_sc_hd__buf_6)
     6    0.07                           net816 (net)
                  0.07    0.01    5.43 v _14440_/A (sky130_fd_sc_hd__buf_6)
                  0.08    0.19    5.62 v _14440_/X (sky130_fd_sc_hd__buf_6)
    10    0.08                           _01839_ (net)
                  0.08    0.00    5.62 v _14481_/A (sky130_fd_sc_hd__buf_6)
                  0.04    0.16    5.78 v _14481_/X (sky130_fd_sc_hd__buf_6)
     3    0.03                           _01842_ (net)
                  0.04    0.00    5.78 v repeater683/A (sky130_fd_sc_hd__buf_6)
                  0.06    0.16    5.93 v repeater683/X (sky130_fd_sc_hd__buf_6)
     8    0.06                           net683 (net)
                  0.06    0.01    5.94 v repeater682/A (sky130_fd_sc_hd__buf_6)
                  0.07    0.18    6.12 v repeater682/X (sky130_fd_sc_hd__buf_6)
    10    0.07                           net682 (net)
                  0.07    0.00    6.12 v _14498_/A (sky130_fd_sc_hd__inv_2)
                  0.03    0.06    6.18 ^ _14498_/Y (sky130_fd_sc_hd__inv_2)
     1    0.00                           _01208_ (net)
                  0.03    0.00    6.18 ^ _15438_/RESET_B (sky130_fd_sc_hd__dfrtp_4)
                                  6.18   data arrival time

                         25.00   25.00   clock clk (rise edge)
                          0.00   25.00   clock source latency
                  0.22    0.15   25.15 ^ clk (in)
     1    0.05                           clk (net)
                  0.22    0.00   25.15 ^ clkbuf_0_clk/A (sky130_fd_sc_hd__clkbuf_16)
                  0.05    0.18   25.33 ^ clkbuf_0_clk/X (sky130_fd_sc_hd__clkbuf_16)
     2    0.02                           clknet_0_clk (net)
                  0.05    0.00   25.33 ^ clkbuf_1_0_0_clk/A (sky130_fd_sc_hd__clkbuf_8)
                  0.03    0.11   25.44 ^ clkbuf_1_0_0_clk/X (sky130_fd_sc_hd__clkbuf_8)
     1    0.01                           clknet_1_0_0_clk (net)
                  0.03    0.00   25.44 ^ clkbuf_1_0_1_clk/A (sky130_fd_sc_hd__clkbuf_8)
                  0.05    0.12   25.56 ^ clkbuf_1_0_1_clk/X (sky130_fd_sc_hd__clkbuf_8)
     2    0.02                           clknet_1_0_1_clk (net)
                  0.05    0.00   25.56 ^ clkbuf_2_1_0_clk/A (sky130_fd_sc_hd__clkbuf_8)
                  0.05    0.13   25.69 ^ clkbuf_2_1_0_clk/X (sky130_fd_sc_hd__clkbuf_8)
     2    0.02                           clknet_2_1_0_clk (net)
                  0.05    0.00   25.69 ^ clkbuf_3_2_0_clk/A (sky130_fd_sc_hd__clkbuf_8)
                  0.05    0.12   25.81 ^ clkbuf_3_2_0_clk/X (sky130_fd_sc_hd__clkbuf_8)
     2    0.02                           clknet_3_2_0_clk (net)
                  0.05    0.00   25.81 ^ clkbuf_4_5_0_clk/A (sky130_fd_sc_hd__clkbuf_8)
                  0.10    0.16   25.97 ^ clkbuf_4_5_0_clk/X (sky130_fd_sc_hd__clkbuf_8)
     5    0.05                           clknet_4_5_0_clk (net)
                  0.10    0.00   25.97 ^ clkbuf_leaf_40_clk/A (sky130_fd_sc_hd__clkbuf_16)
                  0.04    0.14   26.11 ^ clkbuf_leaf_40_clk/X (sky130_fd_sc_hd__clkbuf_16)
     6    0.02                           clknet_leaf_40_clk (net)
                  0.04    0.00   26.11 ^ _15438_/CLK (sky130_fd_sc_hd__dfrtp_4)
                         -0.20   25.91   clock uncertainty
                          0.00   25.91   clock reconvergence pessimism
                          0.22   26.13   library recovery time
                                 26.13   data required time
-----------------------------------------------------------------------------
                                 26.13   data required time
                                 -6.18   data arrival time
-----------------------------------------------------------------------------
                                 19.95   slack (MET)


Startpoint: rst (input port clocked by clk)
Endpoint: _15431_ (recovery check against rising-edge clock clk)
Path Group: **async_default**
Path Type: max

Fanout     Cap    Slew   Delay    Time   Description
-----------------------------------------------------------------------------
                          0.00    0.00   clock clk (rise edge)
                          0.00    0.00   clock network delay (propagated)
                          5.00    5.00 v input external delay
                  0.01    0.01    5.01 v rst (in)
     1    0.01                           rst (net)
                  0.01    0.00    5.01 v input2/A (sky130_fd_sc_hd__clkbuf_1)
                  0.06    0.11    5.12 v input2/X (sky130_fd_sc_hd__clkbuf_1)
     1    0.01                           net2 (net)
                  0.06    0.00    5.12 v _13916_/A (sky130_fd_sc_hd__buf_6)
                  0.04    0.14    5.26 v _13916_/X (sky130_fd_sc_hd__buf_6)
     2    0.02                           _07352_ (net)
                  0.04    0.00    5.26 v repeater816/A (sky130_fd_sc_hd__buf_6)
                  0.07    0.16    5.42 v repeater816/X (sky130_fd_sc_hd__buf_6)
     6    0.07                           net816 (net)
                  0.07    0.01    5.43 v _14440_/A (sky130_fd_sc_hd__buf_6)
                  0.08    0.19    5.62 v _14440_/X (sky130_fd_sc_hd__buf_6)
    10    0.08                           _01839_ (net)
                  0.08    0.00    5.62 v _14481_/A (sky130_fd_sc_hd__buf_6)
                  0.04    0.16    5.78 v _14481_/X (sky130_fd_sc_hd__buf_6)
     3    0.03                           _01842_ (net)
                  0.04    0.00    5.78 v repeater683/A (sky130_fd_sc_hd__buf_6)
                  0.06    0.16    5.93 v repeater683/X (sky130_fd_sc_hd__buf_6)
     8    0.06                           net683 (net)
                  0.06    0.01    5.94 v repeater682/A (sky130_fd_sc_hd__buf_6)
                  0.07    0.18    6.12 v repeater682/X (sky130_fd_sc_hd__buf_6)
    10    0.07                           net682 (net)
                  0.07    0.00    6.12 v _14491_/A (sky130_fd_sc_hd__inv_2)
                  0.03    0.06    6.18 ^ _14491_/Y (sky130_fd_sc_hd__inv_2)
     1    0.00                           _01201_ (net)
                  0.03    0.00    6.18 ^ _15431_/RESET_B (sky130_fd_sc_hd__dfrtp_2)
                                  6.18   data arrival time

                         25.00   25.00   clock clk (rise edge)
                          0.00   25.00   clock source latency
                  0.22    0.15   25.15 ^ clk (in)
     1    0.05                           clk (net)
                  0.22    0.00   25.15 ^ clkbuf_0_clk/A (sky130_fd_sc_hd__clkbuf_16)
                  0.05    0.18   25.33 ^ clkbuf_0_clk/X (sky130_fd_sc_hd__clkbuf_16)
     2    0.02                           clknet_0_clk (net)
                  0.05    0.00   25.33 ^ clkbuf_1_0_0_clk/A (sky130_fd_sc_hd__clkbuf_8)
                  0.03    0.11   25.44 ^ clkbuf_1_0_0_clk/X (sky130_fd_sc_hd__clkbuf_8)
     1    0.01                           clknet_1_0_0_clk (net)
                  0.03    0.00   25.44 ^ clkbuf_1_0_1_clk/A (sky130_fd_sc_hd__clkbuf_8)
                  0.05    0.12   25.56 ^ clkbuf_1_0_1_clk/X (sky130_fd_sc_hd__clkbuf_8)
     2    0.02                           clknet_1_0_1_clk (net)
                  0.05    0.00   25.56 ^ clkbuf_2_1_0_clk/A (sky130_fd_sc_hd__clkbuf_8)
                  0.05    0.13   25.69 ^ clkbuf_2_1_0_clk/X (sky130_fd_sc_hd__clkbuf_8)
     2    0.02                           clknet_2_1_0_clk (net)
                  0.05    0.00   25.69 ^ clkbuf_3_2_0_clk/A (sky130_fd_sc_hd__clkbuf_8)
                  0.05    0.12   25.81 ^ clkbuf_3_2_0_clk/X (sky130_fd_sc_hd__clkbuf_8)
     2    0.02                           clknet_3_2_0_clk (net)
                  0.05    0.00   25.81 ^ clkbuf_4_5_0_clk/A (sky130_fd_sc_hd__clkbuf_8)
                  0.10    0.16   25.97 ^ clkbuf_4_5_0_clk/X (sky130_fd_sc_hd__clkbuf_8)
     5    0.05                           clknet_4_5_0_clk (net)
                  0.10    0.00   25.97 ^ clkbuf_leaf_40_clk/A (sky130_fd_sc_hd__clkbuf_16)
                  0.04    0.14   26.11 ^ clkbuf_leaf_40_clk/X (sky130_fd_sc_hd__clkbuf_16)
     6    0.02                           clknet_leaf_40_clk (net)
                  0.04    0.00   26.11 ^ _15431_/CLK (sky130_fd_sc_hd__dfrtp_2)
                         -0.20   25.91   clock uncertainty
                          0.00   25.91   clock reconvergence pessimism
                          0.22   26.13   library recovery time
                                 26.13   data required time
-----------------------------------------------------------------------------
                                 26.13   data required time
                                 -6.18   data arrival time
-----------------------------------------------------------------------------
                                 19.96   slack (MET)


Startpoint: _15710_ (rising edge-triggered flip-flop clocked by clk)
Endpoint: y_r_4[16] (output port clocked by clk)
Path Group: clk
Path Type: max

Fanout     Cap    Slew   Delay    Time   Description
-----------------------------------------------------------------------------
                          0.00    0.00   clock clk (rise edge)
                          0.00    0.00   clock source latency
                  0.22    0.17    0.17 ^ clk (in)
     1    0.05                           clk (net)
                  0.22    0.00    0.17 ^ clkbuf_0_clk/A (sky130_fd_sc_hd__clkbuf_16)
                  0.05    0.20    0.36 ^ clkbuf_0_clk/X (sky130_fd_sc_hd__clkbuf_16)
     2    0.02                           clknet_0_clk (net)
                  0.05    0.00    0.36 ^ clkbuf_1_0_0_clk/A (sky130_fd_sc_hd__clkbuf_8)
                  0.03    0.12    0.48 ^ clkbuf_1_0_0_clk/X (sky130_fd_sc_hd__clkbuf_8)
     1    0.01                           clknet_1_0_0_clk (net)
                  0.03    0.00    0.48 ^ clkbuf_1_0_1_clk/A (sky130_fd_sc_hd__clkbuf_8)
                  0.05    0.14    0.62 ^ clkbuf_1_0_1_clk/X (sky130_fd_sc_hd__clkbuf_8)
     2    0.02                           clknet_1_0_1_clk (net)
                  0.05    0.00    0.62 ^ clkbuf_2_1_0_clk/A (sky130_fd_sc_hd__clkbuf_8)
                  0.05    0.14    0.76 ^ clkbuf_2_1_0_clk/X (sky130_fd_sc_hd__clkbuf_8)
     2    0.02                           clknet_2_1_0_clk (net)
                  0.05    0.00    0.76 ^ clkbuf_3_3_0_clk/A (sky130_fd_sc_hd__clkbuf_8)
                  0.05    0.13    0.89 ^ clkbuf_3_3_0_clk/X (sky130_fd_sc_hd__clkbuf_8)
     2    0.02                           clknet_3_3_0_clk (net)
                  0.05    0.00    0.89 ^ clkbuf_4_6_0_clk/A (sky130_fd_sc_hd__clkbuf_8)
                  0.19    0.25    1.14 ^ clkbuf_4_6_0_clk/X (sky130_fd_sc_hd__clkbuf_8)
    10    0.11                           clknet_4_6_0_clk (net)
                  0.19    0.00    1.14 ^ clkbuf_leaf_55_clk/A (sky130_fd_sc_hd__clkbuf_16)
                  0.05    0.19    1.33 ^ clkbuf_leaf_55_clk/X (sky130_fd_sc_hd__clkbuf_16)
     7    0.02                           clknet_leaf_55_clk (net)
                  0.05    0.00    1.33 ^ _15710_/CLK (sky130_fd_sc_hd__dfrtp_1)
                  0.08    0.42    1.75 v _15710_/Q (sky130_fd_sc_hd__dfrtp_1)
     3    0.01                           stg3_r_0[1] (net)
                  0.08    0.00    1.75 v _10718_/B_N (sky130_fd_sc_hd__or2b_1)
                  0.09    0.21    1.97 ^ _10718_/X (sky130_fd_sc_hd__or2b_1)
     3    0.01                           _04490_ (net)
                  0.09    0.00    1.97 ^ _10720_/A (sky130_fd_sc_hd__nand2_1)
                  0.09    0.11    2.08 v _10720_/Y (sky130_fd_sc_hd__nand2_1)
     4    0.01                           _04492_ (net)
                  0.09    0.00    2.08 v _11249_/B1 (sky130_fd_sc_hd__a21o_1)
                  0.06    0.21    2.28 v _11249_/X (sky130_fd_sc_hd__a21o_1)
     3    0.01                           _04909_ (net)
                  0.06    0.00    2.28 v _11252_/A2 (sky130_fd_sc_hd__a21oi_1)
                  0.23    0.25    2.54 ^ _11252_/Y (sky130_fd_sc_hd__a21oi_1)
     2    0.01                           _04911_ (net)
                  0.23    0.00    2.54 ^ _11255_/B1 (sky130_fd_sc_hd__a21o_1)
                  0.18    0.23    2.76 ^ _11255_/X (sky130_fd_sc_hd__a21o_1)
     2    0.02                           _04913_ (net)
                  0.18    0.00    2.77 ^ _11257_/B (sky130_fd_sc_hd__nand2_1)
                  0.07    0.11    2.88 v _11257_/Y (sky130_fd_sc_hd__nand2_1)
     2    0.01                           _04914_ (net)
                  0.07    0.00    2.88 v _11260_/A1 (sky130_fd_sc_hd__a21oi_1)
                  0.18    0.20    3.07 ^ _11260_/Y (sky130_fd_sc_hd__a21oi_1)
     2    0.01                           _04917_ (net)
                  0.18    0.00    3.07 ^ _11263_/B1 (sky130_fd_sc_hd__a21o_1)
                  0.19    0.23    3.30 ^ _11263_/X (sky130_fd_sc_hd__a21o_1)
     2    0.02                           _04919_ (net)
                  0.19    0.00    3.30 ^ _11265_/B (sky130_fd_sc_hd__nand2_1)
                  0.07    0.11    3.41 v _11265_/Y (sky130_fd_sc_hd__nand2_1)
     2    0.01                           _04920_ (net)
                  0.07    0.00    3.42 v _11268_/A1 (sky130_fd_sc_hd__a21oi_1)
                  0.24    0.24    3.65 ^ _11268_/Y (sky130_fd_sc_hd__a21oi_1)
     2    0.01                           _04923_ (net)
                  0.24    0.00    3.65 ^ _11271_/B1 (sky130_fd_sc_hd__a21o_1)
                  0.18    0.23    3.88 ^ _11271_/X (sky130_fd_sc_hd__a21o_1)
     2    0.02                           _04925_ (net)
                  0.18    0.00    3.88 ^ _11273_/B (sky130_fd_sc_hd__nand2_1)
                  0.07    0.11    3.98 v _11273_/Y (sky130_fd_sc_hd__nand2_1)
     2    0.01                           _04926_ (net)
                  0.07    0.00    3.98 v _11276_/A1 (sky130_fd_sc_hd__a21oi_1)
                  0.19    0.20    4.18 ^ _11276_/Y (sky130_fd_sc_hd__a21oi_1)
     2    0.01                           _04929_ (net)
                  0.19    0.00    4.18 ^ _11279_/B1 (sky130_fd_sc_hd__a21o_1)
                  0.18    0.22    4.40 ^ _11279_/X (sky130_fd_sc_hd__a21o_1)
     2    0.02                           _04931_ (net)
                  0.18    0.00    4.40 ^ _11281_/B (sky130_fd_sc_hd__nand2_1)
                  0.07    0.11    4.51 v _11281_/Y (sky130_fd_sc_hd__nand2_1)
     2    0.01                           _04932_ (net)
                  0.07    0.00    4.51 v _11284_/A1 (sky130_fd_sc_hd__a21o_1)
                  0.06    0.20    4.71 v _11284_/X (sky130_fd_sc_hd__a21o_1)
     3    0.01                           _04935_ (net)
                  0.06    0.00    4.71 v _11288_/A2 (sky130_fd_sc_hd__a21oi_1)
                  0.22    0.24    4.95 ^ _11288_/Y (sky130_fd_sc_hd__a21oi_1)
     2    0.01                           _04938_ (net)
                  0.22    0.00    4.95 ^ _11291_/B1 (sky130_fd_sc_hd__a21o_1)
                  0.12    0.18    5.14 ^ _11291_/X (sky130_fd_sc_hd__a21o_1)
     2    0.01                           _04940_ (net)
                  0.12    0.00    5.14 ^ _11293_/A2 (sky130_fd_sc_hd__a21o_1)
                  0.09    0.17    5.31 ^ _11293_/X (sky130_fd_sc_hd__a21o_1)
     2    0.01                           _04941_ (net)
                  0.09    0.00    5.31 ^ _11295_/A2 (sky130_fd_sc_hd__a21o_1)
                  0.18    0.23    5.54 ^ _11295_/X (sky130_fd_sc_hd__a21o_1)
     2    0.02                           _04942_ (net)
                  0.18    0.00    5.54 ^ _11297_/A2 (sky130_fd_sc_hd__a21o_1)
                  0.09    0.19    5.73 ^ _11297_/X (sky130_fd_sc_hd__a21o_1)
     2    0.01                           _04943_ (net)
                  0.09    0.00    5.73 ^ _11299_/A2 (sky130_fd_sc_hd__a21oi_1)
                  0.12    0.11    5.84 v _11299_/Y (sky130_fd_sc_hd__a21oi_1)
     1    0.01                           _04944_ (net)
                  0.12    0.00    5.84 v _11300_/B (sky130_fd_sc_hd__xnor2_2)
                  0.27    0.28    6.12 ^ _11300_/Y (sky130_fd_sc_hd__xnor2_2)
     1    0.02                           net471 (net)
                  0.27    0.00    6.13 ^ output471/A (sky130_fd_sc_hd__buf_2)
                  0.18    0.29    6.41 ^ output471/X (sky130_fd_sc_hd__buf_2)
     1    0.03                           y_r_4[16] (net)
                  0.18    0.00    6.42 ^ y_r_4[16] (out)
                                  6.42   data arrival time

                         25.00   25.00   clock clk (rise edge)
                          0.00   25.00   clock network delay (propagated)
                         -0.20   24.80   clock uncertainty
                          0.00   24.80   clock reconvergence pessimism
                         -5.00   19.80   output external delay
                                 19.80   data required time
-----------------------------------------------------------------------------
                                 19.80   data required time
                                 -6.42   data arrival time
-----------------------------------------------------------------------------
                                 13.38   slack (MET)


Startpoint: _15710_ (rising edge-triggered flip-flop clocked by clk)
Endpoint: y_r_4[15] (output port clocked by clk)
Path Group: clk
Path Type: max

Fanout     Cap    Slew   Delay    Time   Description
-----------------------------------------------------------------------------
                          0.00    0.00   clock clk (rise edge)
                          0.00    0.00   clock source latency
                  0.22    0.17    0.17 ^ clk (in)
     1    0.05                           clk (net)
                  0.22    0.00    0.17 ^ clkbuf_0_clk/A (sky130_fd_sc_hd__clkbuf_16)
                  0.05    0.20    0.36 ^ clkbuf_0_clk/X (sky130_fd_sc_hd__clkbuf_16)
     2    0.02                           clknet_0_clk (net)
                  0.05    0.00    0.36 ^ clkbuf_1_0_0_clk/A (sky130_fd_sc_hd__clkbuf_8)
                  0.03    0.12    0.48 ^ clkbuf_1_0_0_clk/X (sky130_fd_sc_hd__clkbuf_8)
     1    0.01                           clknet_1_0_0_clk (net)
                  0.03    0.00    0.48 ^ clkbuf_1_0_1_clk/A (sky130_fd_sc_hd__clkbuf_8)
                  0.05    0.14    0.62 ^ clkbuf_1_0_1_clk/X (sky130_fd_sc_hd__clkbuf_8)
     2    0.02                           clknet_1_0_1_clk (net)
                  0.05    0.00    0.62 ^ clkbuf_2_1_0_clk/A (sky130_fd_sc_hd__clkbuf_8)
                  0.05    0.14    0.76 ^ clkbuf_2_1_0_clk/X (sky130_fd_sc_hd__clkbuf_8)
     2    0.02                           clknet_2_1_0_clk (net)
                  0.05    0.00    0.76 ^ clkbuf_3_3_0_clk/A (sky130_fd_sc_hd__clkbuf_8)
                  0.05    0.13    0.89 ^ clkbuf_3_3_0_clk/X (sky130_fd_sc_hd__clkbuf_8)
     2    0.02                           clknet_3_3_0_clk (net)
                  0.05    0.00    0.89 ^ clkbuf_4_6_0_clk/A (sky130_fd_sc_hd__clkbuf_8)
                  0.19    0.25    1.14 ^ clkbuf_4_6_0_clk/X (sky130_fd_sc_hd__clkbuf_8)
    10    0.11                           clknet_4_6_0_clk (net)
                  0.19    0.00    1.14 ^ clkbuf_leaf_55_clk/A (sky130_fd_sc_hd__clkbuf_16)
                  0.05    0.19    1.33 ^ clkbuf_leaf_55_clk/X (sky130_fd_sc_hd__clkbuf_16)
     7    0.02                           clknet_leaf_55_clk (net)
                  0.05    0.00    1.33 ^ _15710_/CLK (sky130_fd_sc_hd__dfrtp_1)
                  0.08    0.42    1.75 v _15710_/Q (sky130_fd_sc_hd__dfrtp_1)
     3    0.01                           stg3_r_0[1] (net)
                  0.08    0.00    1.75 v _10718_/B_N (sky130_fd_sc_hd__or2b_1)
                  0.09    0.21    1.97 ^ _10718_/X (sky130_fd_sc_hd__or2b_1)
     3    0.01                           _04490_ (net)
                  0.09    0.00    1.97 ^ _10720_/A (sky130_fd_sc_hd__nand2_1)
                  0.09    0.11    2.08 v _10720_/Y (sky130_fd_sc_hd__nand2_1)
     4    0.01                           _04492_ (net)
                  0.09    0.00    2.08 v _11249_/B1 (sky130_fd_sc_hd__a21o_1)
                  0.06    0.21    2.28 v _11249_/X (sky130_fd_sc_hd__a21o_1)
     3    0.01                           _04909_ (net)
                  0.06    0.00    2.28 v _11252_/A2 (sky130_fd_sc_hd__a21oi_1)
                  0.23    0.25    2.54 ^ _11252_/Y (sky130_fd_sc_hd__a21oi_1)
     2    0.01                           _04911_ (net)
                  0.23    0.00    2.54 ^ _11255_/B1 (sky130_fd_sc_hd__a21o_1)
                  0.18    0.23    2.76 ^ _11255_/X (sky130_fd_sc_hd__a21o_1)
     2    0.02                           _04913_ (net)
                  0.18    0.00    2.77 ^ _11257_/B (sky130_fd_sc_hd__nand2_1)
                  0.07    0.11    2.88 v _11257_/Y (sky130_fd_sc_hd__nand2_1)
     2    0.01                           _04914_ (net)
                  0.07    0.00    2.88 v _11260_/A1 (sky130_fd_sc_hd__a21oi_1)
                  0.18    0.20    3.07 ^ _11260_/Y (sky130_fd_sc_hd__a21oi_1)
     2    0.01                           _04917_ (net)
                  0.18    0.00    3.07 ^ _11263_/B1 (sky130_fd_sc_hd__a21o_1)
                  0.19    0.23    3.30 ^ _11263_/X (sky130_fd_sc_hd__a21o_1)
     2    0.02                           _04919_ (net)
                  0.19    0.00    3.30 ^ _11265_/B (sky130_fd_sc_hd__nand2_1)
                  0.07    0.11    3.41 v _11265_/Y (sky130_fd_sc_hd__nand2_1)
     2    0.01                           _04920_ (net)
                  0.07    0.00    3.42 v _11268_/A1 (sky130_fd_sc_hd__a21oi_1)
                  0.24    0.24    3.65 ^ _11268_/Y (sky130_fd_sc_hd__a21oi_1)
     2    0.01                           _04923_ (net)
                  0.24    0.00    3.65 ^ _11271_/B1 (sky130_fd_sc_hd__a21o_1)
                  0.18    0.23    3.88 ^ _11271_/X (sky130_fd_sc_hd__a21o_1)
     2    0.02                           _04925_ (net)
                  0.18    0.00    3.88 ^ _11273_/B (sky130_fd_sc_hd__nand2_1)
                  0.07    0.11    3.98 v _11273_/Y (sky130_fd_sc_hd__nand2_1)
     2    0.01                           _04926_ (net)
                  0.07    0.00    3.98 v _11276_/A1 (sky130_fd_sc_hd__a21oi_1)
                  0.19    0.20    4.18 ^ _11276_/Y (sky130_fd_sc_hd__a21oi_1)
     2    0.01                           _04929_ (net)
                  0.19    0.00    4.18 ^ _11279_/B1 (sky130_fd_sc_hd__a21o_1)
                  0.18    0.22    4.40 ^ _11279_/X (sky130_fd_sc_hd__a21o_1)
     2    0.02                           _04931_ (net)
                  0.18    0.00    4.40 ^ _11281_/B (sky130_fd_sc_hd__nand2_1)
                  0.07    0.11    4.51 v _11281_/Y (sky130_fd_sc_hd__nand2_1)
     2    0.01                           _04932_ (net)
                  0.07    0.00    4.51 v _11284_/A1 (sky130_fd_sc_hd__a21o_1)
                  0.06    0.20    4.71 v _11284_/X (sky130_fd_sc_hd__a21o_1)
     3    0.01                           _04935_ (net)
                  0.06    0.00    4.71 v _11288_/A2 (sky130_fd_sc_hd__a21oi_1)
                  0.22    0.24    4.95 ^ _11288_/Y (sky130_fd_sc_hd__a21oi_1)
     2    0.01                           _04938_ (net)
                  0.22    0.00    4.95 ^ _11291_/B1 (sky130_fd_sc_hd__a21o_1)
                  0.12    0.18    5.14 ^ _11291_/X (sky130_fd_sc_hd__a21o_1)
     2    0.01                           _04940_ (net)
                  0.12    0.00    5.14 ^ _11293_/A2 (sky130_fd_sc_hd__a21o_1)
                  0.09    0.17    5.31 ^ _11293_/X (sky130_fd_sc_hd__a21o_1)
     2    0.01                           _04941_ (net)
                  0.09    0.00    5.31 ^ _11295_/A2 (sky130_fd_sc_hd__a21o_1)
                  0.18    0.23    5.54 ^ _11295_/X (sky130_fd_sc_hd__a21o_1)
     2    0.02                           _04942_ (net)
                  0.18    0.00    5.54 ^ _11297_/A2 (sky130_fd_sc_hd__a21o_1)
                  0.09    0.19    5.73 ^ _11297_/X (sky130_fd_sc_hd__a21o_1)
     2    0.01                           _04943_ (net)
                  0.09    0.00    5.73 ^ _11298_/B (sky130_fd_sc_hd__xor2_1)
                  0.17    0.20    5.93 ^ _11298_/X (sky130_fd_sc_hd__xor2_1)
     1    0.01                           net470 (net)
                  0.17    0.00    5.93 ^ repeater538/A (sky130_fd_sc_hd__clkbuf_2)
                  0.14    0.22    6.15 ^ repeater538/X (sky130_fd_sc_hd__clkbuf_2)
     1    0.02                           net538 (net)
                  0.14    0.00    6.16 ^ output470/A (sky130_fd_sc_hd__buf_2)
                  0.18    0.25    6.41 ^ output470/X (sky130_fd_sc_hd__buf_2)
     1    0.03                           y_r_4[15] (net)
                  0.18    0.00    6.41 ^ y_r_4[15] (out)
                                  6.41   data arrival time

                         25.00   25.00   clock clk (rise edge)
                          0.00   25.00   clock network delay (propagated)
                         -0.20   24.80   clock uncertainty
                          0.00   24.80   clock reconvergence pessimism
                         -5.00   19.80   output external delay
                                 19.80   data required time
-----------------------------------------------------------------------------
                                 19.80   data required time
                                 -6.41   data arrival time
-----------------------------------------------------------------------------
                                 13.39   slack (MET)


Startpoint: _14955_ (rising edge-triggered flip-flop clocked by clk)
Endpoint: y_i_2[16] (output port clocked by clk)
Path Group: clk
Path Type: max

Fanout     Cap    Slew   Delay    Time   Description
-----------------------------------------------------------------------------
                          0.00    0.00   clock clk (rise edge)
                          0.00    0.00   clock source latency
                  0.22    0.17    0.17 ^ clk (in)
     1    0.05                           clk (net)
                  0.22    0.00    0.17 ^ clkbuf_0_clk/A (sky130_fd_sc_hd__clkbuf_16)
                  0.05    0.20    0.36 ^ clkbuf_0_clk/X (sky130_fd_sc_hd__clkbuf_16)
     2    0.02                           clknet_0_clk (net)
                  0.05    0.00    0.36 ^ clkbuf_1_0_0_clk/A (sky130_fd_sc_hd__clkbuf_8)
                  0.03    0.12    0.48 ^ clkbuf_1_0_0_clk/X (sky130_fd_sc_hd__clkbuf_8)
     1    0.01                           clknet_1_0_0_clk (net)
                  0.03    0.00    0.48 ^ clkbuf_1_0_1_clk/A (sky130_fd_sc_hd__clkbuf_8)
                  0.05    0.14    0.62 ^ clkbuf_1_0_1_clk/X (sky130_fd_sc_hd__clkbuf_8)
     2    0.02                           clknet_1_0_1_clk (net)
                  0.05    0.00    0.62 ^ clkbuf_2_1_0_clk/A (sky130_fd_sc_hd__clkbuf_8)
                  0.05    0.14    0.76 ^ clkbuf_2_1_0_clk/X (sky130_fd_sc_hd__clkbuf_8)
     2    0.02                           clknet_2_1_0_clk (net)
                  0.05    0.00    0.76 ^ clkbuf_3_3_0_clk/A (sky130_fd_sc_hd__clkbuf_8)
                  0.05    0.13    0.89 ^ clkbuf_3_3_0_clk/X (sky130_fd_sc_hd__clkbuf_8)
     2    0.02                           clknet_3_3_0_clk (net)
                  0.05    0.00    0.89 ^ clkbuf_4_6_0_clk/A (sky130_fd_sc_hd__clkbuf_8)
                  0.19    0.25    1.14 ^ clkbuf_4_6_0_clk/X (sky130_fd_sc_hd__clkbuf_8)
    10    0.11                           clknet_4_6_0_clk (net)
                  0.19    0.00    1.14 ^ clkbuf_leaf_20_clk/A (sky130_fd_sc_hd__clkbuf_16)
                  0.04    0.18    1.32 ^ clkbuf_leaf_20_clk/X (sky130_fd_sc_hd__clkbuf_16)
     4    0.01                           clknet_leaf_20_clk (net)
                  0.04    0.00    1.32 ^ _14955_/CLK (sky130_fd_sc_hd__dfrtp_1)
                  0.06    0.39    1.71 v _14955_/Q (sky130_fd_sc_hd__dfrtp_1)
     3    0.01                           stg3_i_2[1] (net)
                  0.06    0.00    1.71 v _10857_/B_N (sky130_fd_sc_hd__or2b_1)
                  0.09    0.20    1.91 ^ _10857_/X (sky130_fd_sc_hd__or2b_1)
     3    0.01                           _04597_ (net)
                  0.09    0.00    1.91 ^ _10859_/A (sky130_fd_sc_hd__nand2_1)
                  0.10    0.12    2.03 v _10859_/Y (sky130_fd_sc_hd__nand2_1)
     3    0.01                           _04599_ (net)
                  0.10    0.00    2.03 v _10862_/B1 (sky130_fd_sc_hd__a21o_1)
                  0.06    0.21    2.24 v _10862_/X (sky130_fd_sc_hd__a21o_1)
     3    0.01                           _04602_ (net)
                  0.06    0.00    2.24 v _10868_/A2 (sky130_fd_sc_hd__a21oi_1)
                  0.21    0.23    2.47 ^ _10868_/Y (sky130_fd_sc_hd__a21oi_1)
     2    0.01                           _04607_ (net)
                  0.21    0.00    2.47 ^ _10874_/B1 (sky130_fd_sc_hd__a21o_1)
                  0.09    0.16    2.63 ^ _10874_/X (sky130_fd_sc_hd__a21o_1)
     2    0.01                           _04612_ (net)
                  0.09    0.00    2.63 ^ _10876_/B (sky130_fd_sc_hd__nand2_1)
                  0.06    0.08    2.71 v _10876_/Y (sky130_fd_sc_hd__nand2_1)
     2    0.01                           _04613_ (net)
                  0.06    0.00    2.71 v _10882_/A1 (sky130_fd_sc_hd__a21oi_1)
                  0.23    0.23    2.94 ^ _10882_/Y (sky130_fd_sc_hd__a21oi_1)
     2    0.01                           _04619_ (net)
                  0.23    0.00    2.94 ^ _10888_/B1 (sky130_fd_sc_hd__a21o_1)
                  0.19    0.24    3.17 ^ _10888_/X (sky130_fd_sc_hd__a21o_1)
     2    0.02                           _04624_ (net)
                  0.19    0.00    3.17 ^ _10890_/B (sky130_fd_sc_hd__nand2_1)
                  0.07    0.11    3.29 v _10890_/Y (sky130_fd_sc_hd__nand2_1)
     2    0.01                           _04625_ (net)
                  0.07    0.00    3.29 v _10896_/A1 (sky130_fd_sc_hd__a21oi_1)
                  0.23    0.24    3.52 ^ _10896_/Y (sky130_fd_sc_hd__a21oi_1)
     3    0.01                           _04631_ (net)
                  0.23    0.00    3.52 ^ _10903_/A1 (sky130_fd_sc_hd__o21ai_1)
                  0.11    0.16    3.69 v _10903_/Y (sky130_fd_sc_hd__o21ai_1)
     3    0.01                           _04637_ (net)
                  0.11    0.00    3.69 v _10911_/A1 (sky130_fd_sc_hd__a21oi_1)
                  0.20    0.22    3.91 ^ _10911_/Y (sky130_fd_sc_hd__a21oi_1)
     2    0.01                           _04644_ (net)
                  0.20    0.00    3.91 ^ _10917_/B1 (sky130_fd_sc_hd__a21o_2)
                  0.13    0.21    4.11 ^ _10917_/X (sky130_fd_sc_hd__a21o_2)
     2    0.02                           _04649_ (net)
                  0.13    0.00    4.12 ^ _10919_/B (sky130_fd_sc_hd__nand2_1)
                  0.07    0.10    4.21 v _10919_/Y (sky130_fd_sc_hd__nand2_1)
     2    0.01                           _04650_ (net)
                  0.07    0.00    4.21 v _10925_/A1 (sky130_fd_sc_hd__a21o_1)
                  0.06    0.19    4.40 v _10925_/X (sky130_fd_sc_hd__a21o_1)
     3    0.01                           _04656_ (net)
                  0.06    0.00    4.40 v _10932_/A2 (sky130_fd_sc_hd__a21o_1)
                  0.06    0.21    4.62 v _10932_/X (sky130_fd_sc_hd__a21o_1)
     3    0.01                           _04662_ (net)
                  0.06    0.00    4.62 v _10939_/A2 (sky130_fd_sc_hd__a21o_1)
                  0.06    0.21    4.83 v _10939_/X (sky130_fd_sc_hd__a21o_1)
     3    0.01                           _04668_ (net)
                  0.06    0.00    4.83 v _10946_/A2 (sky130_fd_sc_hd__a21o_1)
                  0.08    0.24    5.07 v _10946_/X (sky130_fd_sc_hd__a21o_1)
     3    0.01                           _04674_ (net)
                  0.08    0.00    5.07 v _10951_/A2 (sky130_fd_sc_hd__a21oi_2)
                  0.21    0.25    5.31 ^ _10951_/Y (sky130_fd_sc_hd__a21oi_2)
     2    0.02                           _04678_ (net)
                  0.21    0.00    5.31 ^ _10954_/B1 (sky130_fd_sc_hd__a21oi_4)
                  0.07    0.08    5.39 v _10954_/Y (sky130_fd_sc_hd__a21oi_4)
     2    0.02                           _04680_ (net)
                  0.07    0.00    5.39 v _10960_/A1 (sky130_fd_sc_hd__o21a_1)
                  0.05    0.22    5.61 v _10960_/X (sky130_fd_sc_hd__o21a_1)
     1    0.01                           _04685_ (net)
                  0.05    0.00    5.61 v _10962_/A (sky130_fd_sc_hd__xnor2_1)
                  0.24    0.26    5.86 ^ _10962_/Y (sky130_fd_sc_hd__xnor2_1)
     1    0.01                           net301 (net)
                  0.24    0.00    5.87 ^ repeater540/A (sky130_fd_sc_hd__clkbuf_2)
                  0.14    0.24    6.11 ^ repeater540/X (sky130_fd_sc_hd__clkbuf_2)
     1    0.02                           net540 (net)
                  0.14    0.00    6.11 ^ output301/A (sky130_fd_sc_hd__buf_2)
                  0.17    0.24    6.35 ^ output301/X (sky130_fd_sc_hd__buf_2)
     1    0.03                           y_i_2[16] (net)
                  0.17    0.00    6.36 ^ y_i_2[16] (out)
                                  6.36   data arrival time

                         25.00   25.00   clock clk (rise edge)
                          0.00   25.00   clock network delay (propagated)
                         -0.20   24.80   clock uncertainty
                          0.00   24.80   clock reconvergence pessimism
                         -5.00   19.80   output external delay
                                 19.80   data required time
-----------------------------------------------------------------------------
                                 19.80   data required time
                                 -6.36   data arrival time
-----------------------------------------------------------------------------
                                 13.44   slack (MET)


Startpoint: _15743_ (rising edge-triggered flip-flop clocked by clk)
Endpoint: y_r_6[16] (output port clocked by clk)
Path Group: clk
Path Type: max

Fanout     Cap    Slew   Delay    Time   Description
-----------------------------------------------------------------------------
                          0.00    0.00   clock clk (rise edge)
                          0.00    0.00   clock source latency
                  0.22    0.17    0.17 ^ clk (in)
     1    0.05                           clk (net)
                  0.22    0.00    0.17 ^ clkbuf_0_clk/A (sky130_fd_sc_hd__clkbuf_16)
                  0.05    0.20    0.36 ^ clkbuf_0_clk/X (sky130_fd_sc_hd__clkbuf_16)
     2    0.02                           clknet_0_clk (net)
                  0.05    0.00    0.36 ^ clkbuf_1_0_0_clk/A (sky130_fd_sc_hd__clkbuf_8)
                  0.03    0.12    0.48 ^ clkbuf_1_0_0_clk/X (sky130_fd_sc_hd__clkbuf_8)
     1    0.01                           clknet_1_0_0_clk (net)
                  0.03    0.00    0.48 ^ clkbuf_1_0_1_clk/A (sky130_fd_sc_hd__clkbuf_8)
                  0.05    0.14    0.62 ^ clkbuf_1_0_1_clk/X (sky130_fd_sc_hd__clkbuf_8)
     2    0.02                           clknet_1_0_1_clk (net)
                  0.05    0.00    0.62 ^ clkbuf_2_1_0_clk/A (sky130_fd_sc_hd__clkbuf_8)
                  0.05    0.14    0.76 ^ clkbuf_2_1_0_clk/X (sky130_fd_sc_hd__clkbuf_8)
     2    0.02                           clknet_2_1_0_clk (net)
                  0.05    0.00    0.76 ^ clkbuf_3_3_0_clk/A (sky130_fd_sc_hd__clkbuf_8)
                  0.05    0.13    0.89 ^ clkbuf_3_3_0_clk/X (sky130_fd_sc_hd__clkbuf_8)
     2    0.02                           clknet_3_3_0_clk (net)
                  0.05    0.00    0.89 ^ clkbuf_4_6_0_clk/A (sky130_fd_sc_hd__clkbuf_8)
                  0.19    0.25    1.14 ^ clkbuf_4_6_0_clk/X (sky130_fd_sc_hd__clkbuf_8)
    10    0.11                           clknet_4_6_0_clk (net)
                  0.19    0.00    1.14 ^ clkbuf_leaf_55_clk/A (sky130_fd_sc_hd__clkbuf_16)
                  0.05    0.19    1.33 ^ clkbuf_leaf_55_clk/X (sky130_fd_sc_hd__clkbuf_16)
     7    0.02                           clknet_leaf_55_clk (net)
                  0.05    0.00    1.33 ^ _15743_/CLK (sky130_fd_sc_hd__dfrtp_1)
                  0.06    0.40    1.72 v _15743_/Q (sky130_fd_sc_hd__dfrtp_1)
     3    0.01                           stg3_r_2[1] (net)
                  0.06    0.00    1.72 v _11144_/B_N (sky130_fd_sc_hd__or2b_1)
                  0.10    0.21    1.93 ^ _11144_/X (sky130_fd_sc_hd__or2b_1)
     3    0.01                           _04820_ (net)
                  0.10    0.00    1.93 ^ _11146_/A (sky130_fd_sc_hd__nand2_1)
                  0.09    0.12    2.05 v _11146_/Y (sky130_fd_sc_hd__nand2_1)
     3    0.01                           _04822_ (net)
                  0.09    0.00    2.05 v _11148_/B1 (sky130_fd_sc_hd__a21o_1)
                  0.06    0.21    2.25 v _11148_/X (sky130_fd_sc_hd__a21o_1)
     3    0.01                           _04824_ (net)
                  0.06    0.00    2.25 v _11154_/A2 (sky130_fd_sc_hd__a21oi_1)
                  0.19    0.21    2.47 ^ _11154_/Y (sky130_fd_sc_hd__a21oi_1)
     2    0.01                           _04829_ (net)
                  0.19    0.00    2.47 ^ _11160_/B1 (sky130_fd_sc_hd__a21o_1)
                  0.09    0.15    2.62 ^ _11160_/X (sky130_fd_sc_hd__a21o_1)
     2    0.01                           _04834_ (net)
                  0.09    0.00    2.62 ^ _11162_/B (sky130_fd_sc_hd__nand2_1)
                  0.07    0.09    2.71 v _11162_/Y (sky130_fd_sc_hd__nand2_1)
     2    0.01                           _04835_ (net)
                  0.07    0.00    2.71 v _11168_/A1 (sky130_fd_sc_hd__a21oi_1)
                  0.20    0.21    2.92 ^ _11168_/Y (sky130_fd_sc_hd__a21oi_1)
     2    0.01                           _04841_ (net)
                  0.20    0.00    2.92 ^ _11174_/B1 (sky130_fd_sc_hd__a21o_1)
                  0.12    0.18    3.10 ^ _11174_/X (sky130_fd_sc_hd__a21o_1)
     2    0.01                           _04846_ (net)
                  0.12    0.00    3.10 ^ _11176_/B (sky130_fd_sc_hd__nand2_1)
                  0.07    0.10    3.20 v _11176_/Y (sky130_fd_sc_hd__nand2_1)
     2    0.01                           _04847_ (net)
                  0.07    0.00    3.20 v _11182_/A1 (sky130_fd_sc_hd__a21oi_1)
                  0.23    0.24    3.43 ^ _11182_/Y (sky130_fd_sc_hd__a21oi_1)
     2    0.01                           _04853_ (net)
                  0.23    0.00    3.43 ^ _11188_/B1 (sky130_fd_sc_hd__a21o_1)
                  0.18    0.23    3.66 ^ _11188_/X (sky130_fd_sc_hd__a21o_1)
     2    0.02                           _04858_ (net)
                  0.18    0.00    3.66 ^ _11190_/B (sky130_fd_sc_hd__nand2_1)
                  0.07    0.11    3.77 v _11190_/Y (sky130_fd_sc_hd__nand2_1)
     2    0.01                           _04859_ (net)
                  0.07    0.00    3.77 v _11196_/A1 (sky130_fd_sc_hd__a21oi_1)
                  0.20    0.21    3.99 ^ _11196_/Y (sky130_fd_sc_hd__a21oi_1)
     2    0.01                           _04865_ (net)
                  0.20    0.00    3.99 ^ _11202_/B1 (sky130_fd_sc_hd__a21o_2)
                  0.13    0.21    4.20 ^ _11202_/X (sky130_fd_sc_hd__a21o_2)
     2    0.03                           _04870_ (net)
                  0.13    0.00    4.20 ^ _11204_/B (sky130_fd_sc_hd__nand2_1)
                  0.08    0.11    4.31 v _11204_/Y (sky130_fd_sc_hd__nand2_1)
     2    0.01                           _04871_ (net)
                  0.08    0.00    4.31 v _11210_/A1 (sky130_fd_sc_hd__a21o_1)
                  0.05    0.20    4.51 v _11210_/X (sky130_fd_sc_hd__a21o_1)
     3    0.01                           _04877_ (net)
                  0.05    0.00    4.51 v _11217_/A2 (sky130_fd_sc_hd__a21o_1)
                  0.06    0.22    4.73 v _11217_/X (sky130_fd_sc_hd__a21o_1)
     3    0.01                           _04883_ (net)
                  0.06    0.00    4.73 v _11224_/A2 (sky130_fd_sc_hd__a21o_1)
                  0.05    0.21    4.94 v _11224_/X (sky130_fd_sc_hd__a21o_1)
     3    0.01                           _04889_ (net)
                  0.05    0.00    4.94 v _11231_/A2 (sky130_fd_sc_hd__a21o_1)
                  0.07    0.22    5.16 v _11231_/X (sky130_fd_sc_hd__a21o_1)
     3    0.01                           _04895_ (net)
                  0.07    0.00    5.17 v _11236_/A2 (sky130_fd_sc_hd__a21oi_2)
                  0.22    0.25    5.42 ^ _11236_/Y (sky130_fd_sc_hd__a21oi_2)
     2    0.02                           _04899_ (net)
                  0.22    0.00    5.42 ^ _11239_/B1 (sky130_fd_sc_hd__a21oi_4)
                  0.07    0.08    5.50 v _11239_/Y (sky130_fd_sc_hd__a21oi_4)
     2    0.02                           _04901_ (net)
                  0.07    0.00    5.50 v _11245_/A1 (sky130_fd_sc_hd__o21a_1)
                  0.09    0.25    5.75 v _11245_/X (sky130_fd_sc_hd__o21a_1)
     1    0.01                           _04906_ (net)
                  0.09    0.00    5.75 v _11247_/A (sky130_fd_sc_hd__xnor2_2)
                  0.25    0.28    6.04 ^ _11247_/Y (sky130_fd_sc_hd__xnor2_2)
     1    0.02                           net505 (net)
                  0.25    0.00    6.04 ^ output505/A (sky130_fd_sc_hd__buf_2)
                  0.18    0.28    6.32 ^ output505/X (sky130_fd_sc_hd__buf_2)
     1    0.03                           y_r_6[16] (net)
                  0.18    0.00    6.32 ^ y_r_6[16] (out)
                                  6.32   data arrival time

                         25.00   25.00   clock clk (rise edge)
                          0.00   25.00   clock network delay (propagated)
                         -0.20   24.80   clock uncertainty
                          0.00   24.80   clock reconvergence pessimism
                         -5.00   19.80   output external delay
                                 19.80   data required time
-----------------------------------------------------------------------------
                                 19.80   data required time
                                 -6.32   data arrival time
-----------------------------------------------------------------------------
                                 13.48   slack (MET)


Startpoint: _14922_ (rising edge-triggered flip-flop clocked by clk)
Endpoint: y_i_4[15] (output port clocked by clk)
Path Group: clk
Path Type: max

Fanout     Cap    Slew   Delay    Time   Description
-----------------------------------------------------------------------------
                          0.00    0.00   clock clk (rise edge)
                          0.00    0.00   clock source latency
                  0.22    0.17    0.17 ^ clk (in)
     1    0.05                           clk (net)
                  0.22    0.00    0.17 ^ clkbuf_0_clk/A (sky130_fd_sc_hd__clkbuf_16)
                  0.05    0.20    0.36 ^ clkbuf_0_clk/X (sky130_fd_sc_hd__clkbuf_16)
     2    0.02                           clknet_0_clk (net)
                  0.05    0.00    0.36 ^ clkbuf_1_0_0_clk/A (sky130_fd_sc_hd__clkbuf_8)
                  0.03    0.12    0.48 ^ clkbuf_1_0_0_clk/X (sky130_fd_sc_hd__clkbuf_8)
     1    0.01                           clknet_1_0_0_clk (net)
                  0.03    0.00    0.48 ^ clkbuf_1_0_1_clk/A (sky130_fd_sc_hd__clkbuf_8)
                  0.05    0.14    0.62 ^ clkbuf_1_0_1_clk/X (sky130_fd_sc_hd__clkbuf_8)
     2    0.02                           clknet_1_0_1_clk (net)
                  0.05    0.00    0.62 ^ clkbuf_2_1_0_clk/A (sky130_fd_sc_hd__clkbuf_8)
                  0.05    0.14    0.76 ^ clkbuf_2_1_0_clk/X (sky130_fd_sc_hd__clkbuf_8)
     2    0.02                           clknet_2_1_0_clk (net)
                  0.05    0.00    0.76 ^ clkbuf_3_3_0_clk/A (sky130_fd_sc_hd__clkbuf_8)
                  0.05    0.13    0.89 ^ clkbuf_3_3_0_clk/X (sky130_fd_sc_hd__clkbuf_8)
     2    0.02                           clknet_3_3_0_clk (net)
                  0.05    0.00    0.89 ^ clkbuf_4_6_0_clk/A (sky130_fd_sc_hd__clkbuf_8)
                  0.19    0.25    1.14 ^ clkbuf_4_6_0_clk/X (sky130_fd_sc_hd__clkbuf_8)
    10    0.11                           clknet_4_6_0_clk (net)
                  0.19    0.00    1.14 ^ clkbuf_leaf_20_clk/A (sky130_fd_sc_hd__clkbuf_16)
                  0.04    0.18    1.32 ^ clkbuf_leaf_20_clk/X (sky130_fd_sc_hd__clkbuf_16)
     4    0.01                           clknet_leaf_20_clk (net)
                  0.04    0.00    1.32 ^ _14922_/CLK (sky130_fd_sc_hd__dfrtp_1)
                  0.06    0.39    1.71 v _14922_/Q (sky130_fd_sc_hd__dfrtp_1)
     3    0.01                           stg3_i_0[1] (net)
                  0.06    0.00    1.71 v _11017_/B_N (sky130_fd_sc_hd__or2b_1)
                  0.11    0.22    1.93 ^ _11017_/X (sky130_fd_sc_hd__or2b_1)
     3    0.01                           _04725_ (net)
                  0.11    0.00    1.93 ^ _11019_/A (sky130_fd_sc_hd__nand2_2)
                  0.10    0.12    2.05 v _11019_/Y (sky130_fd_sc_hd__nand2_2)
     3    0.02                           _04727_ (net)
                  0.10    0.00    2.05 v _11301_/B1 (sky130_fd_sc_hd__a21o_1)
                  0.06    0.21    2.26 v _11301_/X (sky130_fd_sc_hd__a21o_1)
     3    0.01                           _04945_ (net)
                  0.06    0.00    2.26 v _11304_/A2 (sky130_fd_sc_hd__a21oi_1)
                  0.24    0.26    2.52 ^ _11304_/Y (sky130_fd_sc_hd__a21oi_1)
     2    0.01                           _04947_ (net)
                  0.24    0.00    2.52 ^ _11307_/B1 (sky130_fd_sc_hd__a21o_1)
                  0.18    0.23    2.75 ^ _11307_/X (sky130_fd_sc_hd__a21o_1)
     2    0.02                           _04949_ (net)
                  0.18    0.00    2.75 ^ _11309_/B (sky130_fd_sc_hd__nand2_1)
                  0.07    0.11    2.86 v _11309_/Y (sky130_fd_sc_hd__nand2_1)
     2    0.01                           _04950_ (net)
                  0.07    0.00    2.86 v _11312_/A1 (sky130_fd_sc_hd__a21oi_1)
                  0.24    0.24    3.10 ^ _11312_/Y (sky130_fd_sc_hd__a21oi_1)
     2    0.01                           _04953_ (net)
                  0.24    0.00    3.10 ^ _11315_/B1 (sky130_fd_sc_hd__a21o_1)
                  0.11    0.18    3.28 ^ _11315_/X (sky130_fd_sc_hd__a21o_1)
     2    0.01                           _04955_ (net)
                  0.11    0.00    3.28 ^ _11317_/B (sky130_fd_sc_hd__nand2_1)
                  0.07    0.09    3.37 v _11317_/Y (sky130_fd_sc_hd__nand2_1)
     2    0.01                           _04956_ (net)
                  0.07    0.00    3.37 v _11320_/A1 (sky130_fd_sc_hd__a21oi_1)
                  0.18    0.19    3.56 ^ _11320_/Y (sky130_fd_sc_hd__a21oi_1)
     2    0.01                           _04959_ (net)
                  0.18    0.00    3.56 ^ _11323_/B1 (sky130_fd_sc_hd__a21o_1)
                  0.12    0.18    3.74 ^ _11323_/X (sky130_fd_sc_hd__a21o_1)
     2    0.01                           _04961_ (net)
                  0.12    0.00    3.74 ^ _11325_/B (sky130_fd_sc_hd__nand2_1)
                  0.06    0.08    3.83 v _11325_/Y (sky130_fd_sc_hd__nand2_1)
     2    0.00                           _04962_ (net)
                  0.06    0.00    3.83 v _11328_/A1 (sky130_fd_sc_hd__a21oi_1)
                  0.18    0.19    4.02 ^ _11328_/Y (sky130_fd_sc_hd__a21oi_1)
     2    0.01                           _04965_ (net)
                  0.18    0.00    4.02 ^ _11331_/B1 (sky130_fd_sc_hd__a21o_1)
                  0.18    0.22    4.24 ^ _11331_/X (sky130_fd_sc_hd__a21o_1)
     2    0.02                           _04967_ (net)
                  0.18    0.00    4.24 ^ _11333_/B (sky130_fd_sc_hd__nand2_1)
                  0.08    0.11    4.35 v _11333_/Y (sky130_fd_sc_hd__nand2_1)
     2    0.01                           _04968_ (net)
                  0.08    0.00    4.35 v _11336_/A1 (sky130_fd_sc_hd__a21o_1)
                  0.05    0.19    4.55 v _11336_/X (sky130_fd_sc_hd__a21o_1)
     3    0.01                           _04971_ (net)
                  0.05    0.00    4.55 v _11340_/A2 (sky130_fd_sc_hd__a21oi_1)
                  0.24    0.25    4.80 ^ _11340_/Y (sky130_fd_sc_hd__a21oi_1)
     2    0.01                           _04974_ (net)
                  0.24    0.00    4.80 ^ _11343_/B1 (sky130_fd_sc_hd__a21o_1)
                  0.10    0.17    4.97 ^ _11343_/X (sky130_fd_sc_hd__a21o_1)
     2    0.01                           _04976_ (net)
                  0.10    0.00    4.97 ^ _11345_/A2 (sky130_fd_sc_hd__a21o_1)
                  0.14    0.20    5.17 ^ _11345_/X (sky130_fd_sc_hd__a21o_1)
     2    0.02                           _04977_ (net)
                  0.14    0.00    5.17 ^ _11347_/A2 (sky130_fd_sc_hd__a21o_2)
                  0.12    0.22    5.39 ^ _11347_/X (sky130_fd_sc_hd__a21o_2)
     2    0.02                           _04978_ (net)
                  0.12    0.00    5.40 ^ _11349_/A2 (sky130_fd_sc_hd__a21o_1)
                  0.11    0.19    5.58 ^ _11349_/X (sky130_fd_sc_hd__a21o_1)
     2    0.01                           _04979_ (net)
                  0.11    0.00    5.58 ^ _11350_/B (sky130_fd_sc_hd__xor2_1)
                  0.17    0.21    5.79 ^ _11350_/X (sky130_fd_sc_hd__xor2_1)
     1    0.01                           net334 (net)
                  0.17    0.00    5.79 ^ repeater537/A (sky130_fd_sc_hd__clkbuf_2)
                  0.15    0.23    6.02 ^ repeater537/X (sky130_fd_sc_hd__clkbuf_2)
     1    0.03                           net537 (net)
                  0.15    0.00    6.03 ^ output334/A (sky130_fd_sc_hd__buf_2)
                  0.19    0.26    6.28 ^ output334/X (sky130_fd_sc_hd__buf_2)
     1    0.03                           y_i_4[15] (net)
                  0.19    0.00    6.28 ^ y_i_4[15] (out)
                                  6.28   data arrival time

                         25.00   25.00   clock clk (rise edge)
                          0.00   25.00   clock network delay (propagated)
                         -0.20   24.80   clock uncertainty
                          0.00   24.80   clock reconvergence pessimism
                         -5.00   19.80   output external delay
                                 19.80   data required time
-----------------------------------------------------------------------------
                                 19.80   data required time
                                 -6.28   data arrival time
-----------------------------------------------------------------------------
                                 13.52   slack (MET)


