
===========================================================================
report_checks -path_delay min (Hold)
============================================================================
Startpoint: rst (input port clocked by clk)
Endpoint: _15800_ (removal check against rising-edge clock clk)
Path Group: **async_default**
Path Type: min

Fanout     Cap    Slew   Delay    Time   Description
-----------------------------------------------------------------------------
                          0.00    0.00   clock clk (rise edge)
                          0.00    0.00   clock network delay (propagated)
                          5.00    5.00 v input external delay
                  0.02    0.01    5.01 v rst (in)
     2    0.01                           rst (net)
                  0.02    0.00    5.01 v input2/A (sky130_fd_sc_hd__clkbuf_1)
                  0.06    0.10    5.11 v input2/X (sky130_fd_sc_hd__clkbuf_1)
     1    0.01                           net2 (net)
                  0.06    0.00    5.11 v _13916_/A (sky130_fd_sc_hd__buf_6)
                  0.04    0.13    5.24 v _13916_/X (sky130_fd_sc_hd__buf_6)
     4    0.03                           _07352_ (net)
                  0.04    0.00    5.24 v _14862_/A (sky130_fd_sc_hd__buf_8)
                  0.06    0.15    5.38 v _14862_/X (sky130_fd_sc_hd__buf_8)
    20    0.07                           _01862_ (net)
                  0.06    0.00    5.39 v _14880_/A (sky130_fd_sc_hd__inv_2)
                  0.03    0.05    5.43 ^ _14880_/Y (sky130_fd_sc_hd__inv_2)
     1    0.00                           _01570_ (net)
                  0.03    0.00    5.43 ^ _15800_/RESET_B (sky130_fd_sc_hd__dfrtp_1)
                                  5.43   data arrival time

                          0.00    0.00   clock clk (rise edge)
                          0.00    0.00   clock source latency
                  0.23    0.17    0.17 ^ clk (in)
     2    0.05                           clk (net)
                  0.23    0.00    0.17 ^ clkbuf_0_clk/A (sky130_fd_sc_hd__clkbuf_16)
                  0.05    0.20    0.38 ^ clkbuf_0_clk/X (sky130_fd_sc_hd__clkbuf_16)
     4    0.03                           clknet_0_clk (net)
                  0.05    0.00    0.38 ^ clkbuf_1_0_0_clk/A (sky130_fd_sc_hd__clkbuf_8)
                  0.03    0.12    0.50 ^ clkbuf_1_0_0_clk/X (sky130_fd_sc_hd__clkbuf_8)
     1    0.01                           clknet_1_0_0_clk (net)
                  0.03    0.00    0.50 ^ clkbuf_1_0_1_clk/A (sky130_fd_sc_hd__clkbuf_8)
                  0.06    0.14    0.64 ^ clkbuf_1_0_1_clk/X (sky130_fd_sc_hd__clkbuf_8)
     4    0.03                           clknet_1_0_1_clk (net)
                  0.06    0.00    0.64 ^ clkbuf_2_1_0_clk/A (sky130_fd_sc_hd__clkbuf_8)
                  0.05    0.15    0.78 ^ clkbuf_2_1_0_clk/X (sky130_fd_sc_hd__clkbuf_8)
     4    0.02                           clknet_2_1_0_clk (net)
                  0.05    0.00    0.79 ^ clkbuf_3_2_0_clk/A (sky130_fd_sc_hd__clkbuf_8)
                  0.05    0.14    0.93 ^ clkbuf_3_2_0_clk/X (sky130_fd_sc_hd__clkbuf_8)
     4    0.02                           clknet_3_2_0_clk (net)
                  0.05    0.00    0.93 ^ clkbuf_4_4_0_clk/A (sky130_fd_sc_hd__clkbuf_8)
                  0.21    0.27    1.20 ^ clkbuf_4_4_0_clk/X (sky130_fd_sc_hd__clkbuf_8)
    20    0.12                           clknet_4_4_0_clk (net)
                  0.21    0.00    1.20 ^ clkbuf_leaf_38_clk/A (sky130_fd_sc_hd__clkbuf_16)
                  0.06    0.20    1.40 ^ clkbuf_leaf_38_clk/X (sky130_fd_sc_hd__clkbuf_16)
    11    0.03                           clknet_leaf_38_clk (net)
                  0.06    0.00    1.40 ^ _15800_/CLK (sky130_fd_sc_hd__dfrtp_1)
                          0.00    1.40   clock reconvergence pessimism
                          0.32    1.72   library removal time
                                  1.72   data required time
-----------------------------------------------------------------------------
                                  1.72   data required time
                                 -5.43   data arrival time
-----------------------------------------------------------------------------
                                  3.71   slack (MET)


Startpoint: rst (input port clocked by clk)
Endpoint: _15801_ (removal check against rising-edge clock clk)
Path Group: **async_default**
Path Type: min

Fanout     Cap    Slew   Delay    Time   Description
-----------------------------------------------------------------------------
                          0.00    0.00   clock clk (rise edge)
                          0.00    0.00   clock network delay (propagated)
                          5.00    5.00 v input external delay
                  0.02    0.01    5.01 v rst (in)
     2    0.01                           rst (net)
                  0.02    0.00    5.01 v input2/A (sky130_fd_sc_hd__clkbuf_1)
                  0.06    0.10    5.11 v input2/X (sky130_fd_sc_hd__clkbuf_1)
     1    0.01                           net2 (net)
                  0.06    0.00    5.11 v _13916_/A (sky130_fd_sc_hd__buf_6)
                  0.04    0.13    5.24 v _13916_/X (sky130_fd_sc_hd__buf_6)
     4    0.03                           _07352_ (net)
                  0.04    0.00    5.24 v _14862_/A (sky130_fd_sc_hd__buf_8)
                  0.06    0.15    5.38 v _14862_/X (sky130_fd_sc_hd__buf_8)
    20    0.07                           _01862_ (net)
                  0.06    0.00    5.39 v _14881_/A (sky130_fd_sc_hd__inv_2)
                  0.03    0.05    5.44 ^ _14881_/Y (sky130_fd_sc_hd__inv_2)
     1    0.00                           _01571_ (net)
                  0.03    0.00    5.44 ^ _15801_/RESET_B (sky130_fd_sc_hd__dfrtp_1)
                                  5.44   data arrival time

                          0.00    0.00   clock clk (rise edge)
                          0.00    0.00   clock source latency
                  0.23    0.17    0.17 ^ clk (in)
     2    0.05                           clk (net)
                  0.23    0.00    0.17 ^ clkbuf_0_clk/A (sky130_fd_sc_hd__clkbuf_16)
                  0.05    0.20    0.38 ^ clkbuf_0_clk/X (sky130_fd_sc_hd__clkbuf_16)
     4    0.03                           clknet_0_clk (net)
                  0.05    0.00    0.38 ^ clkbuf_1_0_0_clk/A (sky130_fd_sc_hd__clkbuf_8)
                  0.03    0.12    0.50 ^ clkbuf_1_0_0_clk/X (sky130_fd_sc_hd__clkbuf_8)
     1    0.01                           clknet_1_0_0_clk (net)
                  0.03    0.00    0.50 ^ clkbuf_1_0_1_clk/A (sky130_fd_sc_hd__clkbuf_8)
                  0.06    0.14    0.64 ^ clkbuf_1_0_1_clk/X (sky130_fd_sc_hd__clkbuf_8)
     4    0.03                           clknet_1_0_1_clk (net)
                  0.06    0.00    0.64 ^ clkbuf_2_1_0_clk/A (sky130_fd_sc_hd__clkbuf_8)
                  0.05    0.15    0.78 ^ clkbuf_2_1_0_clk/X (sky130_fd_sc_hd__clkbuf_8)
     4    0.02                           clknet_2_1_0_clk (net)
                  0.05    0.00    0.79 ^ clkbuf_3_2_0_clk/A (sky130_fd_sc_hd__clkbuf_8)
                  0.05    0.14    0.93 ^ clkbuf_3_2_0_clk/X (sky130_fd_sc_hd__clkbuf_8)
     4    0.02                           clknet_3_2_0_clk (net)
                  0.05    0.00    0.93 ^ clkbuf_4_4_0_clk/A (sky130_fd_sc_hd__clkbuf_8)
                  0.21    0.27    1.20 ^ clkbuf_4_4_0_clk/X (sky130_fd_sc_hd__clkbuf_8)
    20    0.12                           clknet_4_4_0_clk (net)
                  0.21    0.00    1.20 ^ clkbuf_leaf_38_clk/A (sky130_fd_sc_hd__clkbuf_16)
                  0.06    0.20    1.40 ^ clkbuf_leaf_38_clk/X (sky130_fd_sc_hd__clkbuf_16)
    11    0.03                           clknet_leaf_38_clk (net)
                  0.06    0.00    1.40 ^ _15801_/CLK (sky130_fd_sc_hd__dfrtp_1)
                          0.00    1.40   clock reconvergence pessimism
                          0.32    1.72   library removal time
                                  1.72   data required time
-----------------------------------------------------------------------------
                                  1.72   data required time
                                 -5.44   data arrival time
-----------------------------------------------------------------------------
                                  3.72   slack (MET)


Startpoint: rst (input port clocked by clk)
Endpoint: _15799_ (removal check against rising-edge clock clk)
Path Group: **async_default**
Path Type: min

Fanout     Cap    Slew   Delay    Time   Description
-----------------------------------------------------------------------------
                          0.00    0.00   clock clk (rise edge)
                          0.00    0.00   clock network delay (propagated)
                          5.00    5.00 v input external delay
                  0.02    0.01    5.01 v rst (in)
     2    0.01                           rst (net)
                  0.02    0.00    5.01 v input2/A (sky130_fd_sc_hd__clkbuf_1)
                  0.06    0.10    5.11 v input2/X (sky130_fd_sc_hd__clkbuf_1)
     1    0.01                           net2 (net)
                  0.06    0.00    5.11 v _13916_/A (sky130_fd_sc_hd__buf_6)
                  0.04    0.13    5.24 v _13916_/X (sky130_fd_sc_hd__buf_6)
     4    0.03                           _07352_ (net)
                  0.04    0.00    5.24 v _14862_/A (sky130_fd_sc_hd__buf_8)
                  0.06    0.15    5.38 v _14862_/X (sky130_fd_sc_hd__buf_8)
    20    0.07                           _01862_ (net)
                  0.06    0.00    5.39 v _14879_/A (sky130_fd_sc_hd__inv_2)
                  0.03    0.05    5.44 ^ _14879_/Y (sky130_fd_sc_hd__inv_2)
     1    0.00                           _01569_ (net)
                  0.03    0.00    5.44 ^ _15799_/RESET_B (sky130_fd_sc_hd__dfrtp_1)
                                  5.44   data arrival time

                          0.00    0.00   clock clk (rise edge)
                          0.00    0.00   clock source latency
                  0.23    0.17    0.17 ^ clk (in)
     2    0.05                           clk (net)
                  0.23    0.00    0.17 ^ clkbuf_0_clk/A (sky130_fd_sc_hd__clkbuf_16)
                  0.05    0.20    0.38 ^ clkbuf_0_clk/X (sky130_fd_sc_hd__clkbuf_16)
     4    0.03                           clknet_0_clk (net)
                  0.05    0.00    0.38 ^ clkbuf_1_0_0_clk/A (sky130_fd_sc_hd__clkbuf_8)
                  0.03    0.12    0.50 ^ clkbuf_1_0_0_clk/X (sky130_fd_sc_hd__clkbuf_8)
     1    0.01                           clknet_1_0_0_clk (net)
                  0.03    0.00    0.50 ^ clkbuf_1_0_1_clk/A (sky130_fd_sc_hd__clkbuf_8)
                  0.06    0.14    0.64 ^ clkbuf_1_0_1_clk/X (sky130_fd_sc_hd__clkbuf_8)
     4    0.03                           clknet_1_0_1_clk (net)
                  0.06    0.00    0.64 ^ clkbuf_2_1_0_clk/A (sky130_fd_sc_hd__clkbuf_8)
                  0.05    0.15    0.78 ^ clkbuf_2_1_0_clk/X (sky130_fd_sc_hd__clkbuf_8)
     4    0.02                           clknet_2_1_0_clk (net)
                  0.05    0.00    0.79 ^ clkbuf_3_2_0_clk/A (sky130_fd_sc_hd__clkbuf_8)
                  0.05    0.14    0.93 ^ clkbuf_3_2_0_clk/X (sky130_fd_sc_hd__clkbuf_8)
     4    0.02                           clknet_3_2_0_clk (net)
                  0.05    0.00    0.93 ^ clkbuf_4_5_0_clk/A (sky130_fd_sc_hd__clkbuf_8)
                  0.12    0.19    1.12 ^ clkbuf_4_5_0_clk/X (sky130_fd_sc_hd__clkbuf_8)
    10    0.06                           clknet_4_5_0_clk (net)
                  0.12    0.00    1.12 ^ clkbuf_leaf_42_clk/A (sky130_fd_sc_hd__clkbuf_16)
                  0.04    0.16    1.28 ^ clkbuf_leaf_42_clk/X (sky130_fd_sc_hd__clkbuf_16)
     7    0.02                           clknet_leaf_42_clk (net)
                  0.04    0.00    1.28 ^ _15799_/CLK (sky130_fd_sc_hd__dfrtp_1)
                          0.00    1.28   clock reconvergence pessimism
                          0.32    1.60   library removal time
                                  1.60   data required time
-----------------------------------------------------------------------------
                                  1.60   data required time
                                 -5.44   data arrival time
-----------------------------------------------------------------------------
                                  3.84   slack (MET)


Startpoint: rst (input port clocked by clk)
Endpoint: _15796_ (removal check against rising-edge clock clk)
Path Group: **async_default**
Path Type: min

Fanout     Cap    Slew   Delay    Time   Description
-----------------------------------------------------------------------------
                          0.00    0.00   clock clk (rise edge)
                          0.00    0.00   clock network delay (propagated)
                          5.00    5.00 v input external delay
                  0.02    0.01    5.01 v rst (in)
     2    0.01                           rst (net)
                  0.02    0.00    5.01 v input2/A (sky130_fd_sc_hd__clkbuf_1)
                  0.06    0.10    5.11 v input2/X (sky130_fd_sc_hd__clkbuf_1)
     1    0.01                           net2 (net)
                  0.06    0.00    5.11 v _13916_/A (sky130_fd_sc_hd__buf_6)
                  0.04    0.13    5.24 v _13916_/X (sky130_fd_sc_hd__buf_6)
     4    0.03                           _07352_ (net)
                  0.04    0.00    5.24 v _14862_/A (sky130_fd_sc_hd__buf_8)
                  0.06    0.15    5.38 v _14862_/X (sky130_fd_sc_hd__buf_8)
    20    0.07                           _01862_ (net)
                  0.06    0.00    5.39 v _14876_/A (sky130_fd_sc_hd__inv_2)
                  0.03    0.05    5.44 ^ _14876_/Y (sky130_fd_sc_hd__inv_2)
     1    0.00                           _01566_ (net)
                  0.03    0.00    5.44 ^ _15796_/RESET_B (sky130_fd_sc_hd__dfrtp_1)
                                  5.44   data arrival time

                          0.00    0.00   clock clk (rise edge)
                          0.00    0.00   clock source latency
                  0.23    0.17    0.17 ^ clk (in)
     2    0.05                           clk (net)
                  0.23    0.00    0.17 ^ clkbuf_0_clk/A (sky130_fd_sc_hd__clkbuf_16)
                  0.05    0.20    0.38 ^ clkbuf_0_clk/X (sky130_fd_sc_hd__clkbuf_16)
     4    0.03                           clknet_0_clk (net)
                  0.05    0.00    0.38 ^ clkbuf_1_0_0_clk/A (sky130_fd_sc_hd__clkbuf_8)
                  0.03    0.12    0.50 ^ clkbuf_1_0_0_clk/X (sky130_fd_sc_hd__clkbuf_8)
     1    0.01                           clknet_1_0_0_clk (net)
                  0.03    0.00    0.50 ^ clkbuf_1_0_1_clk/A (sky130_fd_sc_hd__clkbuf_8)
                  0.06    0.14    0.64 ^ clkbuf_1_0_1_clk/X (sky130_fd_sc_hd__clkbuf_8)
     4    0.03                           clknet_1_0_1_clk (net)
                  0.06    0.00    0.64 ^ clkbuf_2_1_0_clk/A (sky130_fd_sc_hd__clkbuf_8)
                  0.05    0.15    0.78 ^ clkbuf_2_1_0_clk/X (sky130_fd_sc_hd__clkbuf_8)
     4    0.02                           clknet_2_1_0_clk (net)
                  0.05    0.00    0.79 ^ clkbuf_3_2_0_clk/A (sky130_fd_sc_hd__clkbuf_8)
                  0.05    0.14    0.93 ^ clkbuf_3_2_0_clk/X (sky130_fd_sc_hd__clkbuf_8)
     4    0.02                           clknet_3_2_0_clk (net)
                  0.05    0.00    0.93 ^ clkbuf_4_5_0_clk/A (sky130_fd_sc_hd__clkbuf_8)
                  0.12    0.19    1.12 ^ clkbuf_4_5_0_clk/X (sky130_fd_sc_hd__clkbuf_8)
    10    0.06                           clknet_4_5_0_clk (net)
                  0.12    0.00    1.12 ^ clkbuf_leaf_42_clk/A (sky130_fd_sc_hd__clkbuf_16)
                  0.04    0.16    1.28 ^ clkbuf_leaf_42_clk/X (sky130_fd_sc_hd__clkbuf_16)
     7    0.02                           clknet_leaf_42_clk (net)
                  0.04    0.00    1.28 ^ _15796_/CLK (sky130_fd_sc_hd__dfrtp_1)
                          0.00    1.28   clock reconvergence pessimism
                          0.32    1.60   library removal time
                                  1.60   data required time
-----------------------------------------------------------------------------
                                  1.60   data required time
                                 -5.44   data arrival time
-----------------------------------------------------------------------------
                                  3.84   slack (MET)


Startpoint: rst (input port clocked by clk)
Endpoint: _15797_ (removal check against rising-edge clock clk)
Path Group: **async_default**
Path Type: min

Fanout     Cap    Slew   Delay    Time   Description
-----------------------------------------------------------------------------
                          0.00    0.00   clock clk (rise edge)
                          0.00    0.00   clock network delay (propagated)
                          5.00    5.00 v input external delay
                  0.02    0.01    5.01 v rst (in)
     2    0.01                           rst (net)
                  0.02    0.00    5.01 v input2/A (sky130_fd_sc_hd__clkbuf_1)
                  0.06    0.10    5.11 v input2/X (sky130_fd_sc_hd__clkbuf_1)
     1    0.01                           net2 (net)
                  0.06    0.00    5.11 v _13916_/A (sky130_fd_sc_hd__buf_6)
                  0.04    0.13    5.24 v _13916_/X (sky130_fd_sc_hd__buf_6)
     4    0.03                           _07352_ (net)
                  0.04    0.00    5.24 v _14862_/A (sky130_fd_sc_hd__buf_8)
                  0.06    0.15    5.38 v _14862_/X (sky130_fd_sc_hd__buf_8)
    20    0.07                           _01862_ (net)
                  0.06    0.00    5.39 v _14877_/A (sky130_fd_sc_hd__inv_2)
                  0.03    0.05    5.44 ^ _14877_/Y (sky130_fd_sc_hd__inv_2)
     1    0.00                           _01567_ (net)
                  0.03    0.00    5.44 ^ _15797_/RESET_B (sky130_fd_sc_hd__dfrtp_1)
                                  5.44   data arrival time

                          0.00    0.00   clock clk (rise edge)
                          0.00    0.00   clock source latency
                  0.23    0.17    0.17 ^ clk (in)
     2    0.05                           clk (net)
                  0.23    0.00    0.17 ^ clkbuf_0_clk/A (sky130_fd_sc_hd__clkbuf_16)
                  0.05    0.20    0.38 ^ clkbuf_0_clk/X (sky130_fd_sc_hd__clkbuf_16)
     4    0.03                           clknet_0_clk (net)
                  0.05    0.00    0.38 ^ clkbuf_1_0_0_clk/A (sky130_fd_sc_hd__clkbuf_8)
                  0.03    0.12    0.50 ^ clkbuf_1_0_0_clk/X (sky130_fd_sc_hd__clkbuf_8)
     1    0.01                           clknet_1_0_0_clk (net)
                  0.03    0.00    0.50 ^ clkbuf_1_0_1_clk/A (sky130_fd_sc_hd__clkbuf_8)
                  0.06    0.14    0.64 ^ clkbuf_1_0_1_clk/X (sky130_fd_sc_hd__clkbuf_8)
     4    0.03                           clknet_1_0_1_clk (net)
                  0.06    0.00    0.64 ^ clkbuf_2_1_0_clk/A (sky130_fd_sc_hd__clkbuf_8)
                  0.05    0.15    0.78 ^ clkbuf_2_1_0_clk/X (sky130_fd_sc_hd__clkbuf_8)
     4    0.02                           clknet_2_1_0_clk (net)
                  0.05    0.00    0.79 ^ clkbuf_3_2_0_clk/A (sky130_fd_sc_hd__clkbuf_8)
                  0.05    0.14    0.93 ^ clkbuf_3_2_0_clk/X (sky130_fd_sc_hd__clkbuf_8)
     4    0.02                           clknet_3_2_0_clk (net)
                  0.05    0.00    0.93 ^ clkbuf_4_5_0_clk/A (sky130_fd_sc_hd__clkbuf_8)
                  0.12    0.19    1.12 ^ clkbuf_4_5_0_clk/X (sky130_fd_sc_hd__clkbuf_8)
    10    0.06                           clknet_4_5_0_clk (net)
                  0.12    0.00    1.12 ^ clkbuf_leaf_42_clk/A (sky130_fd_sc_hd__clkbuf_16)
                  0.04    0.16    1.28 ^ clkbuf_leaf_42_clk/X (sky130_fd_sc_hd__clkbuf_16)
     7    0.02                           clknet_leaf_42_clk (net)
                  0.04    0.00    1.28 ^ _15797_/CLK (sky130_fd_sc_hd__dfrtp_1)
                          0.00    1.28   clock reconvergence pessimism
                          0.32    1.60   library removal time
                                  1.60   data required time
-----------------------------------------------------------------------------
                                  1.60   data required time
                                 -5.44   data arrival time
-----------------------------------------------------------------------------
                                  3.84   slack (MET)


Startpoint: _15558_ (rising edge-triggered flip-flop clocked by clk)
Endpoint: _15559_ (rising edge-triggered flip-flop clocked by clk)
Path Group: clk
Path Type: min

Fanout     Cap    Slew   Delay    Time   Description
-----------------------------------------------------------------------------
                          0.00    0.00   clock clk (rise edge)
                          0.00    0.00   clock source latency
                  0.23    0.16    0.16 ^ clk (in)
     2    0.05                           clk (net)
                  0.23    0.00    0.16 ^ clkbuf_0_clk/A (sky130_fd_sc_hd__clkbuf_16)
                  0.05    0.18    0.34 ^ clkbuf_0_clk/X (sky130_fd_sc_hd__clkbuf_16)
     4    0.03                           clknet_0_clk (net)
                  0.05    0.00    0.34 ^ clkbuf_1_0_0_clk/A (sky130_fd_sc_hd__clkbuf_8)
                  0.03    0.11    0.45 ^ clkbuf_1_0_0_clk/X (sky130_fd_sc_hd__clkbuf_8)
     1    0.01                           clknet_1_0_0_clk (net)
                  0.03    0.00    0.45 ^ clkbuf_1_0_1_clk/A (sky130_fd_sc_hd__clkbuf_8)
                  0.06    0.13    0.58 ^ clkbuf_1_0_1_clk/X (sky130_fd_sc_hd__clkbuf_8)
     4    0.03                           clknet_1_0_1_clk (net)
                  0.06    0.00    0.58 ^ clkbuf_2_0_0_clk/A (sky130_fd_sc_hd__clkbuf_8)
                  0.05    0.13    0.71 ^ clkbuf_2_0_0_clk/X (sky130_fd_sc_hd__clkbuf_8)
     4    0.02                           clknet_2_0_0_clk (net)
                  0.05    0.00    0.71 ^ clkbuf_3_0_0_clk/A (sky130_fd_sc_hd__clkbuf_8)
                  0.05    0.13    0.84 ^ clkbuf_3_0_0_clk/X (sky130_fd_sc_hd__clkbuf_8)
     4    0.02                           clknet_3_0_0_clk (net)
                  0.05    0.00    0.84 ^ clkbuf_4_1_0_clk/A (sky130_fd_sc_hd__clkbuf_8)
                  0.23    0.25    1.09 ^ clkbuf_4_1_0_clk/X (sky130_fd_sc_hd__clkbuf_8)
    22    0.13                           clknet_4_1_0_clk (net)
                  0.23    0.01    1.10 ^ clkbuf_leaf_6_clk/A (sky130_fd_sc_hd__clkbuf_16)
                  0.05    0.19    1.29 ^ clkbuf_leaf_6_clk/X (sky130_fd_sc_hd__clkbuf_16)
    10    0.03                           clknet_leaf_6_clk (net)
                  0.05    0.00    1.29 ^ _15558_/CLK (sky130_fd_sc_hd__dfrtp_1)
                  0.04    0.30    1.59 ^ _15558_/Q (sky130_fd_sc_hd__dfrtp_1)
     1    0.00                           finish_pipe[1] (net)
                  0.04    0.00    1.59 ^ _15559_/D (sky130_fd_sc_hd__dfrtp_1)
                                  1.59   data arrival time

                          0.00    0.00   clock clk (rise edge)
                          0.00    0.00   clock source latency
                  0.23    0.17    0.17 ^ clk (in)
     2    0.05                           clk (net)
                  0.23    0.00    0.17 ^ clkbuf_0_clk/A (sky130_fd_sc_hd__clkbuf_16)
                  0.05    0.20    0.38 ^ clkbuf_0_clk/X (sky130_fd_sc_hd__clkbuf_16)
     4    0.03                           clknet_0_clk (net)
                  0.05    0.00    0.38 ^ clkbuf_1_0_0_clk/A (sky130_fd_sc_hd__clkbuf_8)
                  0.03    0.12    0.50 ^ clkbuf_1_0_0_clk/X (sky130_fd_sc_hd__clkbuf_8)
     1    0.01                           clknet_1_0_0_clk (net)
                  0.03    0.00    0.50 ^ clkbuf_1_0_1_clk/A (sky130_fd_sc_hd__clkbuf_8)
                  0.06    0.14    0.64 ^ clkbuf_1_0_1_clk/X (sky130_fd_sc_hd__clkbuf_8)
     4    0.03                           clknet_1_0_1_clk (net)
                  0.06    0.00    0.64 ^ clkbuf_2_0_0_clk/A (sky130_fd_sc_hd__clkbuf_8)
                  0.05    0.15    0.79 ^ clkbuf_2_0_0_clk/X (sky130_fd_sc_hd__clkbuf_8)
     4    0.02                           clknet_2_0_0_clk (net)
                  0.05    0.00    0.79 ^ clkbuf_3_0_0_clk/A (sky130_fd_sc_hd__clkbuf_8)
                  0.05    0.14    0.93 ^ clkbuf_3_0_0_clk/X (sky130_fd_sc_hd__clkbuf_8)
     4    0.02                           clknet_3_0_0_clk (net)
                  0.05    0.00    0.93 ^ clkbuf_4_1_0_clk/A (sky130_fd_sc_hd__clkbuf_8)
                  0.23    0.28    1.21 ^ clkbuf_4_1_0_clk/X (sky130_fd_sc_hd__clkbuf_8)
    22    0.13                           clknet_4_1_0_clk (net)
                  0.23    0.01    1.22 ^ clkbuf_leaf_7_clk/A (sky130_fd_sc_hd__clkbuf_16)
                  0.06    0.21    1.42 ^ clkbuf_leaf_7_clk/X (sky130_fd_sc_hd__clkbuf_16)
    11    0.03                           clknet_leaf_7_clk (net)
                  0.06    0.00    1.43 ^ _15559_/CLK (sky130_fd_sc_hd__dfrtp_1)
                         -0.12    1.31   clock reconvergence pessimism
                         -0.03    1.28   library hold time
                                  1.28   data required time
-----------------------------------------------------------------------------
                                  1.28   data required time
                                 -1.59   data arrival time
-----------------------------------------------------------------------------
                                  0.31   slack (MET)


Startpoint: _15557_ (rising edge-triggered flip-flop clocked by clk)
Endpoint: _15558_ (rising edge-triggered flip-flop clocked by clk)
Path Group: clk
Path Type: min

Fanout     Cap    Slew   Delay    Time   Description
-----------------------------------------------------------------------------
                          0.00    0.00   clock clk (rise edge)
                          0.00    0.00   clock source latency
                  0.23    0.16    0.16 ^ clk (in)
     2    0.05                           clk (net)
                  0.23    0.00    0.16 ^ clkbuf_0_clk/A (sky130_fd_sc_hd__clkbuf_16)
                  0.05    0.18    0.34 ^ clkbuf_0_clk/X (sky130_fd_sc_hd__clkbuf_16)
     4    0.03                           clknet_0_clk (net)
                  0.05    0.00    0.34 ^ clkbuf_1_0_0_clk/A (sky130_fd_sc_hd__clkbuf_8)
                  0.03    0.11    0.45 ^ clkbuf_1_0_0_clk/X (sky130_fd_sc_hd__clkbuf_8)
     1    0.01                           clknet_1_0_0_clk (net)
                  0.03    0.00    0.45 ^ clkbuf_1_0_1_clk/A (sky130_fd_sc_hd__clkbuf_8)
                  0.06    0.13    0.58 ^ clkbuf_1_0_1_clk/X (sky130_fd_sc_hd__clkbuf_8)
     4    0.03                           clknet_1_0_1_clk (net)
                  0.06    0.00    0.58 ^ clkbuf_2_0_0_clk/A (sky130_fd_sc_hd__clkbuf_8)
                  0.05    0.13    0.71 ^ clkbuf_2_0_0_clk/X (sky130_fd_sc_hd__clkbuf_8)
     4    0.02                           clknet_2_0_0_clk (net)
                  0.05    0.00    0.71 ^ clkbuf_3_0_0_clk/A (sky130_fd_sc_hd__clkbuf_8)
                  0.05    0.13    0.84 ^ clkbuf_3_0_0_clk/X (sky130_fd_sc_hd__clkbuf_8)
     4    0.02                           clknet_3_0_0_clk (net)
                  0.05    0.00    0.84 ^ clkbuf_4_1_0_clk/A (sky130_fd_sc_hd__clkbuf_8)
                  0.23    0.25    1.09 ^ clkbuf_4_1_0_clk/X (sky130_fd_sc_hd__clkbuf_8)
    22    0.13                           clknet_4_1_0_clk (net)
                  0.23    0.01    1.10 ^ clkbuf_leaf_6_clk/A (sky130_fd_sc_hd__clkbuf_16)
                  0.05    0.19    1.29 ^ clkbuf_leaf_6_clk/X (sky130_fd_sc_hd__clkbuf_16)
    10    0.03                           clknet_leaf_6_clk (net)
                  0.05    0.00    1.29 ^ _15557_/CLK (sky130_fd_sc_hd__dfrtp_1)
                  0.05    0.30    1.59 ^ _15557_/Q (sky130_fd_sc_hd__dfrtp_1)
     1    0.00                           finish_pipe[0] (net)
                  0.05    0.00    1.59 ^ _15558_/D (sky130_fd_sc_hd__dfrtp_1)
                                  1.59   data arrival time

                          0.00    0.00   clock clk (rise edge)
                          0.00    0.00   clock source latency
                  0.23    0.17    0.17 ^ clk (in)
     2    0.05                           clk (net)
                  0.23    0.00    0.17 ^ clkbuf_0_clk/A (sky130_fd_sc_hd__clkbuf_16)
                  0.05    0.20    0.38 ^ clkbuf_0_clk/X (sky130_fd_sc_hd__clkbuf_16)
     4    0.03                           clknet_0_clk (net)
                  0.05    0.00    0.38 ^ clkbuf_1_0_0_clk/A (sky130_fd_sc_hd__clkbuf_8)
                  0.03    0.12    0.50 ^ clkbuf_1_0_0_clk/X (sky130_fd_sc_hd__clkbuf_8)
     1    0.01                           clknet_1_0_0_clk (net)
                  0.03    0.00    0.50 ^ clkbuf_1_0_1_clk/A (sky130_fd_sc_hd__clkbuf_8)
                  0.06    0.14    0.64 ^ clkbuf_1_0_1_clk/X (sky130_fd_sc_hd__clkbuf_8)
     4    0.03                           clknet_1_0_1_clk (net)
                  0.06    0.00    0.64 ^ clkbuf_2_0_0_clk/A (sky130_fd_sc_hd__clkbuf_8)
                  0.05    0.15    0.79 ^ clkbuf_2_0_0_clk/X (sky130_fd_sc_hd__clkbuf_8)
     4    0.02                           clknet_2_0_0_clk (net)
                  0.05    0.00    0.79 ^ clkbuf_3_0_0_clk/A (sky130_fd_sc_hd__clkbuf_8)
                  0.05    0.14    0.93 ^ clkbuf_3_0_0_clk/X (sky130_fd_sc_hd__clkbuf_8)
     4    0.02                           clknet_3_0_0_clk (net)
                  0.05    0.00    0.93 ^ clkbuf_4_1_0_clk/A (sky130_fd_sc_hd__clkbuf_8)
                  0.23    0.28    1.21 ^ clkbuf_4_1_0_clk/X (sky130_fd_sc_hd__clkbuf_8)
    22    0.13                           clknet_4_1_0_clk (net)
                  0.23    0.01    1.22 ^ clkbuf_leaf_6_clk/A (sky130_fd_sc_hd__clkbuf_16)
                  0.05    0.20    1.42 ^ clkbuf_leaf_6_clk/X (sky130_fd_sc_hd__clkbuf_16)
    10    0.03                           clknet_leaf_6_clk (net)
                  0.05    0.00    1.42 ^ _15558_/CLK (sky130_fd_sc_hd__dfrtp_1)
                         -0.14    1.29   clock reconvergence pessimism
                         -0.03    1.25   library hold time
                                  1.25   data required time
-----------------------------------------------------------------------------
                                  1.25   data required time
                                 -1.59   data arrival time
-----------------------------------------------------------------------------
                                  0.34   slack (MET)


Startpoint: _15559_ (rising edge-triggered flip-flop clocked by clk)
Endpoint: _15560_ (rising edge-triggered flip-flop clocked by clk)
Path Group: clk
Path Type: min

Fanout     Cap    Slew   Delay    Time   Description
-----------------------------------------------------------------------------
                          0.00    0.00   clock clk (rise edge)
                          0.00    0.00   clock source latency
                  0.23    0.16    0.16 ^ clk (in)
     2    0.05                           clk (net)
                  0.23    0.00    0.16 ^ clkbuf_0_clk/A (sky130_fd_sc_hd__clkbuf_16)
                  0.05    0.18    0.34 ^ clkbuf_0_clk/X (sky130_fd_sc_hd__clkbuf_16)
     4    0.03                           clknet_0_clk (net)
                  0.05    0.00    0.34 ^ clkbuf_1_0_0_clk/A (sky130_fd_sc_hd__clkbuf_8)
                  0.03    0.11    0.45 ^ clkbuf_1_0_0_clk/X (sky130_fd_sc_hd__clkbuf_8)
     1    0.01                           clknet_1_0_0_clk (net)
                  0.03    0.00    0.45 ^ clkbuf_1_0_1_clk/A (sky130_fd_sc_hd__clkbuf_8)
                  0.06    0.13    0.58 ^ clkbuf_1_0_1_clk/X (sky130_fd_sc_hd__clkbuf_8)
     4    0.03                           clknet_1_0_1_clk (net)
                  0.06    0.00    0.58 ^ clkbuf_2_0_0_clk/A (sky130_fd_sc_hd__clkbuf_8)
                  0.05    0.13    0.71 ^ clkbuf_2_0_0_clk/X (sky130_fd_sc_hd__clkbuf_8)
     4    0.02                           clknet_2_0_0_clk (net)
                  0.05    0.00    0.71 ^ clkbuf_3_0_0_clk/A (sky130_fd_sc_hd__clkbuf_8)
                  0.05    0.13    0.84 ^ clkbuf_3_0_0_clk/X (sky130_fd_sc_hd__clkbuf_8)
     4    0.02                           clknet_3_0_0_clk (net)
                  0.05    0.00    0.84 ^ clkbuf_4_1_0_clk/A (sky130_fd_sc_hd__clkbuf_8)
                  0.23    0.25    1.09 ^ clkbuf_4_1_0_clk/X (sky130_fd_sc_hd__clkbuf_8)
    22    0.13                           clknet_4_1_0_clk (net)
                  0.23    0.01    1.10 ^ clkbuf_leaf_7_clk/A (sky130_fd_sc_hd__clkbuf_16)
                  0.06    0.19    1.29 ^ clkbuf_leaf_7_clk/X (sky130_fd_sc_hd__clkbuf_16)
    11    0.03                           clknet_leaf_7_clk (net)
                  0.06    0.00    1.29 ^ _15559_/CLK (sky130_fd_sc_hd__dfrtp_1)
                  0.06    0.32    1.61 ^ _15559_/Q (sky130_fd_sc_hd__dfrtp_1)
     1    0.01                           finish_pipe[2] (net)
                  0.06    0.00    1.61 ^ _15560_/D (sky130_fd_sc_hd__dfrtp_4)
                                  1.61   data arrival time

                          0.00    0.00   clock clk (rise edge)
                          0.00    0.00   clock source latency
                  0.23    0.17    0.17 ^ clk (in)
     2    0.05                           clk (net)
                  0.23    0.00    0.17 ^ clkbuf_0_clk/A (sky130_fd_sc_hd__clkbuf_16)
                  0.05    0.20    0.38 ^ clkbuf_0_clk/X (sky130_fd_sc_hd__clkbuf_16)
     4    0.03                           clknet_0_clk (net)
                  0.05    0.00    0.38 ^ clkbuf_1_0_0_clk/A (sky130_fd_sc_hd__clkbuf_8)
                  0.03    0.12    0.50 ^ clkbuf_1_0_0_clk/X (sky130_fd_sc_hd__clkbuf_8)
     1    0.01                           clknet_1_0_0_clk (net)
                  0.03    0.00    0.50 ^ clkbuf_1_0_1_clk/A (sky130_fd_sc_hd__clkbuf_8)
                  0.06    0.14    0.64 ^ clkbuf_1_0_1_clk/X (sky130_fd_sc_hd__clkbuf_8)
     4    0.03                           clknet_1_0_1_clk (net)
                  0.06    0.00    0.64 ^ clkbuf_2_0_0_clk/A (sky130_fd_sc_hd__clkbuf_8)
                  0.05    0.15    0.79 ^ clkbuf_2_0_0_clk/X (sky130_fd_sc_hd__clkbuf_8)
     4    0.02                           clknet_2_0_0_clk (net)
                  0.05    0.00    0.79 ^ clkbuf_3_0_0_clk/A (sky130_fd_sc_hd__clkbuf_8)
                  0.05    0.14    0.93 ^ clkbuf_3_0_0_clk/X (sky130_fd_sc_hd__clkbuf_8)
     4    0.02                           clknet_3_0_0_clk (net)
                  0.05    0.00    0.93 ^ clkbuf_4_1_0_clk/A (sky130_fd_sc_hd__clkbuf_8)
                  0.23    0.28    1.21 ^ clkbuf_4_1_0_clk/X (sky130_fd_sc_hd__clkbuf_8)
    22    0.13                           clknet_4_1_0_clk (net)
                  0.23    0.01    1.22 ^ clkbuf_leaf_7_clk/A (sky130_fd_sc_hd__clkbuf_16)
                  0.06    0.21    1.42 ^ clkbuf_leaf_7_clk/X (sky130_fd_sc_hd__clkbuf_16)
    11    0.03                           clknet_leaf_7_clk (net)
                  0.06    0.00    1.42 ^ _15560_/CLK (sky130_fd_sc_hd__dfrtp_4)
                         -0.14    1.29   clock reconvergence pessimism
                         -0.04    1.25   library hold time
                                  1.25   data required time
-----------------------------------------------------------------------------
                                  1.25   data required time
                                 -1.61   data arrival time
-----------------------------------------------------------------------------
                                  0.36   slack (MET)


Startpoint: _15119_ (rising edge-triggered flip-flop clocked by clk)
Endpoint: _14905_ (rising edge-triggered flip-flop clocked by clk)
Path Group: clk
Path Type: min

Fanout     Cap    Slew   Delay    Time   Description
-----------------------------------------------------------------------------
                          0.00    0.00   clock clk (rise edge)
                          0.00    0.00   clock source latency
                  0.23    0.16    0.16 ^ clk (in)
     2    0.05                           clk (net)
                  0.23    0.00    0.16 ^ clkbuf_0_clk/A (sky130_fd_sc_hd__clkbuf_16)
                  0.05    0.18    0.34 ^ clkbuf_0_clk/X (sky130_fd_sc_hd__clkbuf_16)
     4    0.03                           clknet_0_clk (net)
                  0.05    0.00    0.34 ^ clkbuf_1_0_0_clk/A (sky130_fd_sc_hd__clkbuf_8)
                  0.03    0.11    0.45 ^ clkbuf_1_0_0_clk/X (sky130_fd_sc_hd__clkbuf_8)
     1    0.01                           clknet_1_0_0_clk (net)
                  0.03    0.00    0.45 ^ clkbuf_1_0_1_clk/A (sky130_fd_sc_hd__clkbuf_8)
                  0.06    0.13    0.58 ^ clkbuf_1_0_1_clk/X (sky130_fd_sc_hd__clkbuf_8)
     4    0.03                           clknet_1_0_1_clk (net)
                  0.06    0.00    0.58 ^ clkbuf_2_1_0_clk/A (sky130_fd_sc_hd__clkbuf_8)
                  0.05    0.13    0.71 ^ clkbuf_2_1_0_clk/X (sky130_fd_sc_hd__clkbuf_8)
     4    0.02                           clknet_2_1_0_clk (net)
                  0.05    0.00    0.71 ^ clkbuf_3_3_0_clk/A (sky130_fd_sc_hd__clkbuf_8)
                  0.05    0.12    0.83 ^ clkbuf_3_3_0_clk/X (sky130_fd_sc_hd__clkbuf_8)
     2    0.02                           clknet_3_3_0_clk (net)
                  0.05    0.00    0.83 ^ clkbuf_4_6_0_clk/A (sky130_fd_sc_hd__clkbuf_8)
                  0.21    0.24    1.07 ^ clkbuf_4_6_0_clk/X (sky130_fd_sc_hd__clkbuf_8)
    20    0.12                           clknet_4_6_0_clk (net)
                  0.21    0.00    1.08 ^ clkbuf_leaf_22_clk/A (sky130_fd_sc_hd__clkbuf_16)
                  0.04    0.17    1.25 ^ clkbuf_leaf_22_clk/X (sky130_fd_sc_hd__clkbuf_16)
     5    0.02                           clknet_leaf_22_clk (net)
                  0.04    0.00    1.25 ^ _15119_/CLK (sky130_fd_sc_hd__dfrtp_2)
                  0.13    0.39    1.64 ^ _15119_/Q (sky130_fd_sc_hd__dfrtp_2)
     7    0.02                           stg2_r_4[0] (net)
                  0.13    0.00    1.64 ^ _10808_/A1 (sky130_fd_sc_hd__o21a_1)
                  0.05    0.14    1.78 ^ _10808_/X (sky130_fd_sc_hd__o21a_1)
     1    0.00                           _00406_ (net)
                  0.05    0.00    1.78 ^ _14905_/D (sky130_fd_sc_hd__dfrtp_1)
                                  1.78   data arrival time

                          0.00    0.00   clock clk (rise edge)
                          0.00    0.00   clock source latency
                  0.23    0.17    0.17 ^ clk (in)
     2    0.05                           clk (net)
                  0.23    0.00    0.17 ^ clkbuf_0_clk/A (sky130_fd_sc_hd__clkbuf_16)
                  0.05    0.20    0.38 ^ clkbuf_0_clk/X (sky130_fd_sc_hd__clkbuf_16)
     4    0.03                           clknet_0_clk (net)
                  0.05    0.00    0.38 ^ clkbuf_1_0_0_clk/A (sky130_fd_sc_hd__clkbuf_8)
                  0.03    0.12    0.50 ^ clkbuf_1_0_0_clk/X (sky130_fd_sc_hd__clkbuf_8)
     1    0.01                           clknet_1_0_0_clk (net)
                  0.03    0.00    0.50 ^ clkbuf_1_0_1_clk/A (sky130_fd_sc_hd__clkbuf_8)
                  0.06    0.14    0.64 ^ clkbuf_1_0_1_clk/X (sky130_fd_sc_hd__clkbuf_8)
     4    0.03                           clknet_1_0_1_clk (net)
                  0.06    0.00    0.64 ^ clkbuf_2_0_0_clk/A (sky130_fd_sc_hd__clkbuf_8)
                  0.05    0.15    0.79 ^ clkbuf_2_0_0_clk/X (sky130_fd_sc_hd__clkbuf_8)
     4    0.02                           clknet_2_0_0_clk (net)
                  0.05    0.00    0.79 ^ clkbuf_3_0_0_clk/A (sky130_fd_sc_hd__clkbuf_8)
                  0.05    0.14    0.93 ^ clkbuf_3_0_0_clk/X (sky130_fd_sc_hd__clkbuf_8)
     4    0.02                           clknet_3_0_0_clk (net)
                  0.05    0.00    0.93 ^ clkbuf_4_1_0_clk/A (sky130_fd_sc_hd__clkbuf_8)
                  0.23    0.28    1.21 ^ clkbuf_4_1_0_clk/X (sky130_fd_sc_hd__clkbuf_8)
    22    0.13                           clknet_4_1_0_clk (net)
                  0.23    0.01    1.22 ^ clkbuf_leaf_27_clk/A (sky130_fd_sc_hd__clkbuf_16)
                  0.05    0.21    1.43 ^ clkbuf_leaf_27_clk/X (sky130_fd_sc_hd__clkbuf_16)
    11    0.03                           clknet_leaf_27_clk (net)
                  0.05    0.00    1.43 ^ _14905_/CLK (sky130_fd_sc_hd__dfrtp_1)
                         -0.06    1.37   clock reconvergence pessimism
                         -0.03    1.33   library hold time
                                  1.33   data required time
-----------------------------------------------------------------------------
                                  1.33   data required time
                                 -1.78   data arrival time
-----------------------------------------------------------------------------
                                  0.44   slack (MET)


Startpoint: _15477_ (rising edge-triggered flip-flop clocked by clk)
Endpoint: _15218_ (rising edge-triggered flip-flop clocked by clk)
Path Group: clk
Path Type: min

Fanout     Cap    Slew   Delay    Time   Description
-----------------------------------------------------------------------------
                          0.00    0.00   clock clk (rise edge)
                          0.00    0.00   clock source latency
                  0.23    0.16    0.16 ^ clk (in)
     2    0.05                           clk (net)
                  0.23    0.00    0.16 ^ clkbuf_0_clk/A (sky130_fd_sc_hd__clkbuf_16)
                  0.05    0.18    0.34 ^ clkbuf_0_clk/X (sky130_fd_sc_hd__clkbuf_16)
     4    0.03                           clknet_0_clk (net)
                  0.05    0.00    0.34 ^ clkbuf_1_1_0_clk/A (sky130_fd_sc_hd__clkbuf_8)
                  0.03    0.11    0.45 ^ clkbuf_1_1_0_clk/X (sky130_fd_sc_hd__clkbuf_8)
     1    0.01                           clknet_1_1_0_clk (net)
                  0.03    0.00    0.45 ^ clkbuf_1_1_1_clk/A (sky130_fd_sc_hd__clkbuf_8)
                  0.06    0.13    0.58 ^ clkbuf_1_1_1_clk/X (sky130_fd_sc_hd__clkbuf_8)
     4    0.02                           clknet_1_1_1_clk (net)
                  0.06    0.00    0.58 ^ clkbuf_2_3_0_clk/A (sky130_fd_sc_hd__clkbuf_8)
                  0.06    0.13    0.71 ^ clkbuf_2_3_0_clk/X (sky130_fd_sc_hd__clkbuf_8)
     4    0.02                           clknet_2_3_0_clk (net)
                  0.06    0.00    0.71 ^ clkbuf_3_6_0_clk/A (sky130_fd_sc_hd__clkbuf_8)
                  0.05    0.13    0.84 ^ clkbuf_3_6_0_clk/X (sky130_fd_sc_hd__clkbuf_8)
     4    0.02                           clknet_3_6_0_clk (net)
                  0.05    0.00    0.84 ^ clkbuf_4_12_0_clk/A (sky130_fd_sc_hd__clkbuf_8)
                  0.22    0.25    1.09 ^ clkbuf_4_12_0_clk/X (sky130_fd_sc_hd__clkbuf_8)
    22    0.13                           clknet_4_12_0_clk (net)
                  0.22    0.00    1.09 ^ clkbuf_leaf_86_clk/A (sky130_fd_sc_hd__clkbuf_16)
                  0.04    0.17    1.27 ^ clkbuf_leaf_86_clk/X (sky130_fd_sc_hd__clkbuf_16)
     6    0.02                           clknet_leaf_86_clk (net)
                  0.04    0.00    1.27 ^ _15477_/CLK (sky130_fd_sc_hd__dfrtp_1)
                  0.19    0.41    1.67 ^ _15477_/Q (sky130_fd_sc_hd__dfrtp_1)
     5    0.02                           stg1_i_2[0] (net)
                  0.19    0.00    1.67 ^ _07914_/B (sky130_fd_sc_hd__xor2_1)
                  0.04    0.09    1.76 v _07914_/X (sky130_fd_sc_hd__xor2_1)
     1    0.00                           _00102_ (net)
                  0.04    0.00    1.76 v _15218_/D (sky130_fd_sc_hd__dfrtp_4)
                                  1.76   data arrival time

                          0.00    0.00   clock clk (rise edge)
                          0.00    0.00   clock source latency
                  0.23    0.17    0.17 ^ clk (in)
     2    0.05                           clk (net)
                  0.23    0.00    0.17 ^ clkbuf_0_clk/A (sky130_fd_sc_hd__clkbuf_16)
                  0.05    0.20    0.38 ^ clkbuf_0_clk/X (sky130_fd_sc_hd__clkbuf_16)
     4    0.03                           clknet_0_clk (net)
                  0.05    0.00    0.38 ^ clkbuf_1_0_0_clk/A (sky130_fd_sc_hd__clkbuf_8)
                  0.03    0.12    0.50 ^ clkbuf_1_0_0_clk/X (sky130_fd_sc_hd__clkbuf_8)
     1    0.01                           clknet_1_0_0_clk (net)
                  0.03    0.00    0.50 ^ clkbuf_1_0_1_clk/A (sky130_fd_sc_hd__clkbuf_8)
                  0.06    0.14    0.64 ^ clkbuf_1_0_1_clk/X (sky130_fd_sc_hd__clkbuf_8)
     4    0.03                           clknet_1_0_1_clk (net)
                  0.06    0.00    0.64 ^ clkbuf_2_1_0_clk/A (sky130_fd_sc_hd__clkbuf_8)
                  0.05    0.15    0.78 ^ clkbuf_2_1_0_clk/X (sky130_fd_sc_hd__clkbuf_8)
     4    0.02                           clknet_2_1_0_clk (net)
                  0.05    0.00    0.79 ^ clkbuf_3_3_0_clk/A (sky130_fd_sc_hd__clkbuf_8)
                  0.05    0.14    0.92 ^ clkbuf_3_3_0_clk/X (sky130_fd_sc_hd__clkbuf_8)
     2    0.02                           clknet_3_3_0_clk (net)
                  0.05    0.00    0.92 ^ clkbuf_4_6_0_clk/A (sky130_fd_sc_hd__clkbuf_8)
                  0.21    0.26    1.19 ^ clkbuf_4_6_0_clk/X (sky130_fd_sc_hd__clkbuf_8)
    20    0.12                           clknet_4_6_0_clk (net)
                  0.21    0.00    1.19 ^ clkbuf_leaf_56_clk/A (sky130_fd_sc_hd__clkbuf_16)
                  0.05    0.20    1.39 ^ clkbuf_leaf_56_clk/X (sky130_fd_sc_hd__clkbuf_16)
     9    0.03                           clknet_leaf_56_clk (net)
                  0.05    0.00    1.39 ^ _15218_/CLK (sky130_fd_sc_hd__dfrtp_4)
                         -0.04    1.35   clock reconvergence pessimism
                         -0.04    1.31   library hold time
                                  1.31   data required time
-----------------------------------------------------------------------------
                                  1.31   data required time
                                 -1.76   data arrival time
-----------------------------------------------------------------------------
                                  0.45   slack (MET)


