
===========================================================================
report_checks -unconstrained
============================================================================
Startpoint: rst (input port clocked by clk)
Endpoint: _15673_ (recovery check against rising-edge clock clk)
Path Group: **async_default**
Path Type: max

Fanout     Cap    Slew   Delay    Time   Description
-----------------------------------------------------------------------------
                  0.15    0.00    0.00   clock clk (rise edge)
                          0.00    0.00   clock network delay (ideal)
                          5.00    5.00 v input external delay
                  0.01    0.00    5.00 v rst (in)
     1    0.00                           rst (net)
                  0.01    0.00    5.00 v input2/A (sky130_fd_sc_hd__clkbuf_1)
                  0.06    0.10    5.11 v input2/X (sky130_fd_sc_hd__clkbuf_1)
     1    0.01                           net2 (net)
                  0.06    0.00    5.11 v _13916_/A (sky130_fd_sc_hd__buf_6)
                  0.04    0.14    5.25 v _13916_/X (sky130_fd_sc_hd__buf_6)
     2    0.02                           _07352_ (net)
                  0.04    0.00    5.25 v repeater816/A (sky130_fd_sc_hd__buf_6)
                  0.07    0.16    5.41 v repeater816/X (sky130_fd_sc_hd__buf_6)
     6    0.07                           net816 (net)
                  0.07    0.01    5.43 v _14641_/A (sky130_fd_sc_hd__buf_4)
                  0.08    0.21    5.64 v _14641_/X (sky130_fd_sc_hd__buf_4)
    10    0.05                           _01850_ (net)
                  0.08    0.00    5.64 v _14742_/A (sky130_fd_sc_hd__buf_6)
                  0.04    0.16    5.80 v _14742_/X (sky130_fd_sc_hd__buf_6)
     4    0.03                           _01856_ (net)
                  0.04    0.00    5.80 v repeater665/A (sky130_fd_sc_hd__buf_6)
                  0.05    0.15    5.94 v repeater665/X (sky130_fd_sc_hd__buf_6)
     5    0.04                           net665 (net)
                  0.05    0.01    5.95 v repeater664/A (sky130_fd_sc_hd__buf_4)
                  0.08    0.20    6.15 v repeater664/X (sky130_fd_sc_hd__buf_4)
     5    0.05                           net664 (net)
                  0.08    0.00    6.15 v _14747_/A (sky130_fd_sc_hd__inv_2)
                  0.03    0.06    6.21 ^ _14747_/Y (sky130_fd_sc_hd__inv_2)
     1    0.00                           _01443_ (net)
                  0.03    0.00    6.21 ^ _15673_/RESET_B (sky130_fd_sc_hd__dfrtp_2)
                                  6.21   data arrival time

                  0.15   25.00   25.00   clock clk (rise edge)
                          0.00   25.00   clock network delay (ideal)
                         -0.20   24.80   clock uncertainty
                          0.00   24.80   clock reconvergence pessimism
                                 24.80 ^ _15673_/CLK (sky130_fd_sc_hd__dfrtp_2)
                          0.25   25.05   library recovery time
                                 25.05   data required time
-----------------------------------------------------------------------------
                                 25.05   data required time
                                 -6.21   data arrival time
-----------------------------------------------------------------------------
                                 18.84   slack (MET)


Startpoint: _15710_ (rising edge-triggered flip-flop clocked by clk)
Endpoint: y_r_4[16] (output port clocked by clk)
Path Group: clk
Path Type: max

Fanout     Cap    Slew   Delay    Time   Description
-----------------------------------------------------------------------------
                  0.15    0.00    0.00   clock clk (rise edge)
                          0.00    0.00   clock network delay (ideal)
                  0.15    0.00    0.00 ^ _15710_/CLK (sky130_fd_sc_hd__dfrtp_1)
                  0.08    0.46    0.46 v _15710_/Q (sky130_fd_sc_hd__dfrtp_1)
     3    0.01                           stg3_r_0[1] (net)
                  0.08    0.00    0.46 v _10718_/B_N (sky130_fd_sc_hd__or2b_1)
                  0.08    0.21    0.67 ^ _10718_/X (sky130_fd_sc_hd__or2b_1)
     3    0.01                           _04490_ (net)
                  0.08    0.00    0.67 ^ _10720_/A (sky130_fd_sc_hd__nand2_1)
                  0.09    0.11    0.77 v _10720_/Y (sky130_fd_sc_hd__nand2_1)
     4    0.01                           _04492_ (net)
                  0.09    0.00    0.77 v _11249_/B1 (sky130_fd_sc_hd__a21o_1)
                  0.06    0.20    0.97 v _11249_/X (sky130_fd_sc_hd__a21o_1)
     3    0.01                           _04909_ (net)
                  0.06    0.00    0.97 v _11252_/A2 (sky130_fd_sc_hd__a21oi_1)
                  0.23    0.24    1.21 ^ _11252_/Y (sky130_fd_sc_hd__a21oi_1)
     2    0.01                           _04911_ (net)
                  0.23    0.00    1.21 ^ _11255_/B1 (sky130_fd_sc_hd__a21o_1)
                  0.17    0.22    1.43 ^ _11255_/X (sky130_fd_sc_hd__a21o_1)
     2    0.02                           _04913_ (net)
                  0.17    0.00    1.44 ^ _11257_/B (sky130_fd_sc_hd__nand2_1)
                  0.06    0.10    1.54 v _11257_/Y (sky130_fd_sc_hd__nand2_1)
     2    0.01                           _04914_ (net)
                  0.06    0.00    1.54 v _11260_/A1 (sky130_fd_sc_hd__a21oi_1)
                  0.17    0.18    1.72 ^ _11260_/Y (sky130_fd_sc_hd__a21oi_1)
     2    0.01                           _04917_ (net)
                  0.17    0.00    1.72 ^ _11263_/B1 (sky130_fd_sc_hd__a21o_1)
                  0.18    0.22    1.94 ^ _11263_/X (sky130_fd_sc_hd__a21o_1)
     2    0.02                           _04919_ (net)
                  0.18    0.00    1.94 ^ _11265_/B (sky130_fd_sc_hd__nand2_1)
                  0.06    0.10    2.04 v _11265_/Y (sky130_fd_sc_hd__nand2_1)
     2    0.01                           _04920_ (net)
                  0.06    0.00    2.04 v _11268_/A1 (sky130_fd_sc_hd__a21oi_1)
                  0.22    0.22    2.26 ^ _11268_/Y (sky130_fd_sc_hd__a21oi_1)
     2    0.01                           _04923_ (net)
                  0.22    0.00    2.26 ^ _11271_/B1 (sky130_fd_sc_hd__a21o_1)
                  0.17    0.22    2.47 ^ _11271_/X (sky130_fd_sc_hd__a21o_1)
     2    0.02                           _04925_ (net)
                  0.17    0.00    2.47 ^ _11273_/B (sky130_fd_sc_hd__nand2_1)
                  0.06    0.09    2.57 v _11273_/Y (sky130_fd_sc_hd__nand2_1)
     2    0.01                           _04926_ (net)
                  0.06    0.00    2.57 v _11276_/A1 (sky130_fd_sc_hd__a21oi_1)
                  0.18    0.18    2.75 ^ _11276_/Y (sky130_fd_sc_hd__a21oi_1)
     2    0.01                           _04929_ (net)
                  0.18    0.00    2.75 ^ _11279_/B1 (sky130_fd_sc_hd__a21o_1)
                  0.18    0.22    2.98 ^ _11279_/X (sky130_fd_sc_hd__a21o_1)
     2    0.02                           _04931_ (net)
                  0.18    0.00    2.98 ^ _11281_/B (sky130_fd_sc_hd__nand2_1)
                  0.07    0.11    3.08 v _11281_/Y (sky130_fd_sc_hd__nand2_1)
     2    0.01                           _04932_ (net)
                  0.07    0.00    3.08 v _11284_/A1 (sky130_fd_sc_hd__a21o_1)
                  0.06    0.19    3.28 v _11284_/X (sky130_fd_sc_hd__a21o_1)
     3    0.01                           _04935_ (net)
                  0.06    0.00    3.28 v _11288_/A2 (sky130_fd_sc_hd__a21oi_1)
                  0.21    0.23    3.51 ^ _11288_/Y (sky130_fd_sc_hd__a21oi_1)
     2    0.01                           _04938_ (net)
                  0.21    0.00    3.51 ^ _11291_/B1 (sky130_fd_sc_hd__a21o_1)
                  0.12    0.18    3.69 ^ _11291_/X (sky130_fd_sc_hd__a21o_1)
     2    0.01                           _04940_ (net)
                  0.12    0.00    3.69 ^ _11293_/A2 (sky130_fd_sc_hd__a21o_1)
                  0.08    0.16    3.85 ^ _11293_/X (sky130_fd_sc_hd__a21o_1)
     2    0.01                           _04941_ (net)
                  0.08    0.00    3.85 ^ _11295_/A2 (sky130_fd_sc_hd__a21o_1)
                  0.18    0.23    4.08 ^ _11295_/X (sky130_fd_sc_hd__a21o_1)
     2    0.02                           _04942_ (net)
                  0.18    0.00    4.08 ^ _11297_/A2 (sky130_fd_sc_hd__a21o_1)
                  0.09    0.19    4.27 ^ _11297_/X (sky130_fd_sc_hd__a21o_1)
     2    0.01                           _04943_ (net)
                  0.09    0.00    4.27 ^ _11299_/A2 (sky130_fd_sc_hd__a21oi_1)
                  0.12    0.11    4.37 v _11299_/Y (sky130_fd_sc_hd__a21oi_1)
     1    0.01                           _04944_ (net)
                  0.12    0.00    4.37 v _11300_/B (sky130_fd_sc_hd__xnor2_2)
                  0.28    0.29    4.66 ^ _11300_/Y (sky130_fd_sc_hd__xnor2_2)
     1    0.02                           net471 (net)
                  0.28    0.00    4.66 ^ output471/A (sky130_fd_sc_hd__buf_2)
                  0.17    0.28    4.95 ^ output471/X (sky130_fd_sc_hd__buf_2)
     1    0.03                           y_r_4[16] (net)
                  0.17    0.00    4.95 ^ y_r_4[16] (out)
                                  4.95   data arrival time

                  0.15   25.00   25.00   clock clk (rise edge)
                          0.00   25.00   clock network delay (ideal)
                         -0.20   24.80   clock uncertainty
                          0.00   24.80   clock reconvergence pessimism
                         -5.00   19.80   output external delay
                                 19.80   data required time
-----------------------------------------------------------------------------
                                 19.80   data required time
                                 -4.95   data arrival time
-----------------------------------------------------------------------------
                                 14.85   slack (MET)



===========================================================================
report_checks --slack_max -0.01
============================================================================
No paths found.
