
===========================================================================
report_checks -path_delay min (Hold)
============================================================================
Startpoint: rst (input port clocked by clk)
Endpoint: _15799_ (removal check against rising-edge clock clk)
Path Group: **async_default**
Path Type: min

Fanout     Cap    Slew   Delay    Time   Description
-----------------------------------------------------------------------------
                  0.15    0.00    0.00   clock clk (rise edge)
                          0.00    0.00   clock network delay (ideal)
                          5.00    5.00 v input external delay
                  0.01    0.00    5.00 v rst (in)
     1    0.00                           rst (net)
                  0.01    0.00    5.00 v input2/A (sky130_fd_sc_hd__clkbuf_1)
                  0.06    0.09    5.10 v input2/X (sky130_fd_sc_hd__clkbuf_1)
     1    0.01                           net2 (net)
                  0.06    0.00    5.10 v _13916_/A (sky130_fd_sc_hd__buf_6)
                  0.04    0.13    5.23 v _13916_/X (sky130_fd_sc_hd__buf_6)
     2    0.02                           _07352_ (net)
                  0.04    0.00    5.23 v _14862_/A (sky130_fd_sc_hd__buf_8)
                  0.05    0.14    5.36 v _14862_/X (sky130_fd_sc_hd__buf_8)
    10    0.05                           _01862_ (net)
                  0.05    0.00    5.36 v _14879_/A (sky130_fd_sc_hd__inv_2)
                  0.03    0.05    5.41 ^ _14879_/Y (sky130_fd_sc_hd__inv_2)
     1    0.00                           _01569_ (net)
                  0.03    0.00    5.41 ^ _15799_/RESET_B (sky130_fd_sc_hd__dfrtp_1)
                                  5.41   data arrival time

                  0.15    0.00    0.00   clock clk (rise edge)
                          0.00    0.00   clock network delay (ideal)
                          0.00    0.00   clock reconvergence pessimism
                                  0.00 ^ _15799_/CLK (sky130_fd_sc_hd__dfrtp_1)
                          0.34    0.34   library removal time
                                  0.34   data required time
-----------------------------------------------------------------------------
                                  0.34   data required time
                                 -5.41   data arrival time
-----------------------------------------------------------------------------
                                  5.07   slack (MET)


Startpoint: rst (input port clocked by clk)
Endpoint: _15801_ (removal check against rising-edge clock clk)
Path Group: **async_default**
Path Type: min

Fanout     Cap    Slew   Delay    Time   Description
-----------------------------------------------------------------------------
                  0.15    0.00    0.00   clock clk (rise edge)
                          0.00    0.00   clock network delay (ideal)
                          5.00    5.00 v input external delay
                  0.01    0.00    5.00 v rst (in)
     1    0.00                           rst (net)
                  0.01    0.00    5.00 v input2/A (sky130_fd_sc_hd__clkbuf_1)
                  0.06    0.09    5.10 v input2/X (sky130_fd_sc_hd__clkbuf_1)
     1    0.01                           net2 (net)
                  0.06    0.00    5.10 v _13916_/A (sky130_fd_sc_hd__buf_6)
                  0.04    0.13    5.23 v _13916_/X (sky130_fd_sc_hd__buf_6)
     2    0.02                           _07352_ (net)
                  0.04    0.00    5.23 v _14862_/A (sky130_fd_sc_hd__buf_8)
                  0.05    0.14    5.36 v _14862_/X (sky130_fd_sc_hd__buf_8)
    10    0.05                           _01862_ (net)
                  0.05    0.00    5.36 v _14881_/A (sky130_fd_sc_hd__inv_2)
                  0.03    0.04    5.41 ^ _14881_/Y (sky130_fd_sc_hd__inv_2)
     1    0.00                           _01571_ (net)
                  0.03    0.00    5.41 ^ _15801_/RESET_B (sky130_fd_sc_hd__dfrtp_1)
                                  5.41   data arrival time

                  0.15    0.00    0.00   clock clk (rise edge)
                          0.00    0.00   clock network delay (ideal)
                          0.00    0.00   clock reconvergence pessimism
                                  0.00 ^ _15801_/CLK (sky130_fd_sc_hd__dfrtp_1)
                          0.34    0.34   library removal time
                                  0.34   data required time
-----------------------------------------------------------------------------
                                  0.34   data required time
                                 -5.41   data arrival time
-----------------------------------------------------------------------------
                                  5.07   slack (MET)


Startpoint: rst (input port clocked by clk)
Endpoint: _15794_ (removal check against rising-edge clock clk)
Path Group: **async_default**
Path Type: min

Fanout     Cap    Slew   Delay    Time   Description
-----------------------------------------------------------------------------
                  0.15    0.00    0.00   clock clk (rise edge)
                          0.00    0.00   clock network delay (ideal)
                          5.00    5.00 v input external delay
                  0.01    0.00    5.00 v rst (in)
     1    0.00                           rst (net)
                  0.01    0.00    5.00 v input2/A (sky130_fd_sc_hd__clkbuf_1)
                  0.06    0.09    5.10 v input2/X (sky130_fd_sc_hd__clkbuf_1)
     1    0.01                           net2 (net)
                  0.06    0.00    5.10 v _13916_/A (sky130_fd_sc_hd__buf_6)
                  0.04    0.13    5.23 v _13916_/X (sky130_fd_sc_hd__buf_6)
     2    0.02                           _07352_ (net)
                  0.04    0.00    5.23 v _14862_/A (sky130_fd_sc_hd__buf_8)
                  0.05    0.14    5.36 v _14862_/X (sky130_fd_sc_hd__buf_8)
    10    0.05                           _01862_ (net)
                  0.05    0.00    5.37 v _14874_/A (sky130_fd_sc_hd__inv_2)
                  0.03    0.04    5.41 ^ _14874_/Y (sky130_fd_sc_hd__inv_2)
     1    0.00                           _01564_ (net)
                  0.03    0.00    5.41 ^ _15794_/RESET_B (sky130_fd_sc_hd__dfrtp_1)
                                  5.41   data arrival time

                  0.15    0.00    0.00   clock clk (rise edge)
                          0.00    0.00   clock network delay (ideal)
                          0.00    0.00   clock reconvergence pessimism
                                  0.00 ^ _15794_/CLK (sky130_fd_sc_hd__dfrtp_1)
                          0.34    0.34   library removal time
                                  0.34   data required time
-----------------------------------------------------------------------------
                                  0.34   data required time
                                 -5.41   data arrival time
-----------------------------------------------------------------------------
                                  5.07   slack (MET)


Startpoint: rst (input port clocked by clk)
Endpoint: _15800_ (removal check against rising-edge clock clk)
Path Group: **async_default**
Path Type: min

Fanout     Cap    Slew   Delay    Time   Description
-----------------------------------------------------------------------------
                  0.15    0.00    0.00   clock clk (rise edge)
                          0.00    0.00   clock network delay (ideal)
                          5.00    5.00 v input external delay
                  0.01    0.00    5.00 v rst (in)
     1    0.00                           rst (net)
                  0.01    0.00    5.00 v input2/A (sky130_fd_sc_hd__clkbuf_1)
                  0.06    0.09    5.10 v input2/X (sky130_fd_sc_hd__clkbuf_1)
     1    0.01                           net2 (net)
                  0.06    0.00    5.10 v _13916_/A (sky130_fd_sc_hd__buf_6)
                  0.04    0.13    5.23 v _13916_/X (sky130_fd_sc_hd__buf_6)
     2    0.02                           _07352_ (net)
                  0.04    0.00    5.23 v _14862_/A (sky130_fd_sc_hd__buf_8)
                  0.05    0.14    5.36 v _14862_/X (sky130_fd_sc_hd__buf_8)
    10    0.05                           _01862_ (net)
                  0.05    0.00    5.36 v _14880_/A (sky130_fd_sc_hd__inv_2)
                  0.03    0.05    5.41 ^ _14880_/Y (sky130_fd_sc_hd__inv_2)
     1    0.00                           _01570_ (net)
                  0.03    0.00    5.41 ^ _15800_/RESET_B (sky130_fd_sc_hd__dfrtp_1)
                                  5.41   data arrival time

                  0.15    0.00    0.00   clock clk (rise edge)
                          0.00    0.00   clock network delay (ideal)
                          0.00    0.00   clock reconvergence pessimism
                                  0.00 ^ _15800_/CLK (sky130_fd_sc_hd__dfrtp_1)
                          0.34    0.34   library removal time
                                  0.34   data required time
-----------------------------------------------------------------------------
                                  0.34   data required time
                                 -5.41   data arrival time
-----------------------------------------------------------------------------
                                  5.07   slack (MET)


Startpoint: rst (input port clocked by clk)
Endpoint: _15796_ (removal check against rising-edge clock clk)
Path Group: **async_default**
Path Type: min

Fanout     Cap    Slew   Delay    Time   Description
-----------------------------------------------------------------------------
                  0.15    0.00    0.00   clock clk (rise edge)
                          0.00    0.00   clock network delay (ideal)
                          5.00    5.00 v input external delay
                  0.01    0.00    5.00 v rst (in)
     1    0.00                           rst (net)
                  0.01    0.00    5.00 v input2/A (sky130_fd_sc_hd__clkbuf_1)
                  0.06    0.09    5.10 v input2/X (sky130_fd_sc_hd__clkbuf_1)
     1    0.01                           net2 (net)
                  0.06    0.00    5.10 v _13916_/A (sky130_fd_sc_hd__buf_6)
                  0.04    0.13    5.23 v _13916_/X (sky130_fd_sc_hd__buf_6)
     2    0.02                           _07352_ (net)
                  0.04    0.00    5.23 v _14862_/A (sky130_fd_sc_hd__buf_8)
                  0.05    0.14    5.36 v _14862_/X (sky130_fd_sc_hd__buf_8)
    10    0.05                           _01862_ (net)
                  0.05    0.00    5.36 v _14876_/A (sky130_fd_sc_hd__inv_2)
                  0.03    0.05    5.41 ^ _14876_/Y (sky130_fd_sc_hd__inv_2)
     1    0.00                           _01566_ (net)
                  0.03    0.00    5.41 ^ _15796_/RESET_B (sky130_fd_sc_hd__dfrtp_1)
                                  5.41   data arrival time

                  0.15    0.00    0.00   clock clk (rise edge)
                          0.00    0.00   clock network delay (ideal)
                          0.00    0.00   clock reconvergence pessimism
                                  0.00 ^ _15796_/CLK (sky130_fd_sc_hd__dfrtp_1)
                          0.34    0.34   library removal time
                                  0.34   data required time
-----------------------------------------------------------------------------
                                  0.34   data required time
                                 -5.41   data arrival time
-----------------------------------------------------------------------------
                                  5.07   slack (MET)


Startpoint: _15558_ (rising edge-triggered flip-flop clocked by clk)
Endpoint: _15559_ (rising edge-triggered flip-flop clocked by clk)
Path Group: clk
Path Type: min

Fanout     Cap    Slew   Delay    Time   Description
-----------------------------------------------------------------------------
                  0.15    0.00    0.00   clock clk (rise edge)
                          0.00    0.00   clock network delay (ideal)
                  0.15    0.00    0.00 ^ _15558_/CLK (sky130_fd_sc_hd__dfrtp_1)
                  0.04    0.33    0.33 ^ _15558_/Q (sky130_fd_sc_hd__dfrtp_1)
     1    0.00                           finish_pipe[1] (net)
                  0.04    0.00    0.33 ^ _15559_/D (sky130_fd_sc_hd__dfrtp_1)
                                  0.33   data arrival time

                  0.15    0.00    0.00   clock clk (rise edge)
                          0.00    0.00   clock network delay (ideal)
                          0.00    0.00   clock reconvergence pessimism
                                  0.00 ^ _15559_/CLK (sky130_fd_sc_hd__dfrtp_1)
                         -0.02   -0.02   library hold time
                                 -0.02   data required time
-----------------------------------------------------------------------------
                                 -0.02   data required time
                                 -0.33   data arrival time
-----------------------------------------------------------------------------
                                  0.35   slack (MET)


Startpoint: _15557_ (rising edge-triggered flip-flop clocked by clk)
Endpoint: _15558_ (rising edge-triggered flip-flop clocked by clk)
Path Group: clk
Path Type: min

Fanout     Cap    Slew   Delay    Time   Description
-----------------------------------------------------------------------------
                  0.15    0.00    0.00   clock clk (rise edge)
                          0.00    0.00   clock network delay (ideal)
                  0.15    0.00    0.00 ^ _15557_/CLK (sky130_fd_sc_hd__dfrtp_1)
                  0.04    0.33    0.33 ^ _15557_/Q (sky130_fd_sc_hd__dfrtp_1)
     1    0.00                           finish_pipe[0] (net)
                  0.04    0.00    0.33 ^ _15558_/D (sky130_fd_sc_hd__dfrtp_1)
                                  0.33   data arrival time

                  0.15    0.00    0.00   clock clk (rise edge)
                          0.00    0.00   clock network delay (ideal)
                          0.00    0.00   clock reconvergence pessimism
                                  0.00 ^ _15558_/CLK (sky130_fd_sc_hd__dfrtp_1)
                         -0.02   -0.02   library hold time
                                 -0.02   data required time
-----------------------------------------------------------------------------
                                 -0.02   data required time
                                 -0.33   data arrival time
-----------------------------------------------------------------------------
                                  0.35   slack (MET)


Startpoint: _15559_ (rising edge-triggered flip-flop clocked by clk)
Endpoint: _15560_ (rising edge-triggered flip-flop clocked by clk)
Path Group: clk
Path Type: min

Fanout     Cap    Slew   Delay    Time   Description
-----------------------------------------------------------------------------
                  0.15    0.00    0.00   clock clk (rise edge)
                          0.00    0.00   clock network delay (ideal)
                  0.15    0.00    0.00 ^ _15559_/CLK (sky130_fd_sc_hd__dfrtp_1)
                  0.05    0.34    0.34 ^ _15559_/Q (sky130_fd_sc_hd__dfrtp_1)
     1    0.00                           finish_pipe[2] (net)
                  0.05    0.00    0.34 ^ _15560_/D (sky130_fd_sc_hd__dfrtp_4)
                                  0.34   data arrival time

                  0.15    0.00    0.00   clock clk (rise edge)
                          0.00    0.00   clock network delay (ideal)
                          0.00    0.00   clock reconvergence pessimism
                                  0.00 ^ _15560_/CLK (sky130_fd_sc_hd__dfrtp_4)
                         -0.02   -0.02   library hold time
                                 -0.02   data required time
-----------------------------------------------------------------------------
                                 -0.02   data required time
                                 -0.34   data arrival time
-----------------------------------------------------------------------------
                                  0.36   slack (MET)


Startpoint: _15397_ (rising edge-triggered flip-flop clocked by clk)
Endpoint: _15119_ (rising edge-triggered flip-flop clocked by clk)
Path Group: clk
Path Type: min

Fanout     Cap    Slew   Delay    Time   Description
-----------------------------------------------------------------------------
                  0.15    0.00    0.00   clock clk (rise edge)
                          0.00    0.00   clock network delay (ideal)
                  0.15    0.00    0.00 ^ _15397_/CLK (sky130_fd_sc_hd__dfrtp_2)
                  0.11    0.41    0.41 ^ _15397_/Q (sky130_fd_sc_hd__dfrtp_2)
     6    0.02                           stg1_r_5[0] (net)
                  0.11    0.00    0.41 ^ _07915_/A (sky130_fd_sc_hd__xor2_1)
                  0.03    0.07    0.48 v _07915_/X (sky130_fd_sc_hd__xor2_1)
     1    0.00                           _00594_ (net)
                  0.03    0.00    0.48 v _15119_/D (sky130_fd_sc_hd__dfrtp_2)
                                  0.48   data arrival time

                  0.15    0.00    0.00   clock clk (rise edge)
                          0.00    0.00   clock network delay (ideal)
                          0.00    0.00   clock reconvergence pessimism
                                  0.00 ^ _15119_/CLK (sky130_fd_sc_hd__dfrtp_2)
                         -0.01   -0.01   library hold time
                                 -0.01   data required time
-----------------------------------------------------------------------------
                                 -0.01   data required time
                                 -0.48   data arrival time
-----------------------------------------------------------------------------
                                  0.50   slack (MET)


Startpoint: _15561_ (rising edge-triggered flip-flop clocked by clk)
Endpoint: _15284_ (rising edge-triggered flip-flop clocked by clk)
Path Group: clk
Path Type: min

Fanout     Cap    Slew   Delay    Time   Description
-----------------------------------------------------------------------------
                  0.15    0.00    0.00   clock clk (rise edge)
                          0.00    0.00   clock network delay (ideal)
                  0.15    0.00    0.00 ^ _15561_/CLK (sky130_fd_sc_hd__dfrtp_2)
                  0.12    0.43    0.43 ^ _15561_/Q (sky130_fd_sc_hd__dfrtp_2)
     6    0.02                           stg1_i_7[0] (net)
                  0.12    0.00    0.43 ^ _07924_/A (sky130_fd_sc_hd__xor2_1)
                  0.04    0.08    0.51 v _07924_/X (sky130_fd_sc_hd__xor2_1)
     1    0.00                           _00119_ (net)
                  0.04    0.00    0.51 v _15284_/D (sky130_fd_sc_hd__dfrtp_4)
                                  0.51   data arrival time

                  0.15    0.00    0.00   clock clk (rise edge)
                          0.00    0.00   clock network delay (ideal)
                          0.00    0.00   clock reconvergence pessimism
                                  0.00 ^ _15284_/CLK (sky130_fd_sc_hd__dfrtp_4)
                         -0.02   -0.02   library hold time
                                 -0.02   data required time
-----------------------------------------------------------------------------
                                 -0.02   data required time
                                 -0.51   data arrival time
-----------------------------------------------------------------------------
                                  0.52   slack (MET)


