Instance name,  X location,  Y location,  Voltage 
PHY_422, 5.4, 584.8, 1.8
PHY_421, 594, 584.8, 1.8
PHY_423, 594, 584.8, 1.8
PHY_418, 5.4, 579.36, 1.8
PHY_420, 5.4, 579.36, 1.8
PHY_417, 594, 579.36, 1.8
PHY_419, 594, 579.36, 1.8
PHY_414, 5.4, 573.92, 1.8
PHY_416, 5.4, 573.92, 1.8
PHY_413, 594, 573.92, 1.8
PHY_415, 594, 573.92, 1.8
PHY_410, 5.4, 568.48, 1.8
PHY_412, 5.4, 568.48, 1.8
PHY_409, 594, 568.48, 1.8
PHY_411, 594, 568.48, 1.8
PHY_406, 5.4, 563.04, 1.8
PHY_408, 5.4, 563.04, 1.8
PHY_405, 594, 563.04, 1.8
PHY_407, 594, 563.04, 1.8
PHY_402, 5.4, 557.6, 1.8
PHY_404, 5.4, 557.6, 1.8
PHY_401, 594, 557.6, 1.8
PHY_403, 594, 557.6, 1.8
PHY_398, 5.4, 552.16, 1.8
PHY_400, 5.4, 552.16, 1.8
PHY_397, 594, 552.16, 1.8
PHY_399, 594, 552.16, 1.8
PHY_394, 5.4, 546.72, 1.8
PHY_396, 5.4, 546.72, 1.8
PHY_393, 594, 546.72, 1.8
PHY_395, 594, 546.72, 1.8
PHY_390, 5.4, 541.28, 1.8
PHY_392, 5.4, 541.28, 1.8
PHY_389, 594, 541.28, 1.8
PHY_391, 594, 541.28, 1.8
PHY_386, 5.4, 535.84, 1.8
PHY_388, 5.4, 535.84, 1.8
PHY_385, 594, 535.84, 1.8
PHY_387, 594, 535.84, 1.8
PHY_382, 5.4, 530.4, 1.8
PHY_384, 5.4, 530.4, 1.8
PHY_381, 594, 530.4, 1.8
PHY_383, 594, 530.4, 1.8
PHY_378, 5.4, 524.96, 1.8
PHY_380, 5.4, 524.96, 1.8
PHY_377, 594, 524.96, 1.8
PHY_379, 594, 524.96, 1.8
PHY_374, 5.4, 519.52, 1.8
PHY_376, 5.4, 519.52, 1.8
PHY_373, 594, 519.52, 1.8
PHY_375, 594, 519.52, 1.8
PHY_370, 5.4, 514.08, 1.8
PHY_372, 5.4, 514.08, 1.8
PHY_369, 594, 514.08, 1.8
PHY_371, 594, 514.08, 1.8
PHY_366, 5.4, 508.64, 1.8
PHY_368, 5.4, 508.64, 1.8
PHY_365, 594, 508.64, 1.8
PHY_367, 594, 508.64, 1.8
PHY_362, 5.4, 503.2, 1.8
PHY_364, 5.4, 503.2, 1.8
PHY_361, 594, 503.2, 1.8
PHY_363, 594, 503.2, 1.8
PHY_358, 5.4, 497.76, 1.8
PHY_360, 5.4, 497.76, 1.8
PHY_357, 594, 497.76, 1.8
PHY_359, 594, 497.76, 1.8
PHY_354, 5.4, 492.32, 1.8
PHY_356, 5.4, 492.32, 1.8
PHY_353, 594, 492.32, 1.8
PHY_355, 594, 492.32, 1.8
PHY_350, 5.4, 486.88, 1.8
PHY_352, 5.4, 486.88, 1.8
PHY_349, 594, 486.88, 1.8
PHY_351, 594, 486.88, 1.8
PHY_346, 5.4, 481.44, 1.8
PHY_348, 5.4, 481.44, 1.8
PHY_345, 594, 481.44, 1.8
PHY_347, 594, 481.44, 1.8
PHY_342, 5.4, 476, 1.8
PHY_344, 5.4, 476, 1.8
PHY_341, 594, 476, 1.8
PHY_343, 594, 476, 1.8
PHY_338, 5.4, 470.56, 1.8
PHY_340, 5.4, 470.56, 1.8
PHY_337, 594, 470.56, 1.8
PHY_339, 594, 470.56, 1.8
PHY_334, 5.4, 465.12, 1.8
PHY_336, 5.4, 465.12, 1.8
PHY_333, 594, 465.12, 1.8
PHY_335, 594, 465.12, 1.8
PHY_330, 5.4, 459.68, 1.8
PHY_332, 5.4, 459.68, 1.8
PHY_329, 594, 459.68, 1.8
PHY_331, 594, 459.68, 1.8
PHY_326, 5.4, 454.24, 1.8
PHY_328, 5.4, 454.24, 1.8
PHY_325, 594, 454.24, 1.8
PHY_327, 594, 454.24, 1.8
PHY_322, 5.4, 448.8, 1.8
PHY_324, 5.4, 448.8, 1.8
PHY_321, 594, 448.8, 1.8
PHY_323, 594, 448.8, 1.8
PHY_318, 5.4, 443.36, 1.8
PHY_320, 5.4, 443.36, 1.8
PHY_317, 594, 443.36, 1.8
PHY_319, 594, 443.36, 1.8
PHY_314, 5.4, 437.92, 1.8
PHY_316, 5.4, 437.92, 1.8
PHY_313, 594, 437.92, 1.8
PHY_315, 594, 437.92, 1.8
PHY_310, 5.4, 432.48, 1.8
PHY_312, 5.4, 432.48, 1.8
PHY_309, 594, 432.48, 1.8
PHY_311, 594, 432.48, 1.8
PHY_306, 5.4, 427.04, 1.8
PHY_308, 5.4, 427.04, 1.8
PHY_305, 594, 427.04, 1.8
PHY_307, 594, 427.04, 1.8
PHY_302, 5.4, 421.6, 1.8
PHY_304, 5.4, 421.6, 1.8
PHY_301, 594, 421.6, 1.8
PHY_303, 594, 421.6, 1.8
PHY_298, 5.4, 416.16, 1.8
PHY_300, 5.4, 416.16, 1.8
PHY_297, 594, 416.16, 1.8
PHY_299, 594, 416.16, 1.8
PHY_294, 5.4, 410.72, 1.8
PHY_296, 5.4, 410.72, 1.8
PHY_293, 594, 410.72, 1.8
PHY_295, 594, 410.72, 1.8
PHY_290, 5.4, 405.28, 1.8
PHY_292, 5.4, 405.28, 1.8
PHY_289, 594, 405.28, 1.8
PHY_291, 594, 405.28, 1.8
PHY_286, 5.4, 399.84, 1.8
PHY_288, 5.4, 399.84, 1.8
PHY_285, 594, 399.84, 1.8
PHY_287, 594, 399.84, 1.8
PHY_282, 5.4, 394.4, 1.8
PHY_284, 5.4, 394.4, 1.8
PHY_281, 594, 394.4, 1.8
PHY_283, 594, 394.4, 1.8
PHY_278, 5.4, 388.96, 1.8
PHY_280, 5.4, 388.96, 1.8
PHY_277, 594, 388.96, 1.8
PHY_279, 594, 388.96, 1.8
PHY_274, 5.4, 383.52, 1.8
PHY_276, 5.4, 383.52, 1.8
PHY_273, 594, 383.52, 1.8
PHY_275, 594, 383.52, 1.8
PHY_270, 5.4, 378.08, 1.8
PHY_272, 5.4, 378.08, 1.8
PHY_269, 594, 378.08, 1.8
PHY_271, 594, 378.08, 1.8
PHY_266, 5.4, 372.64, 1.8
PHY_268, 5.4, 372.64, 1.8
PHY_265, 594, 372.64, 1.8
PHY_267, 594, 372.64, 1.8
PHY_262, 5.4, 367.2, 1.8
PHY_264, 5.4, 367.2, 1.8
PHY_261, 594, 367.2, 1.8
PHY_263, 594, 367.2, 1.8
PHY_258, 5.4, 361.76, 1.8
PHY_260, 5.4, 361.76, 1.8
PHY_257, 594, 361.76, 1.8
PHY_259, 594, 361.76, 1.8
PHY_254, 5.4, 356.32, 1.8
PHY_256, 5.4, 356.32, 1.8
PHY_253, 594, 356.32, 1.8
PHY_255, 594, 356.32, 1.8
PHY_250, 5.4, 350.88, 1.8
PHY_252, 5.4, 350.88, 1.8
PHY_249, 594, 350.88, 1.8
PHY_251, 594, 350.88, 1.8
PHY_246, 5.4, 345.44, 1.8
PHY_248, 5.4, 345.44, 1.8
PHY_245, 594, 345.44, 1.8
PHY_247, 594, 345.44, 1.8
PHY_242, 5.4, 340, 1.8
PHY_244, 5.4, 340, 1.8
PHY_241, 594, 340, 1.8
PHY_243, 594, 340, 1.8
PHY_238, 5.4, 334.56, 1.8
PHY_240, 5.4, 334.56, 1.8
PHY_237, 594, 334.56, 1.8
PHY_239, 594, 334.56, 1.8
PHY_234, 5.4, 329.12, 1.8
PHY_236, 5.4, 329.12, 1.8
PHY_233, 594, 329.12, 1.8
PHY_235, 594, 329.12, 1.8
PHY_230, 5.4, 323.68, 1.8
PHY_232, 5.4, 323.68, 1.8
PHY_229, 594, 323.68, 1.8
PHY_231, 594, 323.68, 1.8
PHY_226, 5.4, 318.24, 1.8
PHY_228, 5.4, 318.24, 1.8
PHY_225, 594, 318.24, 1.8
PHY_227, 594, 318.24, 1.8
PHY_222, 5.4, 312.8, 1.8
PHY_224, 5.4, 312.8, 1.8
PHY_221, 594, 312.8, 1.8
PHY_223, 594, 312.8, 1.8
PHY_218, 5.4, 307.36, 1.8
PHY_220, 5.4, 307.36, 1.8
PHY_217, 594, 307.36, 1.8
PHY_219, 594, 307.36, 1.8
PHY_214, 5.4, 301.92, 1.8
PHY_216, 5.4, 301.92, 1.8
PHY_213, 594, 301.92, 1.8
PHY_215, 594, 301.92, 1.8
PHY_210, 5.4, 296.48, 1.8
PHY_212, 5.4, 296.48, 1.8
PHY_209, 594, 296.48, 1.8
PHY_211, 594, 296.48, 1.8
PHY_206, 5.4, 291.04, 1.8
PHY_208, 5.4, 291.04, 1.8
PHY_205, 594, 291.04, 1.8
PHY_207, 594, 291.04, 1.8
PHY_202, 5.4, 285.6, 1.8
PHY_204, 5.4, 285.6, 1.8
PHY_201, 594, 285.6, 1.8
PHY_203, 594, 285.6, 1.8
PHY_198, 5.4, 280.16, 1.8
PHY_200, 5.4, 280.16, 1.8
PHY_197, 594, 280.16, 1.8
PHY_199, 594, 280.16, 1.8
PHY_194, 5.4, 274.72, 1.8
PHY_196, 5.4, 274.72, 1.8
PHY_193, 594, 274.72, 1.8
PHY_195, 594, 274.72, 1.8
PHY_190, 5.4, 269.28, 1.8
PHY_192, 5.4, 269.28, 1.8
PHY_189, 594, 269.28, 1.8
PHY_191, 594, 269.28, 1.8
PHY_186, 5.4, 263.84, 1.8
PHY_188, 5.4, 263.84, 1.8
PHY_185, 594, 263.84, 1.8
PHY_187, 594, 263.84, 1.8
PHY_182, 5.4, 258.4, 1.8
PHY_184, 5.4, 258.4, 1.8
PHY_181, 594, 258.4, 1.8
PHY_183, 594, 258.4, 1.8
PHY_178, 5.4, 252.96, 1.8
PHY_180, 5.4, 252.96, 1.8
PHY_177, 594, 252.96, 1.8
PHY_179, 594, 252.96, 1.8
PHY_174, 5.4, 247.52, 1.8
PHY_176, 5.4, 247.52, 1.8
PHY_173, 594, 247.52, 1.8
PHY_175, 594, 247.52, 1.8
PHY_170, 5.4, 242.08, 1.8
PHY_172, 5.4, 242.08, 1.8
PHY_169, 594, 242.08, 1.8
PHY_171, 594, 242.08, 1.8
PHY_166, 5.4, 236.64, 1.8
PHY_168, 5.4, 236.64, 1.8
PHY_165, 594, 236.64, 1.8
PHY_167, 594, 236.64, 1.8
PHY_162, 5.4, 231.2, 1.8
PHY_164, 5.4, 231.2, 1.8
PHY_161, 594, 231.2, 1.8
PHY_163, 594, 231.2, 1.8
PHY_158, 5.4, 225.76, 1.8
PHY_160, 5.4, 225.76, 1.8
PHY_157, 594, 225.76, 1.8
PHY_159, 594, 225.76, 1.8
PHY_154, 5.4, 220.32, 1.8
PHY_156, 5.4, 220.32, 1.8
PHY_153, 594, 220.32, 1.8
PHY_155, 594, 220.32, 1.8
PHY_150, 5.4, 214.88, 1.8
PHY_152, 5.4, 214.88, 1.8
PHY_149, 594, 214.88, 1.8
PHY_151, 594, 214.88, 1.8
PHY_146, 5.4, 209.44, 1.8
PHY_148, 5.4, 209.44, 1.8
PHY_145, 594, 209.44, 1.8
PHY_147, 594, 209.44, 1.8
PHY_142, 5.4, 204, 1.8
PHY_144, 5.4, 204, 1.8
PHY_141, 594, 204, 1.8
PHY_143, 594, 204, 1.8
PHY_138, 5.4, 198.56, 1.8
PHY_140, 5.4, 198.56, 1.8
PHY_137, 594, 198.56, 1.8
PHY_139, 594, 198.56, 1.8
PHY_134, 5.4, 193.12, 1.8
PHY_136, 5.4, 193.12, 1.8
PHY_133, 594, 193.12, 1.8
PHY_135, 594, 193.12, 1.8
PHY_130, 5.4, 187.68, 1.8
PHY_132, 5.4, 187.68, 1.8
PHY_129, 594, 187.68, 1.8
PHY_131, 594, 187.68, 1.8
PHY_126, 5.4, 182.24, 1.8
PHY_128, 5.4, 182.24, 1.8
PHY_125, 594, 182.24, 1.8
PHY_127, 594, 182.24, 1.8
PHY_122, 5.4, 176.8, 1.8
PHY_124, 5.4, 176.8, 1.8
PHY_121, 594, 176.8, 1.8
PHY_123, 594, 176.8, 1.8
PHY_118, 5.4, 171.36, 1.8
PHY_120, 5.4, 171.36, 1.8
PHY_117, 594, 171.36, 1.8
PHY_119, 594, 171.36, 1.8
PHY_114, 5.4, 165.92, 1.8
PHY_116, 5.4, 165.92, 1.8
PHY_113, 594, 165.92, 1.8
PHY_115, 594, 165.92, 1.8
PHY_110, 5.4, 160.48, 1.8
PHY_112, 5.4, 160.48, 1.8
PHY_109, 594, 160.48, 1.8
PHY_111, 594, 160.48, 1.8
PHY_106, 5.4, 155.04, 1.8
PHY_108, 5.4, 155.04, 1.8
PHY_105, 594, 155.04, 1.8
PHY_107, 594, 155.04, 1.8
PHY_102, 5.4, 149.6, 1.8
PHY_104, 5.4, 149.6, 1.8
PHY_101, 594, 149.6, 1.8
PHY_103, 594, 149.6, 1.8
PHY_100, 5.4, 144.16, 1.8
PHY_98, 5.4, 144.16, 1.8
PHY_97, 594, 144.16, 1.8
PHY_99, 594, 144.16, 1.8
PHY_94, 5.4, 138.72, 1.8
PHY_96, 5.4, 138.72, 1.8
PHY_93, 594, 138.72, 1.8
PHY_95, 594, 138.72, 1.8
PHY_90, 5.4, 133.28, 1.8
PHY_92, 5.4, 133.28, 1.8
PHY_89, 594, 133.28, 1.8
PHY_91, 594, 133.28, 1.8
PHY_86, 5.4, 127.84, 1.8
PHY_88, 5.4, 127.84, 1.8
PHY_85, 594, 127.84, 1.8
PHY_87, 594, 127.84, 1.8
PHY_82, 5.4, 122.4, 1.8
PHY_84, 5.4, 122.4, 1.8
PHY_81, 594, 122.4, 1.8
PHY_83, 594, 122.4, 1.8
PHY_78, 5.4, 116.96, 1.8
PHY_80, 5.4, 116.96, 1.8
PHY_77, 594, 116.96, 1.8
PHY_79, 594, 116.96, 1.8
PHY_74, 5.4, 111.52, 1.8
PHY_76, 5.4, 111.52, 1.8
PHY_73, 594, 111.52, 1.8
PHY_75, 594, 111.52, 1.8
PHY_70, 5.4, 106.08, 1.8
PHY_72, 5.4, 106.08, 1.8
PHY_69, 594, 106.08, 1.8
PHY_71, 594, 106.08, 1.8
PHY_66, 5.4, 100.64, 1.8
PHY_68, 5.4, 100.64, 1.8
PHY_65, 594, 100.64, 1.8
PHY_67, 594, 100.64, 1.8
PHY_62, 5.4, 95.2, 1.8
PHY_64, 5.4, 95.2, 1.8
PHY_61, 594, 95.2, 1.8
PHY_63, 594, 95.2, 1.8
PHY_58, 5.4, 89.76, 1.8
PHY_60, 5.4, 89.76, 1.8
PHY_57, 594, 89.76, 1.8
PHY_59, 594, 89.76, 1.8
PHY_54, 5.4, 84.32, 1.8
PHY_56, 5.4, 84.32, 1.8
PHY_53, 594, 84.32, 1.8
PHY_55, 594, 84.32, 1.8
PHY_50, 5.4, 78.88, 1.8
PHY_52, 5.4, 78.88, 1.8
PHY_49, 594, 78.88, 1.8
PHY_51, 594, 78.88, 1.8
PHY_46, 5.4, 73.44, 1.8
PHY_48, 5.4, 73.44, 1.8
PHY_45, 594, 73.44, 1.8
PHY_47, 594, 73.44, 1.8
PHY_42, 5.4, 68, 1.8
PHY_44, 5.4, 68, 1.8
PHY_41, 594, 68, 1.8
PHY_43, 594, 68, 1.8
PHY_38, 5.4, 62.56, 1.8
PHY_40, 5.4, 62.56, 1.8
PHY_37, 594, 62.56, 1.8
PHY_39, 594, 62.56, 1.8
PHY_34, 5.4, 57.12, 1.8
PHY_36, 5.4, 57.12, 1.8
PHY_33, 594, 57.12, 1.8
PHY_35, 594, 57.12, 1.8
PHY_30, 5.4, 51.68, 1.8
PHY_32, 5.4, 51.68, 1.8
PHY_29, 594, 51.68, 1.8
PHY_31, 594, 51.68, 1.8
PHY_26, 5.4, 46.24, 1.8
PHY_28, 5.4, 46.24, 1.8
PHY_25, 594, 46.24, 1.8
PHY_27, 594, 46.24, 1.8
PHY_22, 5.4, 40.8, 1.8
PHY_24, 5.4, 40.8, 1.8
PHY_21, 594, 40.8, 1.8
PHY_23, 594, 40.8, 1.8
PHY_18, 5.4, 35.36, 1.8
PHY_20, 5.4, 35.36, 1.8
PHY_17, 594, 35.36, 1.8
PHY_19, 594, 35.36, 1.8
PHY_14, 5.4, 29.92, 1.8
PHY_16, 5.4, 29.92, 1.8
PHY_13, 594, 29.92, 1.8
PHY_15, 594, 29.92, 1.8
PHY_10, 5.4, 24.48, 1.8
PHY_12, 5.4, 24.48, 1.8
PHY_11, 594, 24.48, 1.8
PHY_9, 594, 24.48, 1.8
PHY_6, 5.4, 19.04, 1.8
PHY_8, 5.4, 19.04, 1.8
PHY_5, 594, 19.04, 1.8
PHY_7, 594, 19.04, 1.8
PHY_0, 5.4, 13.6, 1.8
PHY_2, 5.4, 13.6, 1.8
PHY_4, 5.4, 13.6, 1.8
PHY_1, 594, 13.6, 1.8
PHY_3, 594, 13.6, 1.8

