OpenROAD v2.0-4194-g9d55eaa0c 
This program is licensed under the BSD-3 license. See the LICENSE file for details.
Components of this program may be licensed under more restrictive licenses which must be honored.
[INFO ODB-0222] Reading LEF file: /home/icpedia/Desktop/OpenLane/designs/fft_dit/runs/assignment/RUN_2025.08.22_00.24.08/tmp/merged.nom.lef
[INFO ODB-0223]     Created 13 technology layers
[INFO ODB-0224]     Created 25 technology vias
[INFO ODB-0225]     Created 441 library cells
[INFO ODB-0226] Finished LEF file:  /home/icpedia/Desktop/OpenLane/designs/fft_dit/runs/assignment/RUN_2025.08.22_00.24.08/tmp/merged.nom.lef
if {[info exists ::env(CLOCK_PORT)] && $::env(CLOCK_PORT) != ""} {
    create_clock [get_ports $::env(CLOCK_PORT)]  -name $::env(CLOCK_PORT)  -period $::env(CLOCK_PERIOD)
} else {
    create_clock -name __VIRTUAL_CLK__ -period $::env(CLOCK_PERIOD)
    set ::env(CLOCK_PORT) __VIRTUAL_CLK__
}
set input_delay_value [expr $::env(CLOCK_PERIOD) * $::env(IO_PCT)]
set output_delay_value [expr $::env(CLOCK_PERIOD) * $::env(IO_PCT)]
puts "\[INFO\]: Setting output delay to: $output_delay_value"
[INFO]: Setting output delay to: 5.0
puts "\[INFO\]: Setting input delay to: $input_delay_value"
[INFO]: Setting input delay to: 5.0
set_max_fanout $::env(SYNTH_MAX_FANOUT) [current_design]
set clk_input [get_port $::env(CLOCK_PORT)]
set clk_indx [lsearch [all_inputs] $clk_input]
set all_inputs_wo_clk [lreplace [all_inputs] $clk_indx $clk_indx ""]
#set rst_input [get_port resetn]
#set rst_indx [lsearch [all_inputs] $rst_input]
#set all_inputs_wo_clk_rst [lreplace $all_inputs_wo_clk $rst_indx $rst_indx ""]
set all_inputs_wo_clk_rst $all_inputs_wo_clk
# correct resetn
set_input_delay $input_delay_value  -clock [get_clocks $::env(CLOCK_PORT)] $all_inputs_wo_clk_rst
#set_input_delay 0.0 -clock [get_clocks $::env(CLOCK_PORT)] {resetn}
set_output_delay $output_delay_value  -clock [get_clocks $::env(CLOCK_PORT)] [all_outputs]
if { ![info exists ::env(SYNTH_CLK_DRIVING_CELL)] } {
    set ::env(SYNTH_CLK_DRIVING_CELL) $::env(SYNTH_DRIVING_CELL)
}
if { ![info exists ::env(SYNTH_CLK_DRIVING_CELL_PIN)] } {
    set ::env(SYNTH_CLK_DRIVING_CELL_PIN) $::env(SYNTH_DRIVING_CELL_PIN)
}
set_driving_cell -lib_cell $::env(SYNTH_DRIVING_CELL) -pin $::env(SYNTH_DRIVING_CELL_PIN) $all_inputs_wo_clk_rst
set_driving_cell -lib_cell $::env(SYNTH_CLK_DRIVING_CELL) -pin $::env(SYNTH_CLK_DRIVING_CELL_PIN) $clk_input
set cap_load [expr $::env(SYNTH_CAP_LOAD) / 1000.0]
puts "\[INFO\]: Setting load to: $cap_load"
[INFO]: Setting load to: 0.033442
set_load  $cap_load [all_outputs]
puts "\[INFO\]: Setting clock uncertainity to: $::env(SYNTH_CLOCK_UNCERTAINITY)"
[INFO]: Setting clock uncertainity to: 0.1
#set_clock_uncertainty $::env(SYNTH_CLOCK_UNCERTAINITY) [get_clocks $::env(CLOCK_PORT)]
set_clock_uncertainty -setup 0.1 [get_clocks $::env(CLOCK_PORT)]
set_clock_uncertainty -setup 0.2 [get_clocks $::env(CLOCK_PORT)]
puts "\[INFO\]: Setting clock transition to: $::env(SYNTH_CLOCK_TRANSITION)"
[INFO]: Setting clock transition to: 0.15
set_clock_transition $::env(SYNTH_CLOCK_TRANSITION) [get_clocks $::env(CLOCK_PORT)]
puts "\[INFO\]: Setting timing derate to: [expr {$::env(SYNTH_TIMING_DERATE) * 10}] %"
[INFO]: Setting timing derate to: 0.5 %
set_timing_derate -early [expr {1-$::env(SYNTH_TIMING_DERATE)}]
set_timing_derate -late [expr {1+$::env(SYNTH_TIMING_DERATE)}]
min_report

===========================================================================
report_checks -path_delay min (Hold)
============================================================================
Startpoint: rst (input port clocked by clk)
Endpoint: _15802_ (removal check against rising-edge clock clk)
Path Group: **async_default**
Path Type: min

Fanout     Cap    Slew   Delay    Time   Description
-----------------------------------------------------------------------------
                  0.15    0.00    0.00   clock clk (rise edge)
                          0.00    0.00   clock network delay (ideal)
                          5.00    5.00 v input external delay
                  0.01    0.01    5.01 v rst (in)
     1    0.00                           rst (net)
                  0.01    0.00    5.01 v _13916_/A (sky130_fd_sc_hd__buf_1)
                  0.10    0.12    5.13 v _13916_/X (sky130_fd_sc_hd__buf_1)
     7    0.02                           _07352_ (net)
                  0.10    0.00    5.13 v _13917_/A (sky130_fd_sc_hd__buf_1)
                  0.28    0.29    5.42 v _13917_/X (sky130_fd_sc_hd__buf_1)
    14    0.05                           _07353_ (net)
                  0.28    0.00    5.42 v _14882_/A (sky130_fd_sc_hd__inv_2)
                  0.07    0.10    5.52 ^ _14882_/Y (sky130_fd_sc_hd__inv_2)
     1    0.00                           _01572_ (net)
                  0.07    0.01    5.53 ^ _15802_/RESET_B (sky130_fd_sc_hd__dfrtp_2)
                                  5.53   data arrival time

                  0.15    0.00    0.00   clock clk (rise edge)
                          0.00    0.00   clock network delay (ideal)
                          0.00    0.00   clock reconvergence pessimism
                                  0.00 ^ _15802_/CLK (sky130_fd_sc_hd__dfrtp_2)
                          0.36    0.36   library removal time
                                  0.36   data required time
-----------------------------------------------------------------------------
                                  0.36   data required time
                                 -5.53   data arrival time
-----------------------------------------------------------------------------
                                  5.17   slack (MET)


Startpoint: rst (input port clocked by clk)
Endpoint: _15803_ (removal check against rising-edge clock clk)
Path Group: **async_default**
Path Type: min

Fanout     Cap    Slew   Delay    Time   Description
-----------------------------------------------------------------------------
                  0.15    0.00    0.00   clock clk (rise edge)
                          0.00    0.00   clock network delay (ideal)
                          5.00    5.00 v input external delay
                  0.01    0.01    5.01 v rst (in)
     1    0.00                           rst (net)
                  0.01    0.00    5.01 v _13916_/A (sky130_fd_sc_hd__buf_1)
                  0.10    0.12    5.13 v _13916_/X (sky130_fd_sc_hd__buf_1)
     7    0.02                           _07352_ (net)
                  0.10    0.00    5.13 v _13917_/A (sky130_fd_sc_hd__buf_1)
                  0.28    0.29    5.42 v _13917_/X (sky130_fd_sc_hd__buf_1)
    14    0.05                           _07353_ (net)
                  0.28    0.00    5.42 v _14883_/A (sky130_fd_sc_hd__inv_2)
                  0.07    0.10    5.52 ^ _14883_/Y (sky130_fd_sc_hd__inv_2)
     1    0.00                           _01573_ (net)
                  0.07    0.01    5.53 ^ _15803_/RESET_B (sky130_fd_sc_hd__dfrtp_2)
                                  5.53   data arrival time

                  0.15    0.00    0.00   clock clk (rise edge)
                          0.00    0.00   clock network delay (ideal)
                          0.00    0.00   clock reconvergence pessimism
                                  0.00 ^ _15803_/CLK (sky130_fd_sc_hd__dfrtp_2)
                          0.36    0.36   library removal time
                                  0.36   data required time
-----------------------------------------------------------------------------
                                  0.36   data required time
                                 -5.53   data arrival time
-----------------------------------------------------------------------------
                                  5.17   slack (MET)


Startpoint: rst (input port clocked by clk)
Endpoint: _15804_ (removal check against rising-edge clock clk)
Path Group: **async_default**
Path Type: min

Fanout     Cap    Slew   Delay    Time   Description
-----------------------------------------------------------------------------
                  0.15    0.00    0.00   clock clk (rise edge)
                          0.00    0.00   clock network delay (ideal)
                          5.00    5.00 v input external delay
                  0.01    0.01    5.01 v rst (in)
     1    0.00                           rst (net)
                  0.01    0.00    5.01 v _13916_/A (sky130_fd_sc_hd__buf_1)
                  0.10    0.12    5.13 v _13916_/X (sky130_fd_sc_hd__buf_1)
     7    0.02                           _07352_ (net)
                  0.10    0.00    5.13 v _13917_/A (sky130_fd_sc_hd__buf_1)
                  0.28    0.29    5.42 v _13917_/X (sky130_fd_sc_hd__buf_1)
    14    0.05                           _07353_ (net)
                  0.28    0.00    5.42 v _14884_/A (sky130_fd_sc_hd__inv_2)
                  0.07    0.10    5.52 ^ _14884_/Y (sky130_fd_sc_hd__inv_2)
     1    0.00                           _01574_ (net)
                  0.07    0.01    5.53 ^ _15804_/RESET_B (sky130_fd_sc_hd__dfrtp_2)
                                  5.53   data arrival time

                  0.15    0.00    0.00   clock clk (rise edge)
                          0.00    0.00   clock network delay (ideal)
                          0.00    0.00   clock reconvergence pessimism
                                  0.00 ^ _15804_/CLK (sky130_fd_sc_hd__dfrtp_2)
                          0.36    0.36   library removal time
                                  0.36   data required time
-----------------------------------------------------------------------------
                                  0.36   data required time
                                 -5.53   data arrival time
-----------------------------------------------------------------------------
                                  5.17   slack (MET)


Startpoint: rst (input port clocked by clk)
Endpoint: _15805_ (removal check against rising-edge clock clk)
Path Group: **async_default**
Path Type: min

Fanout     Cap    Slew   Delay    Time   Description
-----------------------------------------------------------------------------
                  0.15    0.00    0.00   clock clk (rise edge)
                          0.00    0.00   clock network delay (ideal)
                          5.00    5.00 v input external delay
                  0.01    0.01    5.01 v rst (in)
     1    0.00                           rst (net)
                  0.01    0.00    5.01 v _13916_/A (sky130_fd_sc_hd__buf_1)
                  0.10    0.12    5.13 v _13916_/X (sky130_fd_sc_hd__buf_1)
     7    0.02                           _07352_ (net)
                  0.10    0.00    5.13 v _13917_/A (sky130_fd_sc_hd__buf_1)
                  0.28    0.29    5.42 v _13917_/X (sky130_fd_sc_hd__buf_1)
    14    0.05                           _07353_ (net)
                  0.28    0.00    5.42 v _14885_/A (sky130_fd_sc_hd__inv_2)
                  0.07    0.10    5.52 ^ _14885_/Y (sky130_fd_sc_hd__inv_2)
     1    0.00                           _01575_ (net)
                  0.07    0.01    5.53 ^ _15805_/RESET_B (sky130_fd_sc_hd__dfrtp_2)
                                  5.53   data arrival time

                  0.15    0.00    0.00   clock clk (rise edge)
                          0.00    0.00   clock network delay (ideal)
                          0.00    0.00   clock reconvergence pessimism
                                  0.00 ^ _15805_/CLK (sky130_fd_sc_hd__dfrtp_2)
                          0.36    0.36   library removal time
                                  0.36   data required time
-----------------------------------------------------------------------------
                                  0.36   data required time
                                 -5.53   data arrival time
-----------------------------------------------------------------------------
                                  5.17   slack (MET)


Startpoint: rst (input port clocked by clk)
Endpoint: _15806_ (removal check against rising-edge clock clk)
Path Group: **async_default**
Path Type: min

Fanout     Cap    Slew   Delay    Time   Description
-----------------------------------------------------------------------------
                  0.15    0.00    0.00   clock clk (rise edge)
                          0.00    0.00   clock network delay (ideal)
                          5.00    5.00 v input external delay
                  0.01    0.01    5.01 v rst (in)
     1    0.00                           rst (net)
                  0.01    0.00    5.01 v _13916_/A (sky130_fd_sc_hd__buf_1)
                  0.10    0.12    5.13 v _13916_/X (sky130_fd_sc_hd__buf_1)
     7    0.02                           _07352_ (net)
                  0.10    0.00    5.13 v _13917_/A (sky130_fd_sc_hd__buf_1)
                  0.28    0.29    5.42 v _13917_/X (sky130_fd_sc_hd__buf_1)
    14    0.05                           _07353_ (net)
                  0.28    0.00    5.42 v _14886_/A (sky130_fd_sc_hd__inv_2)
                  0.07    0.10    5.52 ^ _14886_/Y (sky130_fd_sc_hd__inv_2)
     1    0.00                           _01576_ (net)
                  0.07    0.01    5.53 ^ _15806_/RESET_B (sky130_fd_sc_hd__dfrtp_2)
                                  5.53   data arrival time

                  0.15    0.00    0.00   clock clk (rise edge)
                          0.00    0.00   clock network delay (ideal)
                          0.00    0.00   clock reconvergence pessimism
                                  0.00 ^ _15806_/CLK (sky130_fd_sc_hd__dfrtp_2)
                          0.36    0.36   library removal time
                                  0.36   data required time
-----------------------------------------------------------------------------
                                  0.36   data required time
                                 -5.53   data arrival time
-----------------------------------------------------------------------------
                                  5.17   slack (MET)


Startpoint: _15557_ (rising edge-triggered flip-flop clocked by clk)
Endpoint: _15558_ (rising edge-triggered flip-flop clocked by clk)
Path Group: clk
Path Type: min

Fanout     Cap    Slew   Delay    Time   Description
-----------------------------------------------------------------------------
                  0.15    0.00    0.00   clock clk (rise edge)
                          0.00    0.00   clock network delay (ideal)
                  0.15    0.00    0.00 ^ _15557_/CLK (sky130_fd_sc_hd__dfrtp_2)
                  0.04    0.35    0.35 ^ _15557_/Q (sky130_fd_sc_hd__dfrtp_2)
     1    0.00                           finish_pipe[0] (net)
                  0.04    0.00    0.35 ^ _15558_/D (sky130_fd_sc_hd__dfrtp_2)
                                  0.35   data arrival time

                  0.15    0.00    0.00   clock clk (rise edge)
                          0.00    0.00   clock network delay (ideal)
                          0.00    0.00   clock reconvergence pessimism
                                  0.00 ^ _15558_/CLK (sky130_fd_sc_hd__dfrtp_2)
                         -0.02   -0.02   library hold time
                                 -0.02   data required time
-----------------------------------------------------------------------------
                                 -0.02   data required time
                                 -0.35   data arrival time
-----------------------------------------------------------------------------
                                  0.37   slack (MET)


Startpoint: _15558_ (rising edge-triggered flip-flop clocked by clk)
Endpoint: _15559_ (rising edge-triggered flip-flop clocked by clk)
Path Group: clk
Path Type: min

Fanout     Cap    Slew   Delay    Time   Description
-----------------------------------------------------------------------------
                  0.15    0.00    0.00   clock clk (rise edge)
                          0.00    0.00   clock network delay (ideal)
                  0.15    0.00    0.00 ^ _15558_/CLK (sky130_fd_sc_hd__dfrtp_2)
                  0.04    0.35    0.35 ^ _15558_/Q (sky130_fd_sc_hd__dfrtp_2)
     1    0.00                           finish_pipe[1] (net)
                  0.04    0.00    0.35 ^ _15559_/D (sky130_fd_sc_hd__dfrtp_2)
                                  0.35   data arrival time

                  0.15    0.00    0.00   clock clk (rise edge)
                          0.00    0.00   clock network delay (ideal)
                          0.00    0.00   clock reconvergence pessimism
                                  0.00 ^ _15559_/CLK (sky130_fd_sc_hd__dfrtp_2)
                         -0.02   -0.02   library hold time
                                 -0.02   data required time
-----------------------------------------------------------------------------
                                 -0.02   data required time
                                 -0.35   data arrival time
-----------------------------------------------------------------------------
                                  0.37   slack (MET)


Startpoint: _15559_ (rising edge-triggered flip-flop clocked by clk)
Endpoint: _15560_ (rising edge-triggered flip-flop clocked by clk)
Path Group: clk
Path Type: min

Fanout     Cap    Slew   Delay    Time   Description
-----------------------------------------------------------------------------
                  0.15    0.00    0.00   clock clk (rise edge)
                          0.00    0.00   clock network delay (ideal)
                  0.15    0.00    0.00 ^ _15559_/CLK (sky130_fd_sc_hd__dfrtp_2)
                  0.04    0.35    0.35 ^ _15559_/Q (sky130_fd_sc_hd__dfrtp_2)
     1    0.00                           finish_pipe[2] (net)
                  0.04    0.00    0.35 ^ _15560_/D (sky130_fd_sc_hd__dfrtp_2)
                                  0.35   data arrival time

                  0.15    0.00    0.00   clock clk (rise edge)
                          0.00    0.00   clock network delay (ideal)
                          0.00    0.00   clock reconvergence pessimism
                                  0.00 ^ _15560_/CLK (sky130_fd_sc_hd__dfrtp_2)
                         -0.02   -0.02   library hold time
                                 -0.02   data required time
-----------------------------------------------------------------------------
                                 -0.02   data required time
                                 -0.35   data arrival time
-----------------------------------------------------------------------------
                                  0.37   slack (MET)


Startpoint: _15381_ (rising edge-triggered flip-flop clocked by clk)
Endpoint: _15119_ (rising edge-triggered flip-flop clocked by clk)
Path Group: clk
Path Type: min

Fanout     Cap    Slew   Delay    Time   Description
-----------------------------------------------------------------------------
                  0.15    0.00    0.00   clock clk (rise edge)
                          0.00    0.00   clock network delay (ideal)
                  0.15    0.00    0.00 ^ _15381_/CLK (sky130_fd_sc_hd__dfrtp_2)
                  0.12    0.42    0.42 ^ _15381_/Q (sky130_fd_sc_hd__dfrtp_2)
     5    0.02                           stg1_r_4[0] (net)
                  0.13    0.01    0.43 ^ _07915_/B (sky130_fd_sc_hd__xor2_2)
                  0.03    0.07    0.50 v _07915_/X (sky130_fd_sc_hd__xor2_2)
     1    0.00                           _00594_ (net)
                  0.03    0.00    0.50 v _15119_/D (sky130_fd_sc_hd__dfrtp_2)
                                  0.50   data arrival time

                  0.15    0.00    0.00   clock clk (rise edge)
                          0.00    0.00   clock network delay (ideal)
                          0.00    0.00   clock reconvergence pessimism
                                  0.00 ^ _15119_/CLK (sky130_fd_sc_hd__dfrtp_2)
                         -0.01   -0.01   library hold time
                                 -0.01   data required time
-----------------------------------------------------------------------------
                                 -0.01   data required time
                                 -0.50   data arrival time
-----------------------------------------------------------------------------
                                  0.51   slack (MET)


Startpoint: _15477_ (rising edge-triggered flip-flop clocked by clk)
Endpoint: _15218_ (rising edge-triggered flip-flop clocked by clk)
Path Group: clk
Path Type: min

Fanout     Cap    Slew   Delay    Time   Description
-----------------------------------------------------------------------------
                  0.15    0.00    0.00   clock clk (rise edge)
                          0.00    0.00   clock network delay (ideal)
                  0.15    0.00    0.00 ^ _15477_/CLK (sky130_fd_sc_hd__dfrtp_2)
                  0.12    0.42    0.42 ^ _15477_/Q (sky130_fd_sc_hd__dfrtp_2)
     5    0.02                           stg1_i_2[0] (net)
                  0.13    0.01    0.43 ^ _07914_/B (sky130_fd_sc_hd__xor2_2)
                  0.03    0.07    0.50 v _07914_/X (sky130_fd_sc_hd__xor2_2)
     1    0.00                           _00102_ (net)
                  0.03    0.00    0.50 v _15218_/D (sky130_fd_sc_hd__dfrtp_2)
                                  0.50   data arrival time

                  0.15    0.00    0.00   clock clk (rise edge)
                          0.00    0.00   clock network delay (ideal)
                          0.00    0.00   clock reconvergence pessimism
                                  0.00 ^ _15218_/CLK (sky130_fd_sc_hd__dfrtp_2)
                         -0.01   -0.01   library hold time
                                 -0.01   data required time
-----------------------------------------------------------------------------
                                 -0.01   data required time
                                 -0.50   data arrival time
-----------------------------------------------------------------------------
                                  0.51   slack (MET)


min_report_end
max_report

===========================================================================
report_checks -path_delay max (Setup)
============================================================================
Startpoint: rst (input port clocked by clk)
Endpoint: _14890_ (recovery check against rising-edge clock clk)
Path Group: **async_default**
Path Type: max

Fanout     Cap    Slew   Delay    Time   Description
-----------------------------------------------------------------------------
                  0.15    0.00    0.00   clock clk (rise edge)
                          0.00    0.00   clock network delay (ideal)
                          5.00    5.00 v input external delay
                  0.01    0.01    5.01 v rst (in)
     1    0.00                           rst (net)
                  0.01    0.00    5.01 v _13916_/A (sky130_fd_sc_hd__buf_1)
                  0.10    0.13    5.14 v _13916_/X (sky130_fd_sc_hd__buf_1)
     7    0.02                           _07352_ (net)
                  0.10    0.00    5.14 v _13917_/A (sky130_fd_sc_hd__buf_1)
                  0.28    0.32    5.46 v _13917_/X (sky130_fd_sc_hd__buf_1)
    14    0.05                           _07353_ (net)
                  0.28    0.00    5.46 v _13918_/A (sky130_fd_sc_hd__buf_1)
                  0.48    0.54    6.01 v _13918_/X (sky130_fd_sc_hd__buf_1)
    19    0.08                           _07354_ (net)
                  0.48    0.00    6.01 v _13919_/A (sky130_fd_sc_hd__inv_2)
                  0.10    0.15    6.16 ^ _13919_/Y (sky130_fd_sc_hd__inv_2)
     1    0.00                           _00660_ (net)
                  0.10    0.01    6.17 ^ _14890_/RESET_B (sky130_fd_sc_hd__dfrtp_2)
                                  6.17   data arrival time

                  0.15   25.00   25.00   clock clk (rise edge)
                          0.00   25.00   clock network delay (ideal)
                         -0.20   24.80   clock uncertainty
                          0.00   24.80   clock reconvergence pessimism
                                 24.80 ^ _14890_/CLK (sky130_fd_sc_hd__dfrtp_2)
                          0.24   25.04   library recovery time
                                 25.04   data required time
-----------------------------------------------------------------------------
                                 25.04   data required time
                                 -6.17   data arrival time
-----------------------------------------------------------------------------
                                 18.87   slack (MET)


Startpoint: rst (input port clocked by clk)
Endpoint: _14891_ (recovery check against rising-edge clock clk)
Path Group: **async_default**
Path Type: max

Fanout     Cap    Slew   Delay    Time   Description
-----------------------------------------------------------------------------
                  0.15    0.00    0.00   clock clk (rise edge)
                          0.00    0.00   clock network delay (ideal)
                          5.00    5.00 v input external delay
                  0.01    0.01    5.01 v rst (in)
     1    0.00                           rst (net)
                  0.01    0.00    5.01 v _13916_/A (sky130_fd_sc_hd__buf_1)
                  0.10    0.13    5.14 v _13916_/X (sky130_fd_sc_hd__buf_1)
     7    0.02                           _07352_ (net)
                  0.10    0.00    5.14 v _13917_/A (sky130_fd_sc_hd__buf_1)
                  0.28    0.32    5.46 v _13917_/X (sky130_fd_sc_hd__buf_1)
    14    0.05                           _07353_ (net)
                  0.28    0.00    5.46 v _13918_/A (sky130_fd_sc_hd__buf_1)
                  0.48    0.54    6.01 v _13918_/X (sky130_fd_sc_hd__buf_1)
    19    0.08                           _07354_ (net)
                  0.48    0.00    6.01 v _13920_/A (sky130_fd_sc_hd__inv_2)
                  0.10    0.15    6.16 ^ _13920_/Y (sky130_fd_sc_hd__inv_2)
     1    0.00                           _00661_ (net)
                  0.10    0.01    6.17 ^ _14891_/RESET_B (sky130_fd_sc_hd__dfrtp_2)
                                  6.17   data arrival time

                  0.15   25.00   25.00   clock clk (rise edge)
                          0.00   25.00   clock network delay (ideal)
                         -0.20   24.80   clock uncertainty
                          0.00   24.80   clock reconvergence pessimism
                                 24.80 ^ _14891_/CLK (sky130_fd_sc_hd__dfrtp_2)
                          0.24   25.04   library recovery time
                                 25.04   data required time
-----------------------------------------------------------------------------
                                 25.04   data required time
                                 -6.17   data arrival time
-----------------------------------------------------------------------------
                                 18.87   slack (MET)


Startpoint: rst (input port clocked by clk)
Endpoint: _14892_ (recovery check against rising-edge clock clk)
Path Group: **async_default**
Path Type: max

Fanout     Cap    Slew   Delay    Time   Description
-----------------------------------------------------------------------------
                  0.15    0.00    0.00   clock clk (rise edge)
                          0.00    0.00   clock network delay (ideal)
                          5.00    5.00 v input external delay
                  0.01    0.01    5.01 v rst (in)
     1    0.00                           rst (net)
                  0.01    0.00    5.01 v _13916_/A (sky130_fd_sc_hd__buf_1)
                  0.10    0.13    5.14 v _13916_/X (sky130_fd_sc_hd__buf_1)
     7    0.02                           _07352_ (net)
                  0.10    0.00    5.14 v _13917_/A (sky130_fd_sc_hd__buf_1)
                  0.28    0.32    5.46 v _13917_/X (sky130_fd_sc_hd__buf_1)
    14    0.05                           _07353_ (net)
                  0.28    0.00    5.46 v _13918_/A (sky130_fd_sc_hd__buf_1)
                  0.48    0.54    6.01 v _13918_/X (sky130_fd_sc_hd__buf_1)
    19    0.08                           _07354_ (net)
                  0.48    0.00    6.01 v _13921_/A (sky130_fd_sc_hd__inv_2)
                  0.10    0.15    6.16 ^ _13921_/Y (sky130_fd_sc_hd__inv_2)
     1    0.00                           _00662_ (net)
                  0.10    0.01    6.17 ^ _14892_/RESET_B (sky130_fd_sc_hd__dfrtp_2)
                                  6.17   data arrival time

                  0.15   25.00   25.00   clock clk (rise edge)
                          0.00   25.00   clock network delay (ideal)
                         -0.20   24.80   clock uncertainty
                          0.00   24.80   clock reconvergence pessimism
                                 24.80 ^ _14892_/CLK (sky130_fd_sc_hd__dfrtp_2)
                          0.24   25.04   library recovery time
                                 25.04   data required time
-----------------------------------------------------------------------------
                                 25.04   data required time
                                 -6.17   data arrival time
-----------------------------------------------------------------------------
                                 18.87   slack (MET)


Startpoint: rst (input port clocked by clk)
Endpoint: _14893_ (recovery check against rising-edge clock clk)
Path Group: **async_default**
Path Type: max

Fanout     Cap    Slew   Delay    Time   Description
-----------------------------------------------------------------------------
                  0.15    0.00    0.00   clock clk (rise edge)
                          0.00    0.00   clock network delay (ideal)
                          5.00    5.00 v input external delay
                  0.01    0.01    5.01 v rst (in)
     1    0.00                           rst (net)
                  0.01    0.00    5.01 v _13916_/A (sky130_fd_sc_hd__buf_1)
                  0.10    0.13    5.14 v _13916_/X (sky130_fd_sc_hd__buf_1)
     7    0.02                           _07352_ (net)
                  0.10    0.00    5.14 v _13917_/A (sky130_fd_sc_hd__buf_1)
                  0.28    0.32    5.46 v _13917_/X (sky130_fd_sc_hd__buf_1)
    14    0.05                           _07353_ (net)
                  0.28    0.00    5.46 v _13918_/A (sky130_fd_sc_hd__buf_1)
                  0.48    0.54    6.01 v _13918_/X (sky130_fd_sc_hd__buf_1)
    19    0.08                           _07354_ (net)
                  0.48    0.00    6.01 v _13922_/A (sky130_fd_sc_hd__inv_2)
                  0.10    0.15    6.16 ^ _13922_/Y (sky130_fd_sc_hd__inv_2)
     1    0.00                           _00663_ (net)
                  0.10    0.01    6.17 ^ _14893_/RESET_B (sky130_fd_sc_hd__dfrtp_2)
                                  6.17   data arrival time

                  0.15   25.00   25.00   clock clk (rise edge)
                          0.00   25.00   clock network delay (ideal)
                         -0.20   24.80   clock uncertainty
                          0.00   24.80   clock reconvergence pessimism
                                 24.80 ^ _14893_/CLK (sky130_fd_sc_hd__dfrtp_2)
                          0.24   25.04   library recovery time
                                 25.04   data required time
-----------------------------------------------------------------------------
                                 25.04   data required time
                                 -6.17   data arrival time
-----------------------------------------------------------------------------
                                 18.87   slack (MET)


Startpoint: rst (input port clocked by clk)
Endpoint: _14894_ (recovery check against rising-edge clock clk)
Path Group: **async_default**
Path Type: max

Fanout     Cap    Slew   Delay    Time   Description
-----------------------------------------------------------------------------
                  0.15    0.00    0.00   clock clk (rise edge)
                          0.00    0.00   clock network delay (ideal)
                          5.00    5.00 v input external delay
                  0.01    0.01    5.01 v rst (in)
     1    0.00                           rst (net)
                  0.01    0.00    5.01 v _13916_/A (sky130_fd_sc_hd__buf_1)
                  0.10    0.13    5.14 v _13916_/X (sky130_fd_sc_hd__buf_1)
     7    0.02                           _07352_ (net)
                  0.10    0.00    5.14 v _13917_/A (sky130_fd_sc_hd__buf_1)
                  0.28    0.32    5.46 v _13917_/X (sky130_fd_sc_hd__buf_1)
    14    0.05                           _07353_ (net)
                  0.28    0.00    5.46 v _13918_/A (sky130_fd_sc_hd__buf_1)
                  0.48    0.54    6.01 v _13918_/X (sky130_fd_sc_hd__buf_1)
    19    0.08                           _07354_ (net)
                  0.48    0.00    6.01 v _13923_/A (sky130_fd_sc_hd__inv_2)
                  0.10    0.15    6.16 ^ _13923_/Y (sky130_fd_sc_hd__inv_2)
     1    0.00                           _00664_ (net)
                  0.10    0.01    6.17 ^ _14894_/RESET_B (sky130_fd_sc_hd__dfrtp_2)
                                  6.17   data arrival time

                  0.15   25.00   25.00   clock clk (rise edge)
                          0.00   25.00   clock network delay (ideal)
                         -0.20   24.80   clock uncertainty
                          0.00   24.80   clock reconvergence pessimism
                                 24.80 ^ _14894_/CLK (sky130_fd_sc_hd__dfrtp_2)
                          0.24   25.04   library recovery time
                                 25.04   data required time
-----------------------------------------------------------------------------
                                 25.04   data required time
                                 -6.17   data arrival time
-----------------------------------------------------------------------------
                                 18.87   slack (MET)


Startpoint: _15039_ (rising edge-triggered flip-flop clocked by clk)
Endpoint: _15642_ (rising edge-triggered flip-flop clocked by clk)
Path Group: clk
Path Type: max

Fanout     Cap    Slew   Delay    Time   Description
-----------------------------------------------------------------------------
                  0.15    0.00    0.00   clock clk (rise edge)
                          0.00    0.00   clock network delay (ideal)
                  0.15    0.00    0.00 ^ _15039_/CLK (sky130_fd_sc_hd__dfrtp_2)
                  0.04    0.38    0.38 ^ _15039_/Q (sky130_fd_sc_hd__dfrtp_2)
     1    0.00                           stg3_i_7[3] (net)
                  0.04    0.00    0.39 ^ _08355_/A (sky130_fd_sc_hd__buf_1)
                  1.03    0.80    1.19 ^ _08355_/X (sky130_fd_sc_hd__buf_1)
    20    0.09                           _02561_ (net)
                  1.03    0.01    1.20 ^ _08393_/A (sky130_fd_sc_hd__xor2_2)
                  0.20    0.25    1.44 v _08393_/X (sky130_fd_sc_hd__xor2_2)
     4    0.02                           _02599_ (net)
                  0.20    0.00    1.45 v _08396_/C (sky130_fd_sc_hd__and3_2)
                  0.07    0.33    1.77 v _08396_/X (sky130_fd_sc_hd__and3_2)
     4    0.02                           _02602_ (net)
                  0.07    0.00    1.78 v _08399_/A (sky130_fd_sc_hd__or3b_2)
                  0.12    0.56    2.34 v _08399_/X (sky130_fd_sc_hd__or3b_2)
     3    0.02                           _02605_ (net)
                  0.12    0.01    2.35 v _08400_/B (sky130_fd_sc_hd__xor2_2)
                  0.09    0.19    2.54 v _08400_/X (sky130_fd_sc_hd__xor2_2)
     2    0.01                           _02606_ (net)
                  0.09    0.00    2.54 v _08402_/A3 (sky130_fd_sc_hd__a31o_2)
                  0.06    0.29    2.84 v _08402_/X (sky130_fd_sc_hd__a31o_2)
     2    0.01                           _02608_ (net)
                  0.06    0.01    2.85 v _08405_/A (sky130_fd_sc_hd__xnor2_2)
                  0.19    0.22    3.07 ^ _08405_/Y (sky130_fd_sc_hd__xnor2_2)
     2    0.01                           _02611_ (net)
                  0.19    0.01    3.08 ^ _08441_/B (sky130_fd_sc_hd__xnor2_2)
                  0.09    0.12    3.20 v _08441_/Y (sky130_fd_sc_hd__xnor2_2)
     3    0.01                           _02647_ (net)
                  0.09    0.00    3.20 v _08442_/C (sky130_fd_sc_hd__or3_2)
                  0.10    0.47    3.67 v _08442_/X (sky130_fd_sc_hd__or3_2)
     1    0.01                           _02648_ (net)
                  0.10    0.02    3.69 v _08444_/A (sky130_fd_sc_hd__xnor2_2)
                  0.23    0.26    3.95 ^ _08444_/Y (sky130_fd_sc_hd__xnor2_2)
     2    0.01                           _02650_ (net)
                  0.23    0.01    3.96 ^ _08467_/A1 (sky130_fd_sc_hd__a21oi_2)
                  0.08    0.11    4.06 v _08467_/Y (sky130_fd_sc_hd__a21oi_2)
     2    0.01                           _02673_ (net)
                  0.08    0.00    4.07 v _08669_/B (sky130_fd_sc_hd__or2_2)
                  0.06    0.30    4.37 v _08669_/X (sky130_fd_sc_hd__or2_2)
     1    0.00                           _02875_ (net)
                  0.06    0.01    4.38 v _08670_/B1 (sky130_fd_sc_hd__o21ai_2)
                  0.19    0.10    4.48 ^ _08670_/Y (sky130_fd_sc_hd__o21ai_2)
     3    0.01                           _02876_ (net)
                  0.19    0.00    4.48 ^ _12732_/A2 (sky130_fd_sc_hd__a211o_2)
                  0.09    0.22    4.70 ^ _12732_/X (sky130_fd_sc_hd__a211o_2)
     5    0.02                           _06263_ (net)
                  0.09    0.00    4.70 ^ _12879_/C_N (sky130_fd_sc_hd__or4bb_2)
                  0.11    0.67    5.36 v _12879_/X (sky130_fd_sc_hd__or4bb_2)
     2    0.01                           _06408_ (net)
                  0.11    0.00    5.37 v _12908_/A1 (sky130_fd_sc_hd__a21o_2)
                  0.09    0.28    5.65 v _12908_/X (sky130_fd_sc_hd__a21o_2)
     8    0.03                           _06437_ (net)
                  0.09    0.00    5.65 v _12985_/B (sky130_fd_sc_hd__and3b_2)
                  0.05    0.23    5.88 v _12985_/X (sky130_fd_sc_hd__and3b_2)
     3    0.01                           _06512_ (net)
                  0.05    0.00    5.88 v _12987_/A2 (sky130_fd_sc_hd__o311a_2)
                  0.05    0.38    6.26 v _12987_/X (sky130_fd_sc_hd__o311a_2)
     1    0.00                           _06514_ (net)
                  0.05    0.00    6.27 v _12990_/A2 (sky130_fd_sc_hd__a211o_2)
                  0.07    0.38    6.65 v _12990_/X (sky130_fd_sc_hd__a211o_2)
     3    0.01                           _06517_ (net)
                  0.07    0.00    6.65 v _13132_/A1 (sky130_fd_sc_hd__a21o_2)
                  0.06    0.22    6.87 v _13132_/X (sky130_fd_sc_hd__a21o_2)
     2    0.01                           _06658_ (net)
                  0.06    0.01    6.88 v _13133_/B (sky130_fd_sc_hd__xor2_2)
                  0.28    0.26    7.15 ^ _13133_/X (sky130_fd_sc_hd__xor2_2)
     4    0.02                           _06659_ (net)
                  0.28    0.01    7.16 ^ _13134_/B (sky130_fd_sc_hd__xor2_2)
                  0.13    0.17    7.33 v _13134_/X (sky130_fd_sc_hd__xor2_2)
     3    0.02                           _06660_ (net)
                  0.13    0.00    7.34 v _13138_/B (sky130_fd_sc_hd__or3_2)
                  0.10    0.53    7.86 v _13138_/X (sky130_fd_sc_hd__or3_2)
     3    0.01                           _06663_ (net)
                  0.10    0.00    7.87 v _13284_/A1 (sky130_fd_sc_hd__a21o_2)
                  0.05    0.23    8.10 v _13284_/X (sky130_fd_sc_hd__a21o_2)
     3    0.01                           _06808_ (net)
                  0.05    0.00    8.10 v _13409_/A (sky130_fd_sc_hd__or4_2)
                  0.11    0.70    8.80 v _13409_/X (sky130_fd_sc_hd__or4_2)
     1    0.00                           _06930_ (net)
                  0.11    0.01    8.81 v _13410_/C1 (sky130_fd_sc_hd__o311ai_2)
                  0.38    0.14    8.94 ^ _13410_/Y (sky130_fd_sc_hd__o311ai_2)
     2    0.01                           _06931_ (net)
                  0.38    0.01    8.95 ^ _13452_/A (sky130_fd_sc_hd__nand2_2)
                  0.09    0.10    9.05 v _13452_/Y (sky130_fd_sc_hd__nand2_2)
     2    0.01                           _06972_ (net)
                  0.09    0.01    9.05 v _13479_/A2 (sky130_fd_sc_hd__a21boi_2)
                  0.17    0.22    9.27 ^ _13479_/Y (sky130_fd_sc_hd__a21boi_2)
     3    0.01                           _06999_ (net)
                  0.17    0.01    9.28 ^ _13498_/A1 (sky130_fd_sc_hd__o21ai_2)
                  0.06    0.10    9.38 v _13498_/Y (sky130_fd_sc_hd__o21ai_2)
     3    0.01                           _07017_ (net)
                  0.06    0.00    9.38 v _13518_/B2 (sky130_fd_sc_hd__o221a_2)
                  0.07    0.26    9.64 v _13518_/X (sky130_fd_sc_hd__o221a_2)
     1    0.01                           _07035_ (net)
                  0.07    0.02    9.66 v _13527_/A (sky130_fd_sc_hd__xor2_2)
                  0.07    0.18    9.84 v _13527_/X (sky130_fd_sc_hd__xor2_2)
     1    0.00                           _00453_ (net)
                  0.07    0.00    9.84 v _15642_/D (sky130_fd_sc_hd__dfrtp_2)
                                  9.84   data arrival time

                  0.15   25.00   25.00   clock clk (rise edge)
                          0.00   25.00   clock network delay (ideal)
                         -0.20   24.80   clock uncertainty
                          0.00   24.80   clock reconvergence pessimism
                                 24.80 ^ _15642_/CLK (sky130_fd_sc_hd__dfrtp_2)
                         -0.10   24.70   library setup time
                                 24.70   data required time
-----------------------------------------------------------------------------
                                 24.70   data required time
                                 -9.84   data arrival time
-----------------------------------------------------------------------------
                                 14.86   slack (MET)


Startpoint: _15039_ (rising edge-triggered flip-flop clocked by clk)
Endpoint: _15708_ (rising edge-triggered flip-flop clocked by clk)
Path Group: clk
Path Type: max

Fanout     Cap    Slew   Delay    Time   Description
-----------------------------------------------------------------------------
                  0.15    0.00    0.00   clock clk (rise edge)
                          0.00    0.00   clock network delay (ideal)
                  0.15    0.00    0.00 ^ _15039_/CLK (sky130_fd_sc_hd__dfrtp_2)
                  0.04    0.38    0.38 ^ _15039_/Q (sky130_fd_sc_hd__dfrtp_2)
     1    0.00                           stg3_i_7[3] (net)
                  0.04    0.00    0.39 ^ _08355_/A (sky130_fd_sc_hd__buf_1)
                  1.03    0.80    1.19 ^ _08355_/X (sky130_fd_sc_hd__buf_1)
    20    0.09                           _02561_ (net)
                  1.03    0.01    1.20 ^ _08393_/A (sky130_fd_sc_hd__xor2_2)
                  0.20    0.25    1.44 v _08393_/X (sky130_fd_sc_hd__xor2_2)
     4    0.02                           _02599_ (net)
                  0.20    0.00    1.45 v _08396_/C (sky130_fd_sc_hd__and3_2)
                  0.07    0.33    1.77 v _08396_/X (sky130_fd_sc_hd__and3_2)
     4    0.02                           _02602_ (net)
                  0.07    0.00    1.78 v _08399_/A (sky130_fd_sc_hd__or3b_2)
                  0.12    0.56    2.34 v _08399_/X (sky130_fd_sc_hd__or3b_2)
     3    0.02                           _02605_ (net)
                  0.12    0.01    2.35 v _08400_/B (sky130_fd_sc_hd__xor2_2)
                  0.09    0.19    2.54 v _08400_/X (sky130_fd_sc_hd__xor2_2)
     2    0.01                           _02606_ (net)
                  0.09    0.00    2.54 v _08402_/A3 (sky130_fd_sc_hd__a31o_2)
                  0.06    0.29    2.84 v _08402_/X (sky130_fd_sc_hd__a31o_2)
     2    0.01                           _02608_ (net)
                  0.06    0.01    2.85 v _08405_/A (sky130_fd_sc_hd__xnor2_2)
                  0.19    0.22    3.07 ^ _08405_/Y (sky130_fd_sc_hd__xnor2_2)
     2    0.01                           _02611_ (net)
                  0.19    0.01    3.08 ^ _08441_/B (sky130_fd_sc_hd__xnor2_2)
                  0.09    0.12    3.20 v _08441_/Y (sky130_fd_sc_hd__xnor2_2)
     3    0.01                           _02647_ (net)
                  0.09    0.00    3.20 v _08442_/C (sky130_fd_sc_hd__or3_2)
                  0.10    0.47    3.67 v _08442_/X (sky130_fd_sc_hd__or3_2)
     1    0.01                           _02648_ (net)
                  0.10    0.02    3.69 v _08444_/A (sky130_fd_sc_hd__xnor2_2)
                  0.23    0.26    3.95 ^ _08444_/Y (sky130_fd_sc_hd__xnor2_2)
     2    0.01                           _02650_ (net)
                  0.23    0.01    3.96 ^ _08467_/A1 (sky130_fd_sc_hd__a21oi_2)
                  0.08    0.11    4.06 v _08467_/Y (sky130_fd_sc_hd__a21oi_2)
     2    0.01                           _02673_ (net)
                  0.08    0.00    4.07 v _08669_/B (sky130_fd_sc_hd__or2_2)
                  0.06    0.30    4.37 v _08669_/X (sky130_fd_sc_hd__or2_2)
     1    0.00                           _02875_ (net)
                  0.06    0.01    4.38 v _08670_/B1 (sky130_fd_sc_hd__o21ai_2)
                  0.19    0.10    4.48 ^ _08670_/Y (sky130_fd_sc_hd__o21ai_2)
     3    0.01                           _02876_ (net)
                  0.19    0.00    4.48 ^ _12732_/A2 (sky130_fd_sc_hd__a211o_2)
                  0.09    0.22    4.70 ^ _12732_/X (sky130_fd_sc_hd__a211o_2)
     5    0.02                           _06263_ (net)
                  0.09    0.00    4.70 ^ _12879_/C_N (sky130_fd_sc_hd__or4bb_2)
                  0.11    0.67    5.36 v _12879_/X (sky130_fd_sc_hd__or4bb_2)
     2    0.01                           _06408_ (net)
                  0.11    0.00    5.37 v _12908_/A1 (sky130_fd_sc_hd__a21o_2)
                  0.09    0.28    5.65 v _12908_/X (sky130_fd_sc_hd__a21o_2)
     8    0.03                           _06437_ (net)
                  0.09    0.00    5.65 v _12985_/B (sky130_fd_sc_hd__and3b_2)
                  0.05    0.23    5.88 v _12985_/X (sky130_fd_sc_hd__and3b_2)
     3    0.01                           _06512_ (net)
                  0.05    0.00    5.88 v _13688_/B (sky130_fd_sc_hd__or3b_2)
                  0.10    0.50    6.38 v _13688_/X (sky130_fd_sc_hd__or3b_2)
     2    0.01                           _07167_ (net)
                  0.11    0.01    6.39 v _13689_/B (sky130_fd_sc_hd__xnor2_2)
                  0.11    0.19    6.58 v _13689_/Y (sky130_fd_sc_hd__xnor2_2)
     3    0.02                           _07168_ (net)
                  0.11    0.00    6.58 v _13711_/C1 (sky130_fd_sc_hd__a211o_2)
                  0.07    0.32    6.91 v _13711_/X (sky130_fd_sc_hd__a211o_2)
     3    0.01                           _07188_ (net)
                  0.07    0.00    6.91 v _13734_/A2 (sky130_fd_sc_hd__a211o_2)
                  0.07    0.38    7.29 v _13734_/X (sky130_fd_sc_hd__a211o_2)
     4    0.01                           _07209_ (net)
                  0.07    0.00    7.29 v _13745_/A1 (sky130_fd_sc_hd__a21o_2)
                  0.04    0.21    7.51 v _13745_/X (sky130_fd_sc_hd__a21o_2)
     2    0.01                           _07219_ (net)
                  0.05    0.00    7.51 v _13749_/A2 (sky130_fd_sc_hd__a21o_2)
                  0.06    0.24    7.75 v _13749_/X (sky130_fd_sc_hd__a21o_2)
     4    0.01                           _07223_ (net)
                  0.06    0.00    7.75 v _13751_/C (sky130_fd_sc_hd__and3b_2)
                  0.06    0.25    8.00 v _13751_/X (sky130_fd_sc_hd__and3b_2)
     5    0.01                           _07225_ (net)
                  0.06    0.00    8.00 v _13752_/B (sky130_fd_sc_hd__or2_2)
                  0.05    0.28    8.28 v _13752_/X (sky130_fd_sc_hd__or2_2)
     1    0.00                           _07226_ (net)
                  0.05    0.00    8.29 v _13753_/A (sky130_fd_sc_hd__buf_1)
                  0.15    0.19    8.47 v _13753_/X (sky130_fd_sc_hd__buf_1)
     4    0.02                           _07227_ (net)
                  0.15    0.00    8.48 v _13759_/A3 (sky130_fd_sc_hd__o31a_2)
                  0.08    0.37    8.85 v _13759_/X (sky130_fd_sc_hd__o31a_2)
     3    0.01                           _07232_ (net)
                  0.08    0.00    8.85 v _13780_/A1 (sky130_fd_sc_hd__o31a_2)
                  0.08    0.41    9.25 v _13780_/X (sky130_fd_sc_hd__o31a_2)
     2    0.01                           _07251_ (net)
                  0.08    0.01    9.26 v _13796_/A1 (sky130_fd_sc_hd__o21ai_2)
                  0.17    0.20    9.46 ^ _13796_/Y (sky130_fd_sc_hd__o21ai_2)
     2    0.01                           _07266_ (net)
                  0.17    0.00    9.47 ^ _13800_/A2 (sky130_fd_sc_hd__a21o_2)
                  0.07    0.18    9.64 ^ _13800_/X (sky130_fd_sc_hd__a21o_2)
     1    0.01                           _07269_ (net)
                  0.07    0.02    9.66 ^ _13807_/A (sky130_fd_sc_hd__xnor2_2)
                  0.10    0.11    9.77 ^ _13807_/Y (sky130_fd_sc_hd__xnor2_2)
     1    0.00                           _00486_ (net)
                  0.10    0.00    9.77 ^ _15708_/D (sky130_fd_sc_hd__dfrtp_2)
                                  9.77   data arrival time

                  0.15   25.00   25.00   clock clk (rise edge)
                          0.00   25.00   clock network delay (ideal)
                         -0.20   24.80   clock uncertainty
                          0.00   24.80   clock reconvergence pessimism
                                 24.80 ^ _15708_/CLK (sky130_fd_sc_hd__dfrtp_2)
                         -0.06   24.74   library setup time
                                 24.74   data required time
-----------------------------------------------------------------------------
                                 24.74   data required time
                                 -9.77   data arrival time
-----------------------------------------------------------------------------
                                 14.97   slack (MET)


Startpoint: _15039_ (rising edge-triggered flip-flop clocked by clk)
Endpoint: _15676_ (rising edge-triggered flip-flop clocked by clk)
Path Group: clk
Path Type: max

Fanout     Cap    Slew   Delay    Time   Description
-----------------------------------------------------------------------------
                  0.15    0.00    0.00   clock clk (rise edge)
                          0.00    0.00   clock network delay (ideal)
                  0.15    0.00    0.00 ^ _15039_/CLK (sky130_fd_sc_hd__dfrtp_2)
                  0.04    0.38    0.38 ^ _15039_/Q (sky130_fd_sc_hd__dfrtp_2)
     1    0.00                           stg3_i_7[3] (net)
                  0.04    0.00    0.39 ^ _08355_/A (sky130_fd_sc_hd__buf_1)
                  1.03    0.80    1.19 ^ _08355_/X (sky130_fd_sc_hd__buf_1)
    20    0.09                           _02561_ (net)
                  1.03    0.01    1.20 ^ _08393_/A (sky130_fd_sc_hd__xor2_2)
                  0.20    0.25    1.44 v _08393_/X (sky130_fd_sc_hd__xor2_2)
     4    0.02                           _02599_ (net)
                  0.20    0.00    1.45 v _08396_/C (sky130_fd_sc_hd__and3_2)
                  0.07    0.33    1.77 v _08396_/X (sky130_fd_sc_hd__and3_2)
     4    0.02                           _02602_ (net)
                  0.07    0.00    1.78 v _08399_/A (sky130_fd_sc_hd__or3b_2)
                  0.12    0.56    2.34 v _08399_/X (sky130_fd_sc_hd__or3b_2)
     3    0.02                           _02605_ (net)
                  0.12    0.01    2.35 v _08400_/B (sky130_fd_sc_hd__xor2_2)
                  0.09    0.19    2.54 v _08400_/X (sky130_fd_sc_hd__xor2_2)
     2    0.01                           _02606_ (net)
                  0.09    0.00    2.54 v _08402_/A3 (sky130_fd_sc_hd__a31o_2)
                  0.06    0.29    2.84 v _08402_/X (sky130_fd_sc_hd__a31o_2)
     2    0.01                           _02608_ (net)
                  0.06    0.01    2.85 v _08405_/A (sky130_fd_sc_hd__xnor2_2)
                  0.19    0.22    3.07 ^ _08405_/Y (sky130_fd_sc_hd__xnor2_2)
     2    0.01                           _02611_ (net)
                  0.19    0.01    3.08 ^ _08441_/B (sky130_fd_sc_hd__xnor2_2)
                  0.09    0.12    3.20 v _08441_/Y (sky130_fd_sc_hd__xnor2_2)
     3    0.01                           _02647_ (net)
                  0.09    0.00    3.20 v _08442_/C (sky130_fd_sc_hd__or3_2)
                  0.10    0.47    3.67 v _08442_/X (sky130_fd_sc_hd__or3_2)
     1    0.01                           _02648_ (net)
                  0.10    0.02    3.69 v _08444_/A (sky130_fd_sc_hd__xnor2_2)
                  0.23    0.26    3.95 ^ _08444_/Y (sky130_fd_sc_hd__xnor2_2)
     2    0.01                           _02650_ (net)
                  0.23    0.01    3.96 ^ _08467_/A1 (sky130_fd_sc_hd__a21oi_2)
                  0.08    0.11    4.06 v _08467_/Y (sky130_fd_sc_hd__a21oi_2)
     2    0.01                           _02673_ (net)
                  0.08    0.00    4.07 v _08669_/B (sky130_fd_sc_hd__or2_2)
                  0.06    0.30    4.37 v _08669_/X (sky130_fd_sc_hd__or2_2)
     1    0.00                           _02875_ (net)
                  0.06    0.01    4.38 v _08670_/B1 (sky130_fd_sc_hd__o21ai_2)
                  0.19    0.10    4.48 ^ _08670_/Y (sky130_fd_sc_hd__o21ai_2)
     3    0.01                           _02876_ (net)
                  0.19    0.00    4.48 ^ _12732_/A2 (sky130_fd_sc_hd__a211o_2)
                  0.09    0.22    4.70 ^ _12732_/X (sky130_fd_sc_hd__a211o_2)
     5    0.02                           _06263_ (net)
                  0.09    0.00    4.70 ^ _12879_/C_N (sky130_fd_sc_hd__or4bb_2)
                  0.11    0.67    5.36 v _12879_/X (sky130_fd_sc_hd__or4bb_2)
     2    0.01                           _06408_ (net)
                  0.11    0.00    5.37 v _12908_/A1 (sky130_fd_sc_hd__a21o_2)
                  0.09    0.28    5.65 v _12908_/X (sky130_fd_sc_hd__a21o_2)
     8    0.03                           _06437_ (net)
                  0.09    0.00    5.65 v _12985_/B (sky130_fd_sc_hd__and3b_2)
                  0.05    0.23    5.88 v _12985_/X (sky130_fd_sc_hd__and3b_2)
     3    0.01                           _06512_ (net)
                  0.05    0.00    5.88 v _13688_/B (sky130_fd_sc_hd__or3b_2)
                  0.10    0.50    6.38 v _13688_/X (sky130_fd_sc_hd__or3b_2)
     2    0.01                           _07167_ (net)
                  0.11    0.01    6.39 v _13689_/B (sky130_fd_sc_hd__xnor2_2)
                  0.11    0.19    6.58 v _13689_/Y (sky130_fd_sc_hd__xnor2_2)
     3    0.02                           _07168_ (net)
                  0.11    0.00    6.58 v _13711_/C1 (sky130_fd_sc_hd__a211o_2)
                  0.07    0.32    6.91 v _13711_/X (sky130_fd_sc_hd__a211o_2)
     3    0.01                           _07188_ (net)
                  0.07    0.00    6.91 v _13734_/A2 (sky130_fd_sc_hd__a211o_2)
                  0.07    0.38    7.29 v _13734_/X (sky130_fd_sc_hd__a211o_2)
     4    0.01                           _07209_ (net)
                  0.07    0.00    7.29 v _13745_/A1 (sky130_fd_sc_hd__a21o_2)
                  0.04    0.21    7.51 v _13745_/X (sky130_fd_sc_hd__a21o_2)
     2    0.01                           _07219_ (net)
                  0.05    0.00    7.51 v _13749_/A2 (sky130_fd_sc_hd__a21o_2)
                  0.06    0.24    7.75 v _13749_/X (sky130_fd_sc_hd__a21o_2)
     4    0.01                           _07223_ (net)
                  0.06    0.00    7.75 v _13751_/C (sky130_fd_sc_hd__and3b_2)
                  0.06    0.25    8.00 v _13751_/X (sky130_fd_sc_hd__and3b_2)
     5    0.01                           _07225_ (net)
                  0.06    0.00    8.00 v _13851_/A2 (sky130_fd_sc_hd__o2111a_2)
                  0.04    0.25    8.26 v _13851_/X (sky130_fd_sc_hd__o2111a_2)
     1    0.00                           _07308_ (net)
                  0.04    0.00    8.26 v _13854_/A3 (sky130_fd_sc_hd__o41a_2)
                  0.09    0.48    8.75 v _13854_/X (sky130_fd_sc_hd__o41a_2)
     3    0.01                           _07311_ (net)
                  0.09    0.00    8.75 v _13861_/A2 (sky130_fd_sc_hd__o21a_2)
                  0.04    0.23    8.98 v _13861_/X (sky130_fd_sc_hd__o21a_2)
     2    0.01                           _07316_ (net)
                  0.04    0.00    8.98 v _13864_/A1 (sky130_fd_sc_hd__o21a_2)
                  0.06    0.24    9.22 v _13864_/X (sky130_fd_sc_hd__o21a_2)
     3    0.01                           _07319_ (net)
                  0.06    0.00    9.22 v _13872_/A3 (sky130_fd_sc_hd__o31a_2)
                  0.07    0.32    9.54 v _13872_/X (sky130_fd_sc_hd__o31a_2)
     1    0.01                           _07325_ (net)
                  0.07    0.01    9.55 v _13873_/B (sky130_fd_sc_hd__xor2_2)
                  0.06    0.15    9.70 v _13873_/X (sky130_fd_sc_hd__xor2_2)
     1    0.00                           _00470_ (net)
                  0.06    0.00    9.70 v _15676_/D (sky130_fd_sc_hd__dfrtp_2)
                                  9.70   data arrival time

                  0.15   25.00   25.00   clock clk (rise edge)
                          0.00   25.00   clock network delay (ideal)
                         -0.20   24.80   clock uncertainty
                          0.00   24.80   clock reconvergence pessimism
                                 24.80 ^ _15676_/CLK (sky130_fd_sc_hd__dfrtp_2)
                         -0.10   24.70   library setup time
                                 24.70   data required time
-----------------------------------------------------------------------------
                                 24.70   data required time
                                 -9.70   data arrival time
-----------------------------------------------------------------------------
                                 15.00   slack (MET)


Startpoint: _15039_ (rising edge-triggered flip-flop clocked by clk)
Endpoint: _15640_ (rising edge-triggered flip-flop clocked by clk)
Path Group: clk
Path Type: max

Fanout     Cap    Slew   Delay    Time   Description
-----------------------------------------------------------------------------
                  0.15    0.00    0.00   clock clk (rise edge)
                          0.00    0.00   clock network delay (ideal)
                  0.15    0.00    0.00 ^ _15039_/CLK (sky130_fd_sc_hd__dfrtp_2)
                  0.04    0.38    0.38 ^ _15039_/Q (sky130_fd_sc_hd__dfrtp_2)
     1    0.00                           stg3_i_7[3] (net)
                  0.04    0.00    0.39 ^ _08355_/A (sky130_fd_sc_hd__buf_1)
                  1.03    0.80    1.19 ^ _08355_/X (sky130_fd_sc_hd__buf_1)
    20    0.09                           _02561_ (net)
                  1.03    0.01    1.20 ^ _08393_/A (sky130_fd_sc_hd__xor2_2)
                  0.20    0.25    1.44 v _08393_/X (sky130_fd_sc_hd__xor2_2)
     4    0.02                           _02599_ (net)
                  0.20    0.00    1.45 v _08396_/C (sky130_fd_sc_hd__and3_2)
                  0.07    0.33    1.77 v _08396_/X (sky130_fd_sc_hd__and3_2)
     4    0.02                           _02602_ (net)
                  0.07    0.00    1.78 v _08399_/A (sky130_fd_sc_hd__or3b_2)
                  0.12    0.56    2.34 v _08399_/X (sky130_fd_sc_hd__or3b_2)
     3    0.02                           _02605_ (net)
                  0.12    0.01    2.35 v _08400_/B (sky130_fd_sc_hd__xor2_2)
                  0.09    0.19    2.54 v _08400_/X (sky130_fd_sc_hd__xor2_2)
     2    0.01                           _02606_ (net)
                  0.09    0.00    2.54 v _08402_/A3 (sky130_fd_sc_hd__a31o_2)
                  0.06    0.29    2.84 v _08402_/X (sky130_fd_sc_hd__a31o_2)
     2    0.01                           _02608_ (net)
                  0.06    0.01    2.85 v _08405_/A (sky130_fd_sc_hd__xnor2_2)
                  0.19    0.22    3.07 ^ _08405_/Y (sky130_fd_sc_hd__xnor2_2)
     2    0.01                           _02611_ (net)
                  0.19    0.01    3.08 ^ _08441_/B (sky130_fd_sc_hd__xnor2_2)
                  0.09    0.12    3.20 v _08441_/Y (sky130_fd_sc_hd__xnor2_2)
     3    0.01                           _02647_ (net)
                  0.09    0.00    3.20 v _08442_/C (sky130_fd_sc_hd__or3_2)
                  0.10    0.47    3.67 v _08442_/X (sky130_fd_sc_hd__or3_2)
     1    0.01                           _02648_ (net)
                  0.10    0.02    3.69 v _08444_/A (sky130_fd_sc_hd__xnor2_2)
                  0.23    0.26    3.95 ^ _08444_/Y (sky130_fd_sc_hd__xnor2_2)
     2    0.01                           _02650_ (net)
                  0.23    0.01    3.96 ^ _08467_/A1 (sky130_fd_sc_hd__a21oi_2)
                  0.08    0.11    4.06 v _08467_/Y (sky130_fd_sc_hd__a21oi_2)
     2    0.01                           _02673_ (net)
                  0.08    0.00    4.07 v _08669_/B (sky130_fd_sc_hd__or2_2)
                  0.06    0.30    4.37 v _08669_/X (sky130_fd_sc_hd__or2_2)
     1    0.00                           _02875_ (net)
                  0.06    0.01    4.38 v _08670_/B1 (sky130_fd_sc_hd__o21ai_2)
                  0.19    0.10    4.48 ^ _08670_/Y (sky130_fd_sc_hd__o21ai_2)
     3    0.01                           _02876_ (net)
                  0.19    0.00    4.48 ^ _12732_/A2 (sky130_fd_sc_hd__a211o_2)
                  0.09    0.22    4.70 ^ _12732_/X (sky130_fd_sc_hd__a211o_2)
     5    0.02                           _06263_ (net)
                  0.09    0.00    4.70 ^ _12879_/C_N (sky130_fd_sc_hd__or4bb_2)
                  0.11    0.67    5.36 v _12879_/X (sky130_fd_sc_hd__or4bb_2)
     2    0.01                           _06408_ (net)
                  0.11    0.00    5.37 v _12908_/A1 (sky130_fd_sc_hd__a21o_2)
                  0.09    0.28    5.65 v _12908_/X (sky130_fd_sc_hd__a21o_2)
     8    0.03                           _06437_ (net)
                  0.09    0.00    5.65 v _12985_/B (sky130_fd_sc_hd__and3b_2)
                  0.05    0.23    5.88 v _12985_/X (sky130_fd_sc_hd__and3b_2)
     3    0.01                           _06512_ (net)
                  0.05    0.00    5.88 v _12987_/A2 (sky130_fd_sc_hd__o311a_2)
                  0.05    0.38    6.26 v _12987_/X (sky130_fd_sc_hd__o311a_2)
     1    0.00                           _06514_ (net)
                  0.05    0.00    6.27 v _12990_/A2 (sky130_fd_sc_hd__a211o_2)
                  0.07    0.38    6.65 v _12990_/X (sky130_fd_sc_hd__a211o_2)
     3    0.01                           _06517_ (net)
                  0.07    0.00    6.65 v _13132_/A1 (sky130_fd_sc_hd__a21o_2)
                  0.06    0.22    6.87 v _13132_/X (sky130_fd_sc_hd__a21o_2)
     2    0.01                           _06658_ (net)
                  0.06    0.01    6.88 v _13133_/B (sky130_fd_sc_hd__xor2_2)
                  0.28    0.26    7.15 ^ _13133_/X (sky130_fd_sc_hd__xor2_2)
     4    0.02                           _06659_ (net)
                  0.28    0.01    7.16 ^ _13134_/B (sky130_fd_sc_hd__xor2_2)
                  0.13    0.17    7.33 v _13134_/X (sky130_fd_sc_hd__xor2_2)
     3    0.02                           _06660_ (net)
                  0.13    0.00    7.34 v _13138_/B (sky130_fd_sc_hd__or3_2)
                  0.10    0.53    7.86 v _13138_/X (sky130_fd_sc_hd__or3_2)
     3    0.01                           _06663_ (net)
                  0.10    0.00    7.87 v _13284_/A1 (sky130_fd_sc_hd__a21o_2)
                  0.05    0.23    8.10 v _13284_/X (sky130_fd_sc_hd__a21o_2)
     3    0.01                           _06808_ (net)
                  0.05    0.00    8.10 v _13409_/A (sky130_fd_sc_hd__or4_2)
                  0.11    0.70    8.80 v _13409_/X (sky130_fd_sc_hd__or4_2)
     1    0.00                           _06930_ (net)
                  0.11    0.01    8.81 v _13410_/C1 (sky130_fd_sc_hd__o311ai_2)
                  0.38    0.14    8.94 ^ _13410_/Y (sky130_fd_sc_hd__o311ai_2)
     2    0.01                           _06931_ (net)
                  0.38    0.01    8.95 ^ _13452_/A (sky130_fd_sc_hd__nand2_2)
                  0.09    0.10    9.05 v _13452_/Y (sky130_fd_sc_hd__nand2_2)
     2    0.01                           _06972_ (net)
                  0.09    0.01    9.05 v _13479_/A2 (sky130_fd_sc_hd__a21boi_2)
                  0.17    0.22    9.27 ^ _13479_/Y (sky130_fd_sc_hd__a21boi_2)
     3    0.01                           _06999_ (net)
                  0.17    0.01    9.28 ^ _13498_/A1 (sky130_fd_sc_hd__o21ai_2)
                  0.06    0.10    9.38 v _13498_/Y (sky130_fd_sc_hd__o21ai_2)
     3    0.01                           _07017_ (net)
                  0.06    0.00    9.38 v _13500_/A (sky130_fd_sc_hd__and2_2)
                  0.04    0.17    9.56 v _13500_/X (sky130_fd_sc_hd__and2_2)
     1    0.00                           _07019_ (net)
                  0.04    0.00    9.56 v _13501_/A (sky130_fd_sc_hd__buf_1)
                  0.03    0.08    9.65 v _13501_/X (sky130_fd_sc_hd__buf_1)
     1    0.00                           _00451_ (net)
                  0.03    0.00    9.65 v _15640_/D (sky130_fd_sc_hd__dfrtp_2)
                                  9.65   data arrival time

                  0.15   25.00   25.00   clock clk (rise edge)
                          0.00   25.00   clock network delay (ideal)
                         -0.20   24.80   clock uncertainty
                          0.00   24.80   clock reconvergence pessimism
                                 24.80 ^ _15640_/CLK (sky130_fd_sc_hd__dfrtp_2)
                         -0.08   24.72   library setup time
                                 24.72   data required time
-----------------------------------------------------------------------------
                                 24.72   data required time
                                 -9.65   data arrival time
-----------------------------------------------------------------------------
                                 15.07   slack (MET)


Startpoint: _15039_ (rising edge-triggered flip-flop clocked by clk)
Endpoint: _15707_ (rising edge-triggered flip-flop clocked by clk)
Path Group: clk
Path Type: max

Fanout     Cap    Slew   Delay    Time   Description
-----------------------------------------------------------------------------
                  0.15    0.00    0.00   clock clk (rise edge)
                          0.00    0.00   clock network delay (ideal)
                  0.15    0.00    0.00 ^ _15039_/CLK (sky130_fd_sc_hd__dfrtp_2)
                  0.04    0.38    0.38 ^ _15039_/Q (sky130_fd_sc_hd__dfrtp_2)
     1    0.00                           stg3_i_7[3] (net)
                  0.04    0.00    0.39 ^ _08355_/A (sky130_fd_sc_hd__buf_1)
                  1.03    0.80    1.19 ^ _08355_/X (sky130_fd_sc_hd__buf_1)
    20    0.09                           _02561_ (net)
                  1.03    0.01    1.20 ^ _08393_/A (sky130_fd_sc_hd__xor2_2)
                  0.20    0.25    1.44 v _08393_/X (sky130_fd_sc_hd__xor2_2)
     4    0.02                           _02599_ (net)
                  0.20    0.00    1.45 v _08396_/C (sky130_fd_sc_hd__and3_2)
                  0.07    0.33    1.77 v _08396_/X (sky130_fd_sc_hd__and3_2)
     4    0.02                           _02602_ (net)
                  0.07    0.00    1.78 v _08399_/A (sky130_fd_sc_hd__or3b_2)
                  0.12    0.56    2.34 v _08399_/X (sky130_fd_sc_hd__or3b_2)
     3    0.02                           _02605_ (net)
                  0.12    0.01    2.35 v _08400_/B (sky130_fd_sc_hd__xor2_2)
                  0.09    0.19    2.54 v _08400_/X (sky130_fd_sc_hd__xor2_2)
     2    0.01                           _02606_ (net)
                  0.09    0.00    2.54 v _08402_/A3 (sky130_fd_sc_hd__a31o_2)
                  0.06    0.29    2.84 v _08402_/X (sky130_fd_sc_hd__a31o_2)
     2    0.01                           _02608_ (net)
                  0.06    0.01    2.85 v _08405_/A (sky130_fd_sc_hd__xnor2_2)
                  0.19    0.22    3.07 ^ _08405_/Y (sky130_fd_sc_hd__xnor2_2)
     2    0.01                           _02611_ (net)
                  0.19    0.01    3.08 ^ _08441_/B (sky130_fd_sc_hd__xnor2_2)
                  0.09    0.12    3.20 v _08441_/Y (sky130_fd_sc_hd__xnor2_2)
     3    0.01                           _02647_ (net)
                  0.09    0.00    3.20 v _08442_/C (sky130_fd_sc_hd__or3_2)
                  0.10    0.47    3.67 v _08442_/X (sky130_fd_sc_hd__or3_2)
     1    0.01                           _02648_ (net)
                  0.10    0.02    3.69 v _08444_/A (sky130_fd_sc_hd__xnor2_2)
                  0.23    0.26    3.95 ^ _08444_/Y (sky130_fd_sc_hd__xnor2_2)
     2    0.01                           _02650_ (net)
                  0.23    0.01    3.96 ^ _08467_/A1 (sky130_fd_sc_hd__a21oi_2)
                  0.08    0.11    4.06 v _08467_/Y (sky130_fd_sc_hd__a21oi_2)
     2    0.01                           _02673_ (net)
                  0.08    0.00    4.07 v _08669_/B (sky130_fd_sc_hd__or2_2)
                  0.06    0.30    4.37 v _08669_/X (sky130_fd_sc_hd__or2_2)
     1    0.00                           _02875_ (net)
                  0.06    0.01    4.38 v _08670_/B1 (sky130_fd_sc_hd__o21ai_2)
                  0.19    0.10    4.48 ^ _08670_/Y (sky130_fd_sc_hd__o21ai_2)
     3    0.01                           _02876_ (net)
                  0.19    0.00    4.48 ^ _12732_/A2 (sky130_fd_sc_hd__a211o_2)
                  0.09    0.22    4.70 ^ _12732_/X (sky130_fd_sc_hd__a211o_2)
     5    0.02                           _06263_ (net)
                  0.09    0.00    4.70 ^ _12879_/C_N (sky130_fd_sc_hd__or4bb_2)
                  0.11    0.67    5.36 v _12879_/X (sky130_fd_sc_hd__or4bb_2)
     2    0.01                           _06408_ (net)
                  0.11    0.00    5.37 v _12908_/A1 (sky130_fd_sc_hd__a21o_2)
                  0.09    0.28    5.65 v _12908_/X (sky130_fd_sc_hd__a21o_2)
     8    0.03                           _06437_ (net)
                  0.09    0.00    5.65 v _12985_/B (sky130_fd_sc_hd__and3b_2)
                  0.05    0.23    5.88 v _12985_/X (sky130_fd_sc_hd__and3b_2)
     3    0.01                           _06512_ (net)
                  0.05    0.00    5.88 v _13688_/B (sky130_fd_sc_hd__or3b_2)
                  0.10    0.50    6.38 v _13688_/X (sky130_fd_sc_hd__or3b_2)
     2    0.01                           _07167_ (net)
                  0.11    0.01    6.39 v _13689_/B (sky130_fd_sc_hd__xnor2_2)
                  0.11    0.19    6.58 v _13689_/Y (sky130_fd_sc_hd__xnor2_2)
     3    0.02                           _07168_ (net)
                  0.11    0.00    6.58 v _13711_/C1 (sky130_fd_sc_hd__a211o_2)
                  0.07    0.32    6.91 v _13711_/X (sky130_fd_sc_hd__a211o_2)
     3    0.01                           _07188_ (net)
                  0.07    0.00    6.91 v _13734_/A2 (sky130_fd_sc_hd__a211o_2)
                  0.07    0.38    7.29 v _13734_/X (sky130_fd_sc_hd__a211o_2)
     4    0.01                           _07209_ (net)
                  0.07    0.00    7.29 v _13745_/A1 (sky130_fd_sc_hd__a21o_2)
                  0.04    0.21    7.51 v _13745_/X (sky130_fd_sc_hd__a21o_2)
     2    0.01                           _07219_ (net)
                  0.05    0.00    7.51 v _13749_/A2 (sky130_fd_sc_hd__a21o_2)
                  0.06    0.24    7.75 v _13749_/X (sky130_fd_sc_hd__a21o_2)
     4    0.01                           _07223_ (net)
                  0.06    0.00    7.75 v _13751_/C (sky130_fd_sc_hd__and3b_2)
                  0.06    0.25    8.00 v _13751_/X (sky130_fd_sc_hd__and3b_2)
     5    0.01                           _07225_ (net)
                  0.06    0.00    8.00 v _13752_/B (sky130_fd_sc_hd__or2_2)
                  0.05    0.28    8.28 v _13752_/X (sky130_fd_sc_hd__or2_2)
     1    0.00                           _07226_ (net)
                  0.05    0.00    8.29 v _13753_/A (sky130_fd_sc_hd__buf_1)
                  0.15    0.19    8.47 v _13753_/X (sky130_fd_sc_hd__buf_1)
     4    0.02                           _07227_ (net)
                  0.15    0.00    8.48 v _13759_/A3 (sky130_fd_sc_hd__o31a_2)
                  0.08    0.37    8.85 v _13759_/X (sky130_fd_sc_hd__o31a_2)
     3    0.01                           _07232_ (net)
                  0.08    0.00    8.85 v _13780_/A1 (sky130_fd_sc_hd__o31a_2)
                  0.08    0.41    9.25 v _13780_/X (sky130_fd_sc_hd__o31a_2)
     2    0.01                           _07251_ (net)
                  0.08    0.01    9.26 v _13796_/A1 (sky130_fd_sc_hd__o21ai_2)
                  0.17    0.20    9.46 ^ _13796_/Y (sky130_fd_sc_hd__o21ai_2)
     2    0.01                           _07266_ (net)
                  0.17    0.01    9.47 ^ _13797_/B (sky130_fd_sc_hd__xnor2_2)
                  0.10    0.13    9.60 ^ _13797_/Y (sky130_fd_sc_hd__xnor2_2)
     1    0.00                           _00485_ (net)
                  0.10    0.00    9.60 ^ _15707_/D (sky130_fd_sc_hd__dfrtp_2)
                                  9.60   data arrival time

                  0.15   25.00   25.00   clock clk (rise edge)
                          0.00   25.00   clock network delay (ideal)
                         -0.20   24.80   clock uncertainty
                          0.00   24.80   clock reconvergence pessimism
                                 24.80 ^ _15707_/CLK (sky130_fd_sc_hd__dfrtp_2)
                         -0.06   24.74   library setup time
                                 24.74   data required time
-----------------------------------------------------------------------------
                                 24.74   data required time
                                 -9.60   data arrival time
-----------------------------------------------------------------------------
                                 15.14   slack (MET)


max_report_end
check_report

===========================================================================
report_checks -unconstrained
============================================================================
Startpoint: rst (input port clocked by clk)
Endpoint: _14890_ (recovery check against rising-edge clock clk)
Path Group: **async_default**
Path Type: max

Fanout     Cap    Slew   Delay    Time   Description
-----------------------------------------------------------------------------
                  0.15    0.00    0.00   clock clk (rise edge)
                          0.00    0.00   clock network delay (ideal)
                          5.00    5.00 v input external delay
                  0.01    0.01    5.01 v rst (in)
     1    0.00                           rst (net)
                  0.01    0.00    5.01 v _13916_/A (sky130_fd_sc_hd__buf_1)
                  0.10    0.13    5.14 v _13916_/X (sky130_fd_sc_hd__buf_1)
     7    0.02                           _07352_ (net)
                  0.10    0.00    5.14 v _13917_/A (sky130_fd_sc_hd__buf_1)
                  0.28    0.32    5.46 v _13917_/X (sky130_fd_sc_hd__buf_1)
    14    0.05                           _07353_ (net)
                  0.28    0.00    5.46 v _13918_/A (sky130_fd_sc_hd__buf_1)
                  0.48    0.54    6.01 v _13918_/X (sky130_fd_sc_hd__buf_1)
    19    0.08                           _07354_ (net)
                  0.48    0.00    6.01 v _13919_/A (sky130_fd_sc_hd__inv_2)
                  0.10    0.15    6.16 ^ _13919_/Y (sky130_fd_sc_hd__inv_2)
     1    0.00                           _00660_ (net)
                  0.10    0.01    6.17 ^ _14890_/RESET_B (sky130_fd_sc_hd__dfrtp_2)
                                  6.17   data arrival time

                  0.15   25.00   25.00   clock clk (rise edge)
                          0.00   25.00   clock network delay (ideal)
                         -0.20   24.80   clock uncertainty
                          0.00   24.80   clock reconvergence pessimism
                                 24.80 ^ _14890_/CLK (sky130_fd_sc_hd__dfrtp_2)
                          0.24   25.04   library recovery time
                                 25.04   data required time
-----------------------------------------------------------------------------
                                 25.04   data required time
                                 -6.17   data arrival time
-----------------------------------------------------------------------------
                                 18.87   slack (MET)


Startpoint: _15039_ (rising edge-triggered flip-flop clocked by clk)
Endpoint: _15642_ (rising edge-triggered flip-flop clocked by clk)
Path Group: clk
Path Type: max

Fanout     Cap    Slew   Delay    Time   Description
-----------------------------------------------------------------------------
                  0.15    0.00    0.00   clock clk (rise edge)
                          0.00    0.00   clock network delay (ideal)
                  0.15    0.00    0.00 ^ _15039_/CLK (sky130_fd_sc_hd__dfrtp_2)
                  0.04    0.38    0.38 ^ _15039_/Q (sky130_fd_sc_hd__dfrtp_2)
     1    0.00                           stg3_i_7[3] (net)
                  0.04    0.00    0.39 ^ _08355_/A (sky130_fd_sc_hd__buf_1)
                  1.03    0.80    1.19 ^ _08355_/X (sky130_fd_sc_hd__buf_1)
    20    0.09                           _02561_ (net)
                  1.03    0.01    1.20 ^ _08393_/A (sky130_fd_sc_hd__xor2_2)
                  0.20    0.25    1.44 v _08393_/X (sky130_fd_sc_hd__xor2_2)
     4    0.02                           _02599_ (net)
                  0.20    0.00    1.45 v _08396_/C (sky130_fd_sc_hd__and3_2)
                  0.07    0.33    1.77 v _08396_/X (sky130_fd_sc_hd__and3_2)
     4    0.02                           _02602_ (net)
                  0.07    0.00    1.78 v _08399_/A (sky130_fd_sc_hd__or3b_2)
                  0.12    0.56    2.34 v _08399_/X (sky130_fd_sc_hd__or3b_2)
     3    0.02                           _02605_ (net)
                  0.12    0.01    2.35 v _08400_/B (sky130_fd_sc_hd__xor2_2)
                  0.09    0.19    2.54 v _08400_/X (sky130_fd_sc_hd__xor2_2)
     2    0.01                           _02606_ (net)
                  0.09    0.00    2.54 v _08402_/A3 (sky130_fd_sc_hd__a31o_2)
                  0.06    0.29    2.84 v _08402_/X (sky130_fd_sc_hd__a31o_2)
     2    0.01                           _02608_ (net)
                  0.06    0.01    2.85 v _08405_/A (sky130_fd_sc_hd__xnor2_2)
                  0.19    0.22    3.07 ^ _08405_/Y (sky130_fd_sc_hd__xnor2_2)
     2    0.01                           _02611_ (net)
                  0.19    0.01    3.08 ^ _08441_/B (sky130_fd_sc_hd__xnor2_2)
                  0.09    0.12    3.20 v _08441_/Y (sky130_fd_sc_hd__xnor2_2)
     3    0.01                           _02647_ (net)
                  0.09    0.00    3.20 v _08442_/C (sky130_fd_sc_hd__or3_2)
                  0.10    0.47    3.67 v _08442_/X (sky130_fd_sc_hd__or3_2)
     1    0.01                           _02648_ (net)
                  0.10    0.02    3.69 v _08444_/A (sky130_fd_sc_hd__xnor2_2)
                  0.23    0.26    3.95 ^ _08444_/Y (sky130_fd_sc_hd__xnor2_2)
     2    0.01                           _02650_ (net)
                  0.23    0.01    3.96 ^ _08467_/A1 (sky130_fd_sc_hd__a21oi_2)
                  0.08    0.11    4.06 v _08467_/Y (sky130_fd_sc_hd__a21oi_2)
     2    0.01                           _02673_ (net)
                  0.08    0.00    4.07 v _08669_/B (sky130_fd_sc_hd__or2_2)
                  0.06    0.30    4.37 v _08669_/X (sky130_fd_sc_hd__or2_2)
     1    0.00                           _02875_ (net)
                  0.06    0.01    4.38 v _08670_/B1 (sky130_fd_sc_hd__o21ai_2)
                  0.19    0.10    4.48 ^ _08670_/Y (sky130_fd_sc_hd__o21ai_2)
     3    0.01                           _02876_ (net)
                  0.19    0.00    4.48 ^ _12732_/A2 (sky130_fd_sc_hd__a211o_2)
                  0.09    0.22    4.70 ^ _12732_/X (sky130_fd_sc_hd__a211o_2)
     5    0.02                           _06263_ (net)
                  0.09    0.00    4.70 ^ _12879_/C_N (sky130_fd_sc_hd__or4bb_2)
                  0.11    0.67    5.36 v _12879_/X (sky130_fd_sc_hd__or4bb_2)
     2    0.01                           _06408_ (net)
                  0.11    0.00    5.37 v _12908_/A1 (sky130_fd_sc_hd__a21o_2)
                  0.09    0.28    5.65 v _12908_/X (sky130_fd_sc_hd__a21o_2)
     8    0.03                           _06437_ (net)
                  0.09    0.00    5.65 v _12985_/B (sky130_fd_sc_hd__and3b_2)
                  0.05    0.23    5.88 v _12985_/X (sky130_fd_sc_hd__and3b_2)
     3    0.01                           _06512_ (net)
                  0.05    0.00    5.88 v _12987_/A2 (sky130_fd_sc_hd__o311a_2)
                  0.05    0.38    6.26 v _12987_/X (sky130_fd_sc_hd__o311a_2)
     1    0.00                           _06514_ (net)
                  0.05    0.00    6.27 v _12990_/A2 (sky130_fd_sc_hd__a211o_2)
                  0.07    0.38    6.65 v _12990_/X (sky130_fd_sc_hd__a211o_2)
     3    0.01                           _06517_ (net)
                  0.07    0.00    6.65 v _13132_/A1 (sky130_fd_sc_hd__a21o_2)
                  0.06    0.22    6.87 v _13132_/X (sky130_fd_sc_hd__a21o_2)
     2    0.01                           _06658_ (net)
                  0.06    0.01    6.88 v _13133_/B (sky130_fd_sc_hd__xor2_2)
                  0.28    0.26    7.15 ^ _13133_/X (sky130_fd_sc_hd__xor2_2)
     4    0.02                           _06659_ (net)
                  0.28    0.01    7.16 ^ _13134_/B (sky130_fd_sc_hd__xor2_2)
                  0.13    0.17    7.33 v _13134_/X (sky130_fd_sc_hd__xor2_2)
     3    0.02                           _06660_ (net)
                  0.13    0.00    7.34 v _13138_/B (sky130_fd_sc_hd__or3_2)
                  0.10    0.53    7.86 v _13138_/X (sky130_fd_sc_hd__or3_2)
     3    0.01                           _06663_ (net)
                  0.10    0.00    7.87 v _13284_/A1 (sky130_fd_sc_hd__a21o_2)
                  0.05    0.23    8.10 v _13284_/X (sky130_fd_sc_hd__a21o_2)
     3    0.01                           _06808_ (net)
                  0.05    0.00    8.10 v _13409_/A (sky130_fd_sc_hd__or4_2)
                  0.11    0.70    8.80 v _13409_/X (sky130_fd_sc_hd__or4_2)
     1    0.00                           _06930_ (net)
                  0.11    0.01    8.81 v _13410_/C1 (sky130_fd_sc_hd__o311ai_2)
                  0.38    0.14    8.94 ^ _13410_/Y (sky130_fd_sc_hd__o311ai_2)
     2    0.01                           _06931_ (net)
                  0.38    0.01    8.95 ^ _13452_/A (sky130_fd_sc_hd__nand2_2)
                  0.09    0.10    9.05 v _13452_/Y (sky130_fd_sc_hd__nand2_2)
     2    0.01                           _06972_ (net)
                  0.09    0.01    9.05 v _13479_/A2 (sky130_fd_sc_hd__a21boi_2)
                  0.17    0.22    9.27 ^ _13479_/Y (sky130_fd_sc_hd__a21boi_2)
     3    0.01                           _06999_ (net)
                  0.17    0.01    9.28 ^ _13498_/A1 (sky130_fd_sc_hd__o21ai_2)
                  0.06    0.10    9.38 v _13498_/Y (sky130_fd_sc_hd__o21ai_2)
     3    0.01                           _07017_ (net)
                  0.06    0.00    9.38 v _13518_/B2 (sky130_fd_sc_hd__o221a_2)
                  0.07    0.26    9.64 v _13518_/X (sky130_fd_sc_hd__o221a_2)
     1    0.01                           _07035_ (net)
                  0.07    0.02    9.66 v _13527_/A (sky130_fd_sc_hd__xor2_2)
                  0.07    0.18    9.84 v _13527_/X (sky130_fd_sc_hd__xor2_2)
     1    0.00                           _00453_ (net)
                  0.07    0.00    9.84 v _15642_/D (sky130_fd_sc_hd__dfrtp_2)
                                  9.84   data arrival time

                  0.15   25.00   25.00   clock clk (rise edge)
                          0.00   25.00   clock network delay (ideal)
                         -0.20   24.80   clock uncertainty
                          0.00   24.80   clock reconvergence pessimism
                                 24.80 ^ _15642_/CLK (sky130_fd_sc_hd__dfrtp_2)
                         -0.10   24.70   library setup time
                                 24.70   data required time
-----------------------------------------------------------------------------
                                 24.70   data required time
                                 -9.84   data arrival time
-----------------------------------------------------------------------------
                                 14.86   slack (MET)



===========================================================================
report_checks --slack_max -0.01
============================================================================
No paths found.
check_report_end
check_slew

===========================================================================
 report_check_types -max_slew -max_cap -max_fanout -violators
============================================================================

===========================================================================
max slew violation count 0
max fanout violation count 0
max cap violation count 0
============================================================================
check_slew_end
tns_report

===========================================================================
 report_tns
============================================================================
tns 0.00
tns_report_end
wns_report

===========================================================================
 report_wns
============================================================================
wns 0.00
wns_report_end
worst_slack

===========================================================================
 report_worst_slack -max (Setup)
============================================================================
worst slack 14.86

===========================================================================
 report_worst_slack -min (Hold)
============================================================================
worst slack 0.37
worst_slack_end
clock_skew

===========================================================================
 report_clock_skew
============================================================================
Clock clk
Latency      CRPR       Skew
_14905_/CLK ^
   5.87
_15594_/CLK ^
   5.31      0.00       0.56

clock_skew_end
power_report

===========================================================================
 report_power
============================================================================
Group                  Internal  Switching    Leakage      Total
                          Power      Power      Power      Power (Watts)
----------------------------------------------------------------
Sequential             2.20e-03   1.74e-03   7.35e-09   3.94e-03  22.2%
Combinational          7.20e-03   6.60e-03   2.92e-08   1.38e-02  77.8%
Macro                  0.00e+00   0.00e+00   0.00e+00   0.00e+00   0.0%
Pad                    0.00e+00   0.00e+00   0.00e+00   0.00e+00   0.0%
----------------------------------------------------------------
Total                  9.40e-03   8.34e-03   3.65e-08   1.77e-02 100.0%
                          53.0%      47.0%       0.0%
power_report_end
area_report

===========================================================================
 report_design_area
============================================================================
Design area 88457 u^2 100% utilization.
area_report_end
