
===========================================================================
 report_power
============================================================================


======================= Slowest Corner =================================

Group                  Internal  Switching    Leakage      Total
                          Power      Power      Power      Power (Watts)
----------------------------------------------------------------
Sequential             1.75e-03   7.11e-04   1.32e-05   2.48e-03  14.3%
Combinational          6.12e-03   8.63e-03   4.36e-05   1.48e-02  85.7%
Macro                  0.00e+00   0.00e+00   0.00e+00   0.00e+00   0.0%
Pad                    0.00e+00   0.00e+00   0.00e+00   0.00e+00   0.0%
----------------------------------------------------------------
Total                  7.88e-03   9.34e-03   5.69e-05   1.73e-02 100.0%
                          45.6%      54.1%       0.3%

======================= Typical Corner ===================================

Group                  Internal  Switching    Leakage      Total
                          Power      Power      Power      Power (Watts)
----------------------------------------------------------------
Sequential             2.26e-03   8.99e-04   7.88e-09   3.16e-03  14.4%
Combinational          7.87e-03   1.10e-02   3.42e-08   1.88e-02  85.6%
Macro                  0.00e+00   0.00e+00   0.00e+00   0.00e+00   0.0%
Pad                    0.00e+00   0.00e+00   0.00e+00   0.00e+00   0.0%
----------------------------------------------------------------
Total                  1.01e-02   1.19e-02   4.21e-08   2.20e-02 100.0%
                          46.0%      54.0%       0.0%


======================= Fastest Corner =================================

Group                  Internal  Switching    Leakage      Total
                          Power      Power      Power      Power (Watts)
----------------------------------------------------------------
Sequential             2.62e-03   1.06e-03   1.09e-08   3.68e-03  14.5%
Combinational          8.80e-03   1.29e-02   6.95e-08   2.17e-02  85.5%
Macro                  0.00e+00   0.00e+00   0.00e+00   0.00e+00   0.0%
Pad                    0.00e+00   0.00e+00   0.00e+00   0.00e+00   0.0%
----------------------------------------------------------------
Total                  1.14e-02   1.40e-02   8.04e-08   2.54e-02 100.0%
                          45.0%      55.0%       0.0%
