
===========================================================================
 report_clock_skew
============================================================================

======================== Slowest Corner ==================================

Clock clk
Latency      CRPR       Skew
_15046_/CLK ^
   2.56
_15666_/CLK ^
   1.80     -0.06       0.71


======================= Typical Corner ===================================

Clock clk
Latency      CRPR       Skew
_15046_/CLK ^
   1.44
_15666_/CLK ^
   1.02     -0.03       0.39


======================= Fastest Corner ===================================

Clock clk
Latency      CRPR       Skew
_15046_/CLK ^
   0.98
_15666_/CLK ^
   0.69     -0.02       0.26

