OpenROAD v2.0-4194-g9d55eaa0c 
This program is licensed under the BSD-3 license. See the LICENSE file for details.
Components of this program may be licensed under more restrictive licenses which must be honored.
[INFO ODB-0222] Reading LEF file: /home/icpedia/Desktop/OpenLane/designs/fft_dit/runs/assignment/RUN_2025.08.22_00.24.08/tmp/merged.max.lef
[INFO ODB-0223]     Created 13 technology layers
[INFO ODB-0224]     Created 25 technology vias
[INFO ODB-0225]     Created 441 library cells
[INFO ODB-0226] Finished LEF file:  /home/icpedia/Desktop/OpenLane/designs/fft_dit/runs/assignment/RUN_2025.08.22_00.24.08/tmp/merged.max.lef
[INFO ODB-0127] Reading DEF file: /home/icpedia/Desktop/OpenLane/designs/fft_dit/runs/assignment/RUN_2025.08.22_00.24.08/results/routing/eco_3/fft_dit.def
[INFO ODB-0128] Design: fft_dit
[INFO ODB-0130]     Created 534 pins.
[INFO ODB-0131]     Created 19784 components and 102539 component-terminals.
[INFO ODB-0132]     Created 2 special nets and 68650 connections.
[INFO ODB-0133]     Created 9853 nets and 33889 connections.
[INFO ODB-0134] Finished DEF file: /home/icpedia/Desktop/OpenLane/designs/fft_dit/runs/assignment/RUN_2025.08.22_00.24.08/results/routing/eco_3/fft_dit.def
Using RCX ruleset '/home/opentools/OpenLane/pdks/sky130A/libs.tech/openlane/rules.openrcx.sky130A.max.spef_extractor'...
[INFO RCX-0431] Defined process_corner X with ext_model_index 0
[INFO RCX-0029] Defined extraction corner X
[INFO RCX-0008] extracting parasitics of fft_dit ...
[INFO RCX-0435] Reading extraction model file /home/opentools/OpenLane/pdks/sky130A/libs.tech/openlane/rules.openrcx.sky130A.max.spef_extractor ...
[INFO RCX-0436] RC segment generation fft_dit (max_merge_res 50.0) ...
[INFO RCX-0040] Final 50731 rc segments
[INFO RCX-0439] Coupling Cap extraction fft_dit ...
[INFO RCX-0440] Coupling threshhold is 0.1000 fF, coupling capacitance less than 0.1000 fF will be grounded.
[INFO RCX-0043] 64114 wires to be extracted
[INFO RCX-0442] 51% completion -- 32885 wires have been extracted
[INFO RCX-0442] 100% completion -- 64114 wires have been extracted
[INFO RCX-0045] Extract 9853 nets, 60583 rsegs, 60583 caps, 62338 ccs
[INFO RCX-0015] Finished extracting fft_dit.
Writing result to /home/icpedia/Desktop/OpenLane/designs/fft_dit/runs/assignment/RUN_2025.08.22_00.24.08/results/routing/eco_3/fft_dit.max.spef...
[INFO RCX-0016] Writing SPEF ...
[INFO RCX-0443] 9853 nets finished
[INFO RCX-0017] Finished writing SPEF ...
