
36. Printing statistics.

=== fft_dit ===

   Number of wires:               8202
   Number of wire bits:           8698
   Number of public wires:        8202
   Number of public wire bits:    8698
   Number of memories:               0
   Number of memory bits:            0
   Number of processes:              0
   Number of cells:               8439
     sky130_fd_sc_hd__a2111o_2       2
     sky130_fd_sc_hd__a211o_2       13
     sky130_fd_sc_hd__a211oi_2       6
     sky130_fd_sc_hd__a21bo_2       32
     sky130_fd_sc_hd__a21boi_2      48
     sky130_fd_sc_hd__a21o_2       402
     sky130_fd_sc_hd__a21oi_2      314
     sky130_fd_sc_hd__a221o_2       16
     sky130_fd_sc_hd__a221oi_2       5
     sky130_fd_sc_hd__a22o_2        15
     sky130_fd_sc_hd__a2bb2o_2       6
     sky130_fd_sc_hd__a2bb2oi_2      2
     sky130_fd_sc_hd__a311o_2       10
     sky130_fd_sc_hd__a311oi_2       1
     sky130_fd_sc_hd__a31o_2        47
     sky130_fd_sc_hd__a31oi_2        3
     sky130_fd_sc_hd__a32o_2         8
     sky130_fd_sc_hd__a41o_2         4
     sky130_fd_sc_hd__and2_2       243
     sky130_fd_sc_hd__and2b_2      361
     sky130_fd_sc_hd__and3_2       286
     sky130_fd_sc_hd__and3b_2       17
     sky130_fd_sc_hd__buf_1        502
     sky130_fd_sc_hd__buf_2          8
     sky130_fd_sc_hd__dfrtp_2      920
     sky130_fd_sc_hd__inv_2       1150
     sky130_fd_sc_hd__mux2_2       295
     sky130_fd_sc_hd__nand2_2      753
     sky130_fd_sc_hd__nand2b_2      29
     sky130_fd_sc_hd__nand3_2       49
     sky130_fd_sc_hd__nand3b_2       3
     sky130_fd_sc_hd__nand4_2        9
     sky130_fd_sc_hd__nor2_2       508
     sky130_fd_sc_hd__nor2b_2        3
     sky130_fd_sc_hd__nor3_2        39
     sky130_fd_sc_hd__nor3b_2        2
     sky130_fd_sc_hd__o2111a_2       6
     sky130_fd_sc_hd__o2111ai_2      1
     sky130_fd_sc_hd__o211a_2       15
     sky130_fd_sc_hd__o211ai_2       3
     sky130_fd_sc_hd__o21a_2       128
     sky130_fd_sc_hd__o21ai_2      160
     sky130_fd_sc_hd__o21ba_2       15
     sky130_fd_sc_hd__o21bai_2      10
     sky130_fd_sc_hd__o221a_2       14
     sky130_fd_sc_hd__o221ai_2       2
     sky130_fd_sc_hd__o22a_2        11
     sky130_fd_sc_hd__o22ai_2        1
     sky130_fd_sc_hd__o2bb2a_2      12
     sky130_fd_sc_hd__o311a_2        8
     sky130_fd_sc_hd__o311ai_2       1
     sky130_fd_sc_hd__o31a_2        22
     sky130_fd_sc_hd__o31ai_2        9
     sky130_fd_sc_hd__o32a_2         4
     sky130_fd_sc_hd__o41a_2         1
     sky130_fd_sc_hd__or2_2        276
     sky130_fd_sc_hd__or2b_2       262
     sky130_fd_sc_hd__or3_2         58
     sky130_fd_sc_hd__or3b_2        14
     sky130_fd_sc_hd__or4_2          2
     sky130_fd_sc_hd__or4b_2         1
     sky130_fd_sc_hd__or4bb_2        2
     sky130_fd_sc_hd__xnor2_2      772
     sky130_fd_sc_hd__xor2_2       518

   Chip area for module '\fft_dit': 88457.337600

