
===========================================================================
report_checks -path_delay max (Setup)
============================================================================
Startpoint: rst (input port clocked by clk)
Endpoint: _14890_ (recovery check against rising-edge clock clk)
Path Group: **async_default**
Path Type: max

Fanout     Cap    Slew   Delay    Time   Description
-----------------------------------------------------------------------------
                  0.15    0.00    0.00   clock clk (rise edge)
                          0.00    0.00   clock network delay (ideal)
                          5.00    5.00 v input external delay
                  0.01    0.01    5.01 v rst (in)
     1    0.00                           rst (net)
                  0.01    0.00    5.01 v _13916_/A (sky130_fd_sc_hd__buf_1)
                  0.10    0.13    5.14 v _13916_/X (sky130_fd_sc_hd__buf_1)
     7    0.02                           _07352_ (net)
                  0.10    0.00    5.14 v _13917_/A (sky130_fd_sc_hd__buf_1)
                  0.28    0.32    5.46 v _13917_/X (sky130_fd_sc_hd__buf_1)
    14    0.05                           _07353_ (net)
                  0.28    0.00    5.46 v _13918_/A (sky130_fd_sc_hd__buf_1)
                  0.48    0.54    6.01 v _13918_/X (sky130_fd_sc_hd__buf_1)
    19    0.08                           _07354_ (net)
                  0.48    0.00    6.01 v _13919_/A (sky130_fd_sc_hd__inv_2)
                  0.10    0.15    6.16 ^ _13919_/Y (sky130_fd_sc_hd__inv_2)
     1    0.00                           _00660_ (net)
                  0.10    0.01    6.17 ^ _14890_/RESET_B (sky130_fd_sc_hd__dfrtp_2)
                                  6.17   data arrival time

                  0.15   25.00   25.00   clock clk (rise edge)
                          0.00   25.00   clock network delay (ideal)
                         -0.20   24.80   clock uncertainty
                          0.00   24.80   clock reconvergence pessimism
                                 24.80 ^ _14890_/CLK (sky130_fd_sc_hd__dfrtp_2)
                          0.24   25.04   library recovery time
                                 25.04   data required time
-----------------------------------------------------------------------------
                                 25.04   data required time
                                 -6.17   data arrival time
-----------------------------------------------------------------------------
                                 18.87   slack (MET)


Startpoint: rst (input port clocked by clk)
Endpoint: _14891_ (recovery check against rising-edge clock clk)
Path Group: **async_default**
Path Type: max

Fanout     Cap    Slew   Delay    Time   Description
-----------------------------------------------------------------------------
                  0.15    0.00    0.00   clock clk (rise edge)
                          0.00    0.00   clock network delay (ideal)
                          5.00    5.00 v input external delay
                  0.01    0.01    5.01 v rst (in)
     1    0.00                           rst (net)
                  0.01    0.00    5.01 v _13916_/A (sky130_fd_sc_hd__buf_1)
                  0.10    0.13    5.14 v _13916_/X (sky130_fd_sc_hd__buf_1)
     7    0.02                           _07352_ (net)
                  0.10    0.00    5.14 v _13917_/A (sky130_fd_sc_hd__buf_1)
                  0.28    0.32    5.46 v _13917_/X (sky130_fd_sc_hd__buf_1)
    14    0.05                           _07353_ (net)
                  0.28    0.00    5.46 v _13918_/A (sky130_fd_sc_hd__buf_1)
                  0.48    0.54    6.01 v _13918_/X (sky130_fd_sc_hd__buf_1)
    19    0.08                           _07354_ (net)
                  0.48    0.00    6.01 v _13920_/A (sky130_fd_sc_hd__inv_2)
                  0.10    0.15    6.16 ^ _13920_/Y (sky130_fd_sc_hd__inv_2)
     1    0.00                           _00661_ (net)
                  0.10    0.01    6.17 ^ _14891_/RESET_B (sky130_fd_sc_hd__dfrtp_2)
                                  6.17   data arrival time

                  0.15   25.00   25.00   clock clk (rise edge)
                          0.00   25.00   clock network delay (ideal)
                         -0.20   24.80   clock uncertainty
                          0.00   24.80   clock reconvergence pessimism
                                 24.80 ^ _14891_/CLK (sky130_fd_sc_hd__dfrtp_2)
                          0.24   25.04   library recovery time
                                 25.04   data required time
-----------------------------------------------------------------------------
                                 25.04   data required time
                                 -6.17   data arrival time
-----------------------------------------------------------------------------
                                 18.87   slack (MET)


Startpoint: rst (input port clocked by clk)
Endpoint: _14892_ (recovery check against rising-edge clock clk)
Path Group: **async_default**
Path Type: max

Fanout     Cap    Slew   Delay    Time   Description
-----------------------------------------------------------------------------
                  0.15    0.00    0.00   clock clk (rise edge)
                          0.00    0.00   clock network delay (ideal)
                          5.00    5.00 v input external delay
                  0.01    0.01    5.01 v rst (in)
     1    0.00                           rst (net)
                  0.01    0.00    5.01 v _13916_/A (sky130_fd_sc_hd__buf_1)
                  0.10    0.13    5.14 v _13916_/X (sky130_fd_sc_hd__buf_1)
     7    0.02                           _07352_ (net)
                  0.10    0.00    5.14 v _13917_/A (sky130_fd_sc_hd__buf_1)
                  0.28    0.32    5.46 v _13917_/X (sky130_fd_sc_hd__buf_1)
    14    0.05                           _07353_ (net)
                  0.28    0.00    5.46 v _13918_/A (sky130_fd_sc_hd__buf_1)
                  0.48    0.54    6.01 v _13918_/X (sky130_fd_sc_hd__buf_1)
    19    0.08                           _07354_ (net)
                  0.48    0.00    6.01 v _13921_/A (sky130_fd_sc_hd__inv_2)
                  0.10    0.15    6.16 ^ _13921_/Y (sky130_fd_sc_hd__inv_2)
     1    0.00                           _00662_ (net)
                  0.10    0.01    6.17 ^ _14892_/RESET_B (sky130_fd_sc_hd__dfrtp_2)
                                  6.17   data arrival time

                  0.15   25.00   25.00   clock clk (rise edge)
                          0.00   25.00   clock network delay (ideal)
                         -0.20   24.80   clock uncertainty
                          0.00   24.80   clock reconvergence pessimism
                                 24.80 ^ _14892_/CLK (sky130_fd_sc_hd__dfrtp_2)
                          0.24   25.04   library recovery time
                                 25.04   data required time
-----------------------------------------------------------------------------
                                 25.04   data required time
                                 -6.17   data arrival time
-----------------------------------------------------------------------------
                                 18.87   slack (MET)


Startpoint: rst (input port clocked by clk)
Endpoint: _14893_ (recovery check against rising-edge clock clk)
Path Group: **async_default**
Path Type: max

Fanout     Cap    Slew   Delay    Time   Description
-----------------------------------------------------------------------------
                  0.15    0.00    0.00   clock clk (rise edge)
                          0.00    0.00   clock network delay (ideal)
                          5.00    5.00 v input external delay
                  0.01    0.01    5.01 v rst (in)
     1    0.00                           rst (net)
                  0.01    0.00    5.01 v _13916_/A (sky130_fd_sc_hd__buf_1)
                  0.10    0.13    5.14 v _13916_/X (sky130_fd_sc_hd__buf_1)
     7    0.02                           _07352_ (net)
                  0.10    0.00    5.14 v _13917_/A (sky130_fd_sc_hd__buf_1)
                  0.28    0.32    5.46 v _13917_/X (sky130_fd_sc_hd__buf_1)
    14    0.05                           _07353_ (net)
                  0.28    0.00    5.46 v _13918_/A (sky130_fd_sc_hd__buf_1)
                  0.48    0.54    6.01 v _13918_/X (sky130_fd_sc_hd__buf_1)
    19    0.08                           _07354_ (net)
                  0.48    0.00    6.01 v _13922_/A (sky130_fd_sc_hd__inv_2)
                  0.10    0.15    6.16 ^ _13922_/Y (sky130_fd_sc_hd__inv_2)
     1    0.00                           _00663_ (net)
                  0.10    0.01    6.17 ^ _14893_/RESET_B (sky130_fd_sc_hd__dfrtp_2)
                                  6.17   data arrival time

                  0.15   25.00   25.00   clock clk (rise edge)
                          0.00   25.00   clock network delay (ideal)
                         -0.20   24.80   clock uncertainty
                          0.00   24.80   clock reconvergence pessimism
                                 24.80 ^ _14893_/CLK (sky130_fd_sc_hd__dfrtp_2)
                          0.24   25.04   library recovery time
                                 25.04   data required time
-----------------------------------------------------------------------------
                                 25.04   data required time
                                 -6.17   data arrival time
-----------------------------------------------------------------------------
                                 18.87   slack (MET)


Startpoint: rst (input port clocked by clk)
Endpoint: _14894_ (recovery check against rising-edge clock clk)
Path Group: **async_default**
Path Type: max

Fanout     Cap    Slew   Delay    Time   Description
-----------------------------------------------------------------------------
                  0.15    0.00    0.00   clock clk (rise edge)
                          0.00    0.00   clock network delay (ideal)
                          5.00    5.00 v input external delay
                  0.01    0.01    5.01 v rst (in)
     1    0.00                           rst (net)
                  0.01    0.00    5.01 v _13916_/A (sky130_fd_sc_hd__buf_1)
                  0.10    0.13    5.14 v _13916_/X (sky130_fd_sc_hd__buf_1)
     7    0.02                           _07352_ (net)
                  0.10    0.00    5.14 v _13917_/A (sky130_fd_sc_hd__buf_1)
                  0.28    0.32    5.46 v _13917_/X (sky130_fd_sc_hd__buf_1)
    14    0.05                           _07353_ (net)
                  0.28    0.00    5.46 v _13918_/A (sky130_fd_sc_hd__buf_1)
                  0.48    0.54    6.01 v _13918_/X (sky130_fd_sc_hd__buf_1)
    19    0.08                           _07354_ (net)
                  0.48    0.00    6.01 v _13923_/A (sky130_fd_sc_hd__inv_2)
                  0.10    0.15    6.16 ^ _13923_/Y (sky130_fd_sc_hd__inv_2)
     1    0.00                           _00664_ (net)
                  0.10    0.01    6.17 ^ _14894_/RESET_B (sky130_fd_sc_hd__dfrtp_2)
                                  6.17   data arrival time

                  0.15   25.00   25.00   clock clk (rise edge)
                          0.00   25.00   clock network delay (ideal)
                         -0.20   24.80   clock uncertainty
                          0.00   24.80   clock reconvergence pessimism
                                 24.80 ^ _14894_/CLK (sky130_fd_sc_hd__dfrtp_2)
                          0.24   25.04   library recovery time
                                 25.04   data required time
-----------------------------------------------------------------------------
                                 25.04   data required time
                                 -6.17   data arrival time
-----------------------------------------------------------------------------
                                 18.87   slack (MET)


Startpoint: _15039_ (rising edge-triggered flip-flop clocked by clk)
Endpoint: _15642_ (rising edge-triggered flip-flop clocked by clk)
Path Group: clk
Path Type: max

Fanout     Cap    Slew   Delay    Time   Description
-----------------------------------------------------------------------------
                  0.15    0.00    0.00   clock clk (rise edge)
                          0.00    0.00   clock network delay (ideal)
                  0.15    0.00    0.00 ^ _15039_/CLK (sky130_fd_sc_hd__dfrtp_2)
                  0.04    0.38    0.38 ^ _15039_/Q (sky130_fd_sc_hd__dfrtp_2)
     1    0.00                           stg3_i_7[3] (net)
                  0.04    0.00    0.39 ^ _08355_/A (sky130_fd_sc_hd__buf_1)
                  1.03    0.80    1.19 ^ _08355_/X (sky130_fd_sc_hd__buf_1)
    20    0.09                           _02561_ (net)
                  1.03    0.01    1.20 ^ _08393_/A (sky130_fd_sc_hd__xor2_2)
                  0.20    0.25    1.44 v _08393_/X (sky130_fd_sc_hd__xor2_2)
     4    0.02                           _02599_ (net)
                  0.20    0.00    1.45 v _08396_/C (sky130_fd_sc_hd__and3_2)
                  0.07    0.33    1.77 v _08396_/X (sky130_fd_sc_hd__and3_2)
     4    0.02                           _02602_ (net)
                  0.07    0.00    1.78 v _08399_/A (sky130_fd_sc_hd__or3b_2)
                  0.12    0.56    2.34 v _08399_/X (sky130_fd_sc_hd__or3b_2)
     3    0.02                           _02605_ (net)
                  0.12    0.01    2.35 v _08400_/B (sky130_fd_sc_hd__xor2_2)
                  0.09    0.19    2.54 v _08400_/X (sky130_fd_sc_hd__xor2_2)
     2    0.01                           _02606_ (net)
                  0.09    0.00    2.54 v _08402_/A3 (sky130_fd_sc_hd__a31o_2)
                  0.06    0.29    2.84 v _08402_/X (sky130_fd_sc_hd__a31o_2)
     2    0.01                           _02608_ (net)
                  0.06    0.01    2.85 v _08405_/A (sky130_fd_sc_hd__xnor2_2)
                  0.19    0.22    3.07 ^ _08405_/Y (sky130_fd_sc_hd__xnor2_2)
     2    0.01                           _02611_ (net)
                  0.19    0.01    3.08 ^ _08441_/B (sky130_fd_sc_hd__xnor2_2)
                  0.09    0.12    3.20 v _08441_/Y (sky130_fd_sc_hd__xnor2_2)
     3    0.01                           _02647_ (net)
                  0.09    0.00    3.20 v _08442_/C (sky130_fd_sc_hd__or3_2)
                  0.10    0.47    3.67 v _08442_/X (sky130_fd_sc_hd__or3_2)
     1    0.01                           _02648_ (net)
                  0.10    0.02    3.69 v _08444_/A (sky130_fd_sc_hd__xnor2_2)
                  0.23    0.26    3.95 ^ _08444_/Y (sky130_fd_sc_hd__xnor2_2)
     2    0.01                           _02650_ (net)
                  0.23    0.01    3.96 ^ _08467_/A1 (sky130_fd_sc_hd__a21oi_2)
                  0.08    0.11    4.06 v _08467_/Y (sky130_fd_sc_hd__a21oi_2)
     2    0.01                           _02673_ (net)
                  0.08    0.00    4.07 v _08669_/B (sky130_fd_sc_hd__or2_2)
                  0.06    0.30    4.37 v _08669_/X (sky130_fd_sc_hd__or2_2)
     1    0.00                           _02875_ (net)
                  0.06    0.01    4.38 v _08670_/B1 (sky130_fd_sc_hd__o21ai_2)
                  0.19    0.10    4.48 ^ _08670_/Y (sky130_fd_sc_hd__o21ai_2)
     3    0.01                           _02876_ (net)
                  0.19    0.00    4.48 ^ _12732_/A2 (sky130_fd_sc_hd__a211o_2)
                  0.09    0.22    4.70 ^ _12732_/X (sky130_fd_sc_hd__a211o_2)
     5    0.02                           _06263_ (net)
                  0.09    0.00    4.70 ^ _12879_/C_N (sky130_fd_sc_hd__or4bb_2)
                  0.11    0.67    5.36 v _12879_/X (sky130_fd_sc_hd__or4bb_2)
     2    0.01                           _06408_ (net)
                  0.11    0.00    5.37 v _12908_/A1 (sky130_fd_sc_hd__a21o_2)
                  0.09    0.28    5.65 v _12908_/X (sky130_fd_sc_hd__a21o_2)
     8    0.03                           _06437_ (net)
                  0.09    0.00    5.65 v _12985_/B (sky130_fd_sc_hd__and3b_2)
                  0.05    0.23    5.88 v _12985_/X (sky130_fd_sc_hd__and3b_2)
     3    0.01                           _06512_ (net)
                  0.05    0.00    5.88 v _12987_/A2 (sky130_fd_sc_hd__o311a_2)
                  0.05    0.38    6.26 v _12987_/X (sky130_fd_sc_hd__o311a_2)
     1    0.00                           _06514_ (net)
                  0.05    0.00    6.27 v _12990_/A2 (sky130_fd_sc_hd__a211o_2)
                  0.07    0.38    6.65 v _12990_/X (sky130_fd_sc_hd__a211o_2)
     3    0.01                           _06517_ (net)
                  0.07    0.00    6.65 v _13132_/A1 (sky130_fd_sc_hd__a21o_2)
                  0.06    0.22    6.87 v _13132_/X (sky130_fd_sc_hd__a21o_2)
     2    0.01                           _06658_ (net)
                  0.06    0.01    6.88 v _13133_/B (sky130_fd_sc_hd__xor2_2)
                  0.28    0.26    7.15 ^ _13133_/X (sky130_fd_sc_hd__xor2_2)
     4    0.02                           _06659_ (net)
                  0.28    0.01    7.16 ^ _13134_/B (sky130_fd_sc_hd__xor2_2)
                  0.13    0.17    7.33 v _13134_/X (sky130_fd_sc_hd__xor2_2)
     3    0.02                           _06660_ (net)
                  0.13    0.00    7.34 v _13138_/B (sky130_fd_sc_hd__or3_2)
                  0.10    0.53    7.86 v _13138_/X (sky130_fd_sc_hd__or3_2)
     3    0.01                           _06663_ (net)
                  0.10    0.00    7.87 v _13284_/A1 (sky130_fd_sc_hd__a21o_2)
                  0.05    0.23    8.10 v _13284_/X (sky130_fd_sc_hd__a21o_2)
     3    0.01                           _06808_ (net)
                  0.05    0.00    8.10 v _13409_/A (sky130_fd_sc_hd__or4_2)
                  0.11    0.70    8.80 v _13409_/X (sky130_fd_sc_hd__or4_2)
     1    0.00                           _06930_ (net)
                  0.11    0.01    8.81 v _13410_/C1 (sky130_fd_sc_hd__o311ai_2)
                  0.38    0.14    8.94 ^ _13410_/Y (sky130_fd_sc_hd__o311ai_2)
     2    0.01                           _06931_ (net)
                  0.38    0.01    8.95 ^ _13452_/A (sky130_fd_sc_hd__nand2_2)
                  0.09    0.10    9.05 v _13452_/Y (sky130_fd_sc_hd__nand2_2)
     2    0.01                           _06972_ (net)
                  0.09    0.01    9.05 v _13479_/A2 (sky130_fd_sc_hd__a21boi_2)
                  0.17    0.22    9.27 ^ _13479_/Y (sky130_fd_sc_hd__a21boi_2)
     3    0.01                           _06999_ (net)
                  0.17    0.01    9.28 ^ _13498_/A1 (sky130_fd_sc_hd__o21ai_2)
                  0.06    0.10    9.38 v _13498_/Y (sky130_fd_sc_hd__o21ai_2)
     3    0.01                           _07017_ (net)
                  0.06    0.00    9.38 v _13518_/B2 (sky130_fd_sc_hd__o221a_2)
                  0.07    0.26    9.64 v _13518_/X (sky130_fd_sc_hd__o221a_2)
     1    0.01                           _07035_ (net)
                  0.07    0.02    9.66 v _13527_/A (sky130_fd_sc_hd__xor2_2)
                  0.07    0.18    9.84 v _13527_/X (sky130_fd_sc_hd__xor2_2)
     1    0.00                           _00453_ (net)
                  0.07    0.00    9.84 v _15642_/D (sky130_fd_sc_hd__dfrtp_2)
                                  9.84   data arrival time

                  0.15   25.00   25.00   clock clk (rise edge)
                          0.00   25.00   clock network delay (ideal)
                         -0.20   24.80   clock uncertainty
                          0.00   24.80   clock reconvergence pessimism
                                 24.80 ^ _15642_/CLK (sky130_fd_sc_hd__dfrtp_2)
                         -0.10   24.70   library setup time
                                 24.70   data required time
-----------------------------------------------------------------------------
                                 24.70   data required time
                                 -9.84   data arrival time
-----------------------------------------------------------------------------
                                 14.86   slack (MET)


Startpoint: _15039_ (rising edge-triggered flip-flop clocked by clk)
Endpoint: _15708_ (rising edge-triggered flip-flop clocked by clk)
Path Group: clk
Path Type: max

Fanout     Cap    Slew   Delay    Time   Description
-----------------------------------------------------------------------------
                  0.15    0.00    0.00   clock clk (rise edge)
                          0.00    0.00   clock network delay (ideal)
                  0.15    0.00    0.00 ^ _15039_/CLK (sky130_fd_sc_hd__dfrtp_2)
                  0.04    0.38    0.38 ^ _15039_/Q (sky130_fd_sc_hd__dfrtp_2)
     1    0.00                           stg3_i_7[3] (net)
                  0.04    0.00    0.39 ^ _08355_/A (sky130_fd_sc_hd__buf_1)
                  1.03    0.80    1.19 ^ _08355_/X (sky130_fd_sc_hd__buf_1)
    20    0.09                           _02561_ (net)
                  1.03    0.01    1.20 ^ _08393_/A (sky130_fd_sc_hd__xor2_2)
                  0.20    0.25    1.44 v _08393_/X (sky130_fd_sc_hd__xor2_2)
     4    0.02                           _02599_ (net)
                  0.20    0.00    1.45 v _08396_/C (sky130_fd_sc_hd__and3_2)
                  0.07    0.33    1.77 v _08396_/X (sky130_fd_sc_hd__and3_2)
     4    0.02                           _02602_ (net)
                  0.07    0.00    1.78 v _08399_/A (sky130_fd_sc_hd__or3b_2)
                  0.12    0.56    2.34 v _08399_/X (sky130_fd_sc_hd__or3b_2)
     3    0.02                           _02605_ (net)
                  0.12    0.01    2.35 v _08400_/B (sky130_fd_sc_hd__xor2_2)
                  0.09    0.19    2.54 v _08400_/X (sky130_fd_sc_hd__xor2_2)
     2    0.01                           _02606_ (net)
                  0.09    0.00    2.54 v _08402_/A3 (sky130_fd_sc_hd__a31o_2)
                  0.06    0.29    2.84 v _08402_/X (sky130_fd_sc_hd__a31o_2)
     2    0.01                           _02608_ (net)
                  0.06    0.01    2.85 v _08405_/A (sky130_fd_sc_hd__xnor2_2)
                  0.19    0.22    3.07 ^ _08405_/Y (sky130_fd_sc_hd__xnor2_2)
     2    0.01                           _02611_ (net)
                  0.19    0.01    3.08 ^ _08441_/B (sky130_fd_sc_hd__xnor2_2)
                  0.09    0.12    3.20 v _08441_/Y (sky130_fd_sc_hd__xnor2_2)
     3    0.01                           _02647_ (net)
                  0.09    0.00    3.20 v _08442_/C (sky130_fd_sc_hd__or3_2)
                  0.10    0.47    3.67 v _08442_/X (sky130_fd_sc_hd__or3_2)
     1    0.01                           _02648_ (net)
                  0.10    0.02    3.69 v _08444_/A (sky130_fd_sc_hd__xnor2_2)
                  0.23    0.26    3.95 ^ _08444_/Y (sky130_fd_sc_hd__xnor2_2)
     2    0.01                           _02650_ (net)
                  0.23    0.01    3.96 ^ _08467_/A1 (sky130_fd_sc_hd__a21oi_2)
                  0.08    0.11    4.06 v _08467_/Y (sky130_fd_sc_hd__a21oi_2)
     2    0.01                           _02673_ (net)
                  0.08    0.00    4.07 v _08669_/B (sky130_fd_sc_hd__or2_2)
                  0.06    0.30    4.37 v _08669_/X (sky130_fd_sc_hd__or2_2)
     1    0.00                           _02875_ (net)
                  0.06    0.01    4.38 v _08670_/B1 (sky130_fd_sc_hd__o21ai_2)
                  0.19    0.10    4.48 ^ _08670_/Y (sky130_fd_sc_hd__o21ai_2)
     3    0.01                           _02876_ (net)
                  0.19    0.00    4.48 ^ _12732_/A2 (sky130_fd_sc_hd__a211o_2)
                  0.09    0.22    4.70 ^ _12732_/X (sky130_fd_sc_hd__a211o_2)
     5    0.02                           _06263_ (net)
                  0.09    0.00    4.70 ^ _12879_/C_N (sky130_fd_sc_hd__or4bb_2)
                  0.11    0.67    5.36 v _12879_/X (sky130_fd_sc_hd__or4bb_2)
     2    0.01                           _06408_ (net)
                  0.11    0.00    5.37 v _12908_/A1 (sky130_fd_sc_hd__a21o_2)
                  0.09    0.28    5.65 v _12908_/X (sky130_fd_sc_hd__a21o_2)
     8    0.03                           _06437_ (net)
                  0.09    0.00    5.65 v _12985_/B (sky130_fd_sc_hd__and3b_2)
                  0.05    0.23    5.88 v _12985_/X (sky130_fd_sc_hd__and3b_2)
     3    0.01                           _06512_ (net)
                  0.05    0.00    5.88 v _13688_/B (sky130_fd_sc_hd__or3b_2)
                  0.10    0.50    6.38 v _13688_/X (sky130_fd_sc_hd__or3b_2)
     2    0.01                           _07167_ (net)
                  0.11    0.01    6.39 v _13689_/B (sky130_fd_sc_hd__xnor2_2)
                  0.11    0.19    6.58 v _13689_/Y (sky130_fd_sc_hd__xnor2_2)
     3    0.02                           _07168_ (net)
                  0.11    0.00    6.58 v _13711_/C1 (sky130_fd_sc_hd__a211o_2)
                  0.07    0.32    6.91 v _13711_/X (sky130_fd_sc_hd__a211o_2)
     3    0.01                           _07188_ (net)
                  0.07    0.00    6.91 v _13734_/A2 (sky130_fd_sc_hd__a211o_2)
                  0.07    0.38    7.29 v _13734_/X (sky130_fd_sc_hd__a211o_2)
     4    0.01                           _07209_ (net)
                  0.07    0.00    7.29 v _13745_/A1 (sky130_fd_sc_hd__a21o_2)
                  0.04    0.21    7.51 v _13745_/X (sky130_fd_sc_hd__a21o_2)
     2    0.01                           _07219_ (net)
                  0.05    0.00    7.51 v _13749_/A2 (sky130_fd_sc_hd__a21o_2)
                  0.06    0.24    7.75 v _13749_/X (sky130_fd_sc_hd__a21o_2)
     4    0.01                           _07223_ (net)
                  0.06    0.00    7.75 v _13751_/C (sky130_fd_sc_hd__and3b_2)
                  0.06    0.25    8.00 v _13751_/X (sky130_fd_sc_hd__and3b_2)
     5    0.01                           _07225_ (net)
                  0.06    0.00    8.00 v _13752_/B (sky130_fd_sc_hd__or2_2)
                  0.05    0.28    8.28 v _13752_/X (sky130_fd_sc_hd__or2_2)
     1    0.00                           _07226_ (net)
                  0.05    0.00    8.29 v _13753_/A (sky130_fd_sc_hd__buf_1)
                  0.15    0.19    8.47 v _13753_/X (sky130_fd_sc_hd__buf_1)
     4    0.02                           _07227_ (net)
                  0.15    0.00    8.48 v _13759_/A3 (sky130_fd_sc_hd__o31a_2)
                  0.08    0.37    8.85 v _13759_/X (sky130_fd_sc_hd__o31a_2)
     3    0.01                           _07232_ (net)
                  0.08    0.00    8.85 v _13780_/A1 (sky130_fd_sc_hd__o31a_2)
                  0.08    0.41    9.25 v _13780_/X (sky130_fd_sc_hd__o31a_2)
     2    0.01                           _07251_ (net)
                  0.08    0.01    9.26 v _13796_/A1 (sky130_fd_sc_hd__o21ai_2)
                  0.17    0.20    9.46 ^ _13796_/Y (sky130_fd_sc_hd__o21ai_2)
     2    0.01                           _07266_ (net)
                  0.17    0.00    9.47 ^ _13800_/A2 (sky130_fd_sc_hd__a21o_2)
                  0.07    0.18    9.64 ^ _13800_/X (sky130_fd_sc_hd__a21o_2)
     1    0.01                           _07269_ (net)
                  0.07    0.02    9.66 ^ _13807_/A (sky130_fd_sc_hd__xnor2_2)
                  0.10    0.11    9.77 ^ _13807_/Y (sky130_fd_sc_hd__xnor2_2)
     1    0.00                           _00486_ (net)
                  0.10    0.00    9.77 ^ _15708_/D (sky130_fd_sc_hd__dfrtp_2)
                                  9.77   data arrival time

                  0.15   25.00   25.00   clock clk (rise edge)
                          0.00   25.00   clock network delay (ideal)
                         -0.20   24.80   clock uncertainty
                          0.00   24.80   clock reconvergence pessimism
                                 24.80 ^ _15708_/CLK (sky130_fd_sc_hd__dfrtp_2)
                         -0.06   24.74   library setup time
                                 24.74   data required time
-----------------------------------------------------------------------------
                                 24.74   data required time
                                 -9.77   data arrival time
-----------------------------------------------------------------------------
                                 14.97   slack (MET)


Startpoint: _15039_ (rising edge-triggered flip-flop clocked by clk)
Endpoint: _15676_ (rising edge-triggered flip-flop clocked by clk)
Path Group: clk
Path Type: max

Fanout     Cap    Slew   Delay    Time   Description
-----------------------------------------------------------------------------
                  0.15    0.00    0.00   clock clk (rise edge)
                          0.00    0.00   clock network delay (ideal)
                  0.15    0.00    0.00 ^ _15039_/CLK (sky130_fd_sc_hd__dfrtp_2)
                  0.04    0.38    0.38 ^ _15039_/Q (sky130_fd_sc_hd__dfrtp_2)
     1    0.00                           stg3_i_7[3] (net)
                  0.04    0.00    0.39 ^ _08355_/A (sky130_fd_sc_hd__buf_1)
                  1.03    0.80    1.19 ^ _08355_/X (sky130_fd_sc_hd__buf_1)
    20    0.09                           _02561_ (net)
                  1.03    0.01    1.20 ^ _08393_/A (sky130_fd_sc_hd__xor2_2)
                  0.20    0.25    1.44 v _08393_/X (sky130_fd_sc_hd__xor2_2)
     4    0.02                           _02599_ (net)
                  0.20    0.00    1.45 v _08396_/C (sky130_fd_sc_hd__and3_2)
                  0.07    0.33    1.77 v _08396_/X (sky130_fd_sc_hd__and3_2)
     4    0.02                           _02602_ (net)
                  0.07    0.00    1.78 v _08399_/A (sky130_fd_sc_hd__or3b_2)
                  0.12    0.56    2.34 v _08399_/X (sky130_fd_sc_hd__or3b_2)
     3    0.02                           _02605_ (net)
                  0.12    0.01    2.35 v _08400_/B (sky130_fd_sc_hd__xor2_2)
                  0.09    0.19    2.54 v _08400_/X (sky130_fd_sc_hd__xor2_2)
     2    0.01                           _02606_ (net)
                  0.09    0.00    2.54 v _08402_/A3 (sky130_fd_sc_hd__a31o_2)
                  0.06    0.29    2.84 v _08402_/X (sky130_fd_sc_hd__a31o_2)
     2    0.01                           _02608_ (net)
                  0.06    0.01    2.85 v _08405_/A (sky130_fd_sc_hd__xnor2_2)
                  0.19    0.22    3.07 ^ _08405_/Y (sky130_fd_sc_hd__xnor2_2)
     2    0.01                           _02611_ (net)
                  0.19    0.01    3.08 ^ _08441_/B (sky130_fd_sc_hd__xnor2_2)
                  0.09    0.12    3.20 v _08441_/Y (sky130_fd_sc_hd__xnor2_2)
     3    0.01                           _02647_ (net)
                  0.09    0.00    3.20 v _08442_/C (sky130_fd_sc_hd__or3_2)
                  0.10    0.47    3.67 v _08442_/X (sky130_fd_sc_hd__or3_2)
     1    0.01                           _02648_ (net)
                  0.10    0.02    3.69 v _08444_/A (sky130_fd_sc_hd__xnor2_2)
                  0.23    0.26    3.95 ^ _08444_/Y (sky130_fd_sc_hd__xnor2_2)
     2    0.01                           _02650_ (net)
                  0.23    0.01    3.96 ^ _08467_/A1 (sky130_fd_sc_hd__a21oi_2)
                  0.08    0.11    4.06 v _08467_/Y (sky130_fd_sc_hd__a21oi_2)
     2    0.01                           _02673_ (net)
                  0.08    0.00    4.07 v _08669_/B (sky130_fd_sc_hd__or2_2)
                  0.06    0.30    4.37 v _08669_/X (sky130_fd_sc_hd__or2_2)
     1    0.00                           _02875_ (net)
                  0.06    0.01    4.38 v _08670_/B1 (sky130_fd_sc_hd__o21ai_2)
                  0.19    0.10    4.48 ^ _08670_/Y (sky130_fd_sc_hd__o21ai_2)
     3    0.01                           _02876_ (net)
                  0.19    0.00    4.48 ^ _12732_/A2 (sky130_fd_sc_hd__a211o_2)
                  0.09    0.22    4.70 ^ _12732_/X (sky130_fd_sc_hd__a211o_2)
     5    0.02                           _06263_ (net)
                  0.09    0.00    4.70 ^ _12879_/C_N (sky130_fd_sc_hd__or4bb_2)
                  0.11    0.67    5.36 v _12879_/X (sky130_fd_sc_hd__or4bb_2)
     2    0.01                           _06408_ (net)
                  0.11    0.00    5.37 v _12908_/A1 (sky130_fd_sc_hd__a21o_2)
                  0.09    0.28    5.65 v _12908_/X (sky130_fd_sc_hd__a21o_2)
     8    0.03                           _06437_ (net)
                  0.09    0.00    5.65 v _12985_/B (sky130_fd_sc_hd__and3b_2)
                  0.05    0.23    5.88 v _12985_/X (sky130_fd_sc_hd__and3b_2)
     3    0.01                           _06512_ (net)
                  0.05    0.00    5.88 v _13688_/B (sky130_fd_sc_hd__or3b_2)
                  0.10    0.50    6.38 v _13688_/X (sky130_fd_sc_hd__or3b_2)
     2    0.01                           _07167_ (net)
                  0.11    0.01    6.39 v _13689_/B (sky130_fd_sc_hd__xnor2_2)
                  0.11    0.19    6.58 v _13689_/Y (sky130_fd_sc_hd__xnor2_2)
     3    0.02                           _07168_ (net)
                  0.11    0.00    6.58 v _13711_/C1 (sky130_fd_sc_hd__a211o_2)
                  0.07    0.32    6.91 v _13711_/X (sky130_fd_sc_hd__a211o_2)
     3    0.01                           _07188_ (net)
                  0.07    0.00    6.91 v _13734_/A2 (sky130_fd_sc_hd__a211o_2)
                  0.07    0.38    7.29 v _13734_/X (sky130_fd_sc_hd__a211o_2)
     4    0.01                           _07209_ (net)
                  0.07    0.00    7.29 v _13745_/A1 (sky130_fd_sc_hd__a21o_2)
                  0.04    0.21    7.51 v _13745_/X (sky130_fd_sc_hd__a21o_2)
     2    0.01                           _07219_ (net)
                  0.05    0.00    7.51 v _13749_/A2 (sky130_fd_sc_hd__a21o_2)
                  0.06    0.24    7.75 v _13749_/X (sky130_fd_sc_hd__a21o_2)
     4    0.01                           _07223_ (net)
                  0.06    0.00    7.75 v _13751_/C (sky130_fd_sc_hd__and3b_2)
                  0.06    0.25    8.00 v _13751_/X (sky130_fd_sc_hd__and3b_2)
     5    0.01                           _07225_ (net)
                  0.06    0.00    8.00 v _13851_/A2 (sky130_fd_sc_hd__o2111a_2)
                  0.04    0.25    8.26 v _13851_/X (sky130_fd_sc_hd__o2111a_2)
     1    0.00                           _07308_ (net)
                  0.04    0.00    8.26 v _13854_/A3 (sky130_fd_sc_hd__o41a_2)
                  0.09    0.48    8.75 v _13854_/X (sky130_fd_sc_hd__o41a_2)
     3    0.01                           _07311_ (net)
                  0.09    0.00    8.75 v _13861_/A2 (sky130_fd_sc_hd__o21a_2)
                  0.04    0.23    8.98 v _13861_/X (sky130_fd_sc_hd__o21a_2)
     2    0.01                           _07316_ (net)
                  0.04    0.00    8.98 v _13864_/A1 (sky130_fd_sc_hd__o21a_2)
                  0.06    0.24    9.22 v _13864_/X (sky130_fd_sc_hd__o21a_2)
     3    0.01                           _07319_ (net)
                  0.06    0.00    9.22 v _13872_/A3 (sky130_fd_sc_hd__o31a_2)
                  0.07    0.32    9.54 v _13872_/X (sky130_fd_sc_hd__o31a_2)
     1    0.01                           _07325_ (net)
                  0.07    0.01    9.55 v _13873_/B (sky130_fd_sc_hd__xor2_2)
                  0.06    0.15    9.70 v _13873_/X (sky130_fd_sc_hd__xor2_2)
     1    0.00                           _00470_ (net)
                  0.06    0.00    9.70 v _15676_/D (sky130_fd_sc_hd__dfrtp_2)
                                  9.70   data arrival time

                  0.15   25.00   25.00   clock clk (rise edge)
                          0.00   25.00   clock network delay (ideal)
                         -0.20   24.80   clock uncertainty
                          0.00   24.80   clock reconvergence pessimism
                                 24.80 ^ _15676_/CLK (sky130_fd_sc_hd__dfrtp_2)
                         -0.10   24.70   library setup time
                                 24.70   data required time
-----------------------------------------------------------------------------
                                 24.70   data required time
                                 -9.70   data arrival time
-----------------------------------------------------------------------------
                                 15.00   slack (MET)


Startpoint: _15039_ (rising edge-triggered flip-flop clocked by clk)
Endpoint: _15640_ (rising edge-triggered flip-flop clocked by clk)
Path Group: clk
Path Type: max

Fanout     Cap    Slew   Delay    Time   Description
-----------------------------------------------------------------------------
                  0.15    0.00    0.00   clock clk (rise edge)
                          0.00    0.00   clock network delay (ideal)
                  0.15    0.00    0.00 ^ _15039_/CLK (sky130_fd_sc_hd__dfrtp_2)
                  0.04    0.38    0.38 ^ _15039_/Q (sky130_fd_sc_hd__dfrtp_2)
     1    0.00                           stg3_i_7[3] (net)
                  0.04    0.00    0.39 ^ _08355_/A (sky130_fd_sc_hd__buf_1)
                  1.03    0.80    1.19 ^ _08355_/X (sky130_fd_sc_hd__buf_1)
    20    0.09                           _02561_ (net)
                  1.03    0.01    1.20 ^ _08393_/A (sky130_fd_sc_hd__xor2_2)
                  0.20    0.25    1.44 v _08393_/X (sky130_fd_sc_hd__xor2_2)
     4    0.02                           _02599_ (net)
                  0.20    0.00    1.45 v _08396_/C (sky130_fd_sc_hd__and3_2)
                  0.07    0.33    1.77 v _08396_/X (sky130_fd_sc_hd__and3_2)
     4    0.02                           _02602_ (net)
                  0.07    0.00    1.78 v _08399_/A (sky130_fd_sc_hd__or3b_2)
                  0.12    0.56    2.34 v _08399_/X (sky130_fd_sc_hd__or3b_2)
     3    0.02                           _02605_ (net)
                  0.12    0.01    2.35 v _08400_/B (sky130_fd_sc_hd__xor2_2)
                  0.09    0.19    2.54 v _08400_/X (sky130_fd_sc_hd__xor2_2)
     2    0.01                           _02606_ (net)
                  0.09    0.00    2.54 v _08402_/A3 (sky130_fd_sc_hd__a31o_2)
                  0.06    0.29    2.84 v _08402_/X (sky130_fd_sc_hd__a31o_2)
     2    0.01                           _02608_ (net)
                  0.06    0.01    2.85 v _08405_/A (sky130_fd_sc_hd__xnor2_2)
                  0.19    0.22    3.07 ^ _08405_/Y (sky130_fd_sc_hd__xnor2_2)
     2    0.01                           _02611_ (net)
                  0.19    0.01    3.08 ^ _08441_/B (sky130_fd_sc_hd__xnor2_2)
                  0.09    0.12    3.20 v _08441_/Y (sky130_fd_sc_hd__xnor2_2)
     3    0.01                           _02647_ (net)
                  0.09    0.00    3.20 v _08442_/C (sky130_fd_sc_hd__or3_2)
                  0.10    0.47    3.67 v _08442_/X (sky130_fd_sc_hd__or3_2)
     1    0.01                           _02648_ (net)
                  0.10    0.02    3.69 v _08444_/A (sky130_fd_sc_hd__xnor2_2)
                  0.23    0.26    3.95 ^ _08444_/Y (sky130_fd_sc_hd__xnor2_2)
     2    0.01                           _02650_ (net)
                  0.23    0.01    3.96 ^ _08467_/A1 (sky130_fd_sc_hd__a21oi_2)
                  0.08    0.11    4.06 v _08467_/Y (sky130_fd_sc_hd__a21oi_2)
     2    0.01                           _02673_ (net)
                  0.08    0.00    4.07 v _08669_/B (sky130_fd_sc_hd__or2_2)
                  0.06    0.30    4.37 v _08669_/X (sky130_fd_sc_hd__or2_2)
     1    0.00                           _02875_ (net)
                  0.06    0.01    4.38 v _08670_/B1 (sky130_fd_sc_hd__o21ai_2)
                  0.19    0.10    4.48 ^ _08670_/Y (sky130_fd_sc_hd__o21ai_2)
     3    0.01                           _02876_ (net)
                  0.19    0.00    4.48 ^ _12732_/A2 (sky130_fd_sc_hd__a211o_2)
                  0.09    0.22    4.70 ^ _12732_/X (sky130_fd_sc_hd__a211o_2)
     5    0.02                           _06263_ (net)
                  0.09    0.00    4.70 ^ _12879_/C_N (sky130_fd_sc_hd__or4bb_2)
                  0.11    0.67    5.36 v _12879_/X (sky130_fd_sc_hd__or4bb_2)
     2    0.01                           _06408_ (net)
                  0.11    0.00    5.37 v _12908_/A1 (sky130_fd_sc_hd__a21o_2)
                  0.09    0.28    5.65 v _12908_/X (sky130_fd_sc_hd__a21o_2)
     8    0.03                           _06437_ (net)
                  0.09    0.00    5.65 v _12985_/B (sky130_fd_sc_hd__and3b_2)
                  0.05    0.23    5.88 v _12985_/X (sky130_fd_sc_hd__and3b_2)
     3    0.01                           _06512_ (net)
                  0.05    0.00    5.88 v _12987_/A2 (sky130_fd_sc_hd__o311a_2)
                  0.05    0.38    6.26 v _12987_/X (sky130_fd_sc_hd__o311a_2)
     1    0.00                           _06514_ (net)
                  0.05    0.00    6.27 v _12990_/A2 (sky130_fd_sc_hd__a211o_2)
                  0.07    0.38    6.65 v _12990_/X (sky130_fd_sc_hd__a211o_2)
     3    0.01                           _06517_ (net)
                  0.07    0.00    6.65 v _13132_/A1 (sky130_fd_sc_hd__a21o_2)
                  0.06    0.22    6.87 v _13132_/X (sky130_fd_sc_hd__a21o_2)
     2    0.01                           _06658_ (net)
                  0.06    0.01    6.88 v _13133_/B (sky130_fd_sc_hd__xor2_2)
                  0.28    0.26    7.15 ^ _13133_/X (sky130_fd_sc_hd__xor2_2)
     4    0.02                           _06659_ (net)
                  0.28    0.01    7.16 ^ _13134_/B (sky130_fd_sc_hd__xor2_2)
                  0.13    0.17    7.33 v _13134_/X (sky130_fd_sc_hd__xor2_2)
     3    0.02                           _06660_ (net)
                  0.13    0.00    7.34 v _13138_/B (sky130_fd_sc_hd__or3_2)
                  0.10    0.53    7.86 v _13138_/X (sky130_fd_sc_hd__or3_2)
     3    0.01                           _06663_ (net)
                  0.10    0.00    7.87 v _13284_/A1 (sky130_fd_sc_hd__a21o_2)
                  0.05    0.23    8.10 v _13284_/X (sky130_fd_sc_hd__a21o_2)
     3    0.01                           _06808_ (net)
                  0.05    0.00    8.10 v _13409_/A (sky130_fd_sc_hd__or4_2)
                  0.11    0.70    8.80 v _13409_/X (sky130_fd_sc_hd__or4_2)
     1    0.00                           _06930_ (net)
                  0.11    0.01    8.81 v _13410_/C1 (sky130_fd_sc_hd__o311ai_2)
                  0.38    0.14    8.94 ^ _13410_/Y (sky130_fd_sc_hd__o311ai_2)
     2    0.01                           _06931_ (net)
                  0.38    0.01    8.95 ^ _13452_/A (sky130_fd_sc_hd__nand2_2)
                  0.09    0.10    9.05 v _13452_/Y (sky130_fd_sc_hd__nand2_2)
     2    0.01                           _06972_ (net)
                  0.09    0.01    9.05 v _13479_/A2 (sky130_fd_sc_hd__a21boi_2)
                  0.17    0.22    9.27 ^ _13479_/Y (sky130_fd_sc_hd__a21boi_2)
     3    0.01                           _06999_ (net)
                  0.17    0.01    9.28 ^ _13498_/A1 (sky130_fd_sc_hd__o21ai_2)
                  0.06    0.10    9.38 v _13498_/Y (sky130_fd_sc_hd__o21ai_2)
     3    0.01                           _07017_ (net)
                  0.06    0.00    9.38 v _13500_/A (sky130_fd_sc_hd__and2_2)
                  0.04    0.17    9.56 v _13500_/X (sky130_fd_sc_hd__and2_2)
     1    0.00                           _07019_ (net)
                  0.04    0.00    9.56 v _13501_/A (sky130_fd_sc_hd__buf_1)
                  0.03    0.08    9.65 v _13501_/X (sky130_fd_sc_hd__buf_1)
     1    0.00                           _00451_ (net)
                  0.03    0.00    9.65 v _15640_/D (sky130_fd_sc_hd__dfrtp_2)
                                  9.65   data arrival time

                  0.15   25.00   25.00   clock clk (rise edge)
                          0.00   25.00   clock network delay (ideal)
                         -0.20   24.80   clock uncertainty
                          0.00   24.80   clock reconvergence pessimism
                                 24.80 ^ _15640_/CLK (sky130_fd_sc_hd__dfrtp_2)
                         -0.08   24.72   library setup time
                                 24.72   data required time
-----------------------------------------------------------------------------
                                 24.72   data required time
                                 -9.65   data arrival time
-----------------------------------------------------------------------------
                                 15.07   slack (MET)


Startpoint: _15039_ (rising edge-triggered flip-flop clocked by clk)
Endpoint: _15707_ (rising edge-triggered flip-flop clocked by clk)
Path Group: clk
Path Type: max

Fanout     Cap    Slew   Delay    Time   Description
-----------------------------------------------------------------------------
                  0.15    0.00    0.00   clock clk (rise edge)
                          0.00    0.00   clock network delay (ideal)
                  0.15    0.00    0.00 ^ _15039_/CLK (sky130_fd_sc_hd__dfrtp_2)
                  0.04    0.38    0.38 ^ _15039_/Q (sky130_fd_sc_hd__dfrtp_2)
     1    0.00                           stg3_i_7[3] (net)
                  0.04    0.00    0.39 ^ _08355_/A (sky130_fd_sc_hd__buf_1)
                  1.03    0.80    1.19 ^ _08355_/X (sky130_fd_sc_hd__buf_1)
    20    0.09                           _02561_ (net)
                  1.03    0.01    1.20 ^ _08393_/A (sky130_fd_sc_hd__xor2_2)
                  0.20    0.25    1.44 v _08393_/X (sky130_fd_sc_hd__xor2_2)
     4    0.02                           _02599_ (net)
                  0.20    0.00    1.45 v _08396_/C (sky130_fd_sc_hd__and3_2)
                  0.07    0.33    1.77 v _08396_/X (sky130_fd_sc_hd__and3_2)
     4    0.02                           _02602_ (net)
                  0.07    0.00    1.78 v _08399_/A (sky130_fd_sc_hd__or3b_2)
                  0.12    0.56    2.34 v _08399_/X (sky130_fd_sc_hd__or3b_2)
     3    0.02                           _02605_ (net)
                  0.12    0.01    2.35 v _08400_/B (sky130_fd_sc_hd__xor2_2)
                  0.09    0.19    2.54 v _08400_/X (sky130_fd_sc_hd__xor2_2)
     2    0.01                           _02606_ (net)
                  0.09    0.00    2.54 v _08402_/A3 (sky130_fd_sc_hd__a31o_2)
                  0.06    0.29    2.84 v _08402_/X (sky130_fd_sc_hd__a31o_2)
     2    0.01                           _02608_ (net)
                  0.06    0.01    2.85 v _08405_/A (sky130_fd_sc_hd__xnor2_2)
                  0.19    0.22    3.07 ^ _08405_/Y (sky130_fd_sc_hd__xnor2_2)
     2    0.01                           _02611_ (net)
                  0.19    0.01    3.08 ^ _08441_/B (sky130_fd_sc_hd__xnor2_2)
                  0.09    0.12    3.20 v _08441_/Y (sky130_fd_sc_hd__xnor2_2)
     3    0.01                           _02647_ (net)
                  0.09    0.00    3.20 v _08442_/C (sky130_fd_sc_hd__or3_2)
                  0.10    0.47    3.67 v _08442_/X (sky130_fd_sc_hd__or3_2)
     1    0.01                           _02648_ (net)
                  0.10    0.02    3.69 v _08444_/A (sky130_fd_sc_hd__xnor2_2)
                  0.23    0.26    3.95 ^ _08444_/Y (sky130_fd_sc_hd__xnor2_2)
     2    0.01                           _02650_ (net)
                  0.23    0.01    3.96 ^ _08467_/A1 (sky130_fd_sc_hd__a21oi_2)
                  0.08    0.11    4.06 v _08467_/Y (sky130_fd_sc_hd__a21oi_2)
     2    0.01                           _02673_ (net)
                  0.08    0.00    4.07 v _08669_/B (sky130_fd_sc_hd__or2_2)
                  0.06    0.30    4.37 v _08669_/X (sky130_fd_sc_hd__or2_2)
     1    0.00                           _02875_ (net)
                  0.06    0.01    4.38 v _08670_/B1 (sky130_fd_sc_hd__o21ai_2)
                  0.19    0.10    4.48 ^ _08670_/Y (sky130_fd_sc_hd__o21ai_2)
     3    0.01                           _02876_ (net)
                  0.19    0.00    4.48 ^ _12732_/A2 (sky130_fd_sc_hd__a211o_2)
                  0.09    0.22    4.70 ^ _12732_/X (sky130_fd_sc_hd__a211o_2)
     5    0.02                           _06263_ (net)
                  0.09    0.00    4.70 ^ _12879_/C_N (sky130_fd_sc_hd__or4bb_2)
                  0.11    0.67    5.36 v _12879_/X (sky130_fd_sc_hd__or4bb_2)
     2    0.01                           _06408_ (net)
                  0.11    0.00    5.37 v _12908_/A1 (sky130_fd_sc_hd__a21o_2)
                  0.09    0.28    5.65 v _12908_/X (sky130_fd_sc_hd__a21o_2)
     8    0.03                           _06437_ (net)
                  0.09    0.00    5.65 v _12985_/B (sky130_fd_sc_hd__and3b_2)
                  0.05    0.23    5.88 v _12985_/X (sky130_fd_sc_hd__and3b_2)
     3    0.01                           _06512_ (net)
                  0.05    0.00    5.88 v _13688_/B (sky130_fd_sc_hd__or3b_2)
                  0.10    0.50    6.38 v _13688_/X (sky130_fd_sc_hd__or3b_2)
     2    0.01                           _07167_ (net)
                  0.11    0.01    6.39 v _13689_/B (sky130_fd_sc_hd__xnor2_2)
                  0.11    0.19    6.58 v _13689_/Y (sky130_fd_sc_hd__xnor2_2)
     3    0.02                           _07168_ (net)
                  0.11    0.00    6.58 v _13711_/C1 (sky130_fd_sc_hd__a211o_2)
                  0.07    0.32    6.91 v _13711_/X (sky130_fd_sc_hd__a211o_2)
     3    0.01                           _07188_ (net)
                  0.07    0.00    6.91 v _13734_/A2 (sky130_fd_sc_hd__a211o_2)
                  0.07    0.38    7.29 v _13734_/X (sky130_fd_sc_hd__a211o_2)
     4    0.01                           _07209_ (net)
                  0.07    0.00    7.29 v _13745_/A1 (sky130_fd_sc_hd__a21o_2)
                  0.04    0.21    7.51 v _13745_/X (sky130_fd_sc_hd__a21o_2)
     2    0.01                           _07219_ (net)
                  0.05    0.00    7.51 v _13749_/A2 (sky130_fd_sc_hd__a21o_2)
                  0.06    0.24    7.75 v _13749_/X (sky130_fd_sc_hd__a21o_2)
     4    0.01                           _07223_ (net)
                  0.06    0.00    7.75 v _13751_/C (sky130_fd_sc_hd__and3b_2)
                  0.06    0.25    8.00 v _13751_/X (sky130_fd_sc_hd__and3b_2)
     5    0.01                           _07225_ (net)
                  0.06    0.00    8.00 v _13752_/B (sky130_fd_sc_hd__or2_2)
                  0.05    0.28    8.28 v _13752_/X (sky130_fd_sc_hd__or2_2)
     1    0.00                           _07226_ (net)
                  0.05    0.00    8.29 v _13753_/A (sky130_fd_sc_hd__buf_1)
                  0.15    0.19    8.47 v _13753_/X (sky130_fd_sc_hd__buf_1)
     4    0.02                           _07227_ (net)
                  0.15    0.00    8.48 v _13759_/A3 (sky130_fd_sc_hd__o31a_2)
                  0.08    0.37    8.85 v _13759_/X (sky130_fd_sc_hd__o31a_2)
     3    0.01                           _07232_ (net)
                  0.08    0.00    8.85 v _13780_/A1 (sky130_fd_sc_hd__o31a_2)
                  0.08    0.41    9.25 v _13780_/X (sky130_fd_sc_hd__o31a_2)
     2    0.01                           _07251_ (net)
                  0.08    0.01    9.26 v _13796_/A1 (sky130_fd_sc_hd__o21ai_2)
                  0.17    0.20    9.46 ^ _13796_/Y (sky130_fd_sc_hd__o21ai_2)
     2    0.01                           _07266_ (net)
                  0.17    0.01    9.47 ^ _13797_/B (sky130_fd_sc_hd__xnor2_2)
                  0.10    0.13    9.60 ^ _13797_/Y (sky130_fd_sc_hd__xnor2_2)
     1    0.00                           _00485_ (net)
                  0.10    0.00    9.60 ^ _15707_/D (sky130_fd_sc_hd__dfrtp_2)
                                  9.60   data arrival time

                  0.15   25.00   25.00   clock clk (rise edge)
                          0.00   25.00   clock network delay (ideal)
                         -0.20   24.80   clock uncertainty
                          0.00   24.80   clock reconvergence pessimism
                                 24.80 ^ _15707_/CLK (sky130_fd_sc_hd__dfrtp_2)
                         -0.06   24.74   library setup time
                                 24.74   data required time
-----------------------------------------------------------------------------
                                 24.74   data required time
                                 -9.60   data arrival time
-----------------------------------------------------------------------------
                                 15.14   slack (MET)


